#
# A fatal error has been detected by the Java Runtime Environment:
#
#  SIGSEGV (0xb) at pc=0x00007feed808136d, pid=3240, tid=3273
#
# JRE version: OpenJDK Runtime Environment (11.0.11+9) (build 11.0.11+9-Ubuntu-0ubuntu2.20.04)
# Java VM: OpenJDK 64-Bit Server VM (11.0.11+9-Ubuntu-0ubuntu2.20.04, mixed mode, sharing, tiered, compressed oops, g1 gc, linux-amd64)
# Problematic frame:
# V  [libjvm.so+0x8cc36d]
#
# Core dump will be written. Default location: Core dumps may be processed with "/usr/share/apport/apport %p %s %c %d %P %E" (or dumping to /home/junior/Desktop/Arquitetura_baseada_em_microsserviços_usando_Spring/product-catalog/core.3240)
#
# If you would like to submit a bug report, please visit:
#   https://bugs.launchpad.net/ubuntu/+source/openjdk-lts
#

---------------  S U M M A R Y ------------

Command Line: -Dsts.lsp.client=vscode -Dsts.log.file=/dev/null -XX:TieredStopAtLevel=1 -Dspring.config.location=file:/home/junior/.vscode/extensions/pivotal.vscode-spring-boot-1.27.0/language-server/BOOT-INF/classes/application.properties org.springframework.ide.vscode.boot.app.BootLanguageServerBootApp

Host: Intel(R) Core(TM) i5 CPU       M 480  @ 2.67GHz, 4 cores, 7G, Ubuntu 20.04.3 LTS
Time: Mon Sep  6 15:39:12 2021 -03 elapsed time: 860.787373 seconds (0d 0h 14m 20s)

---------------  T H R E A D  ---------------

Current thread (0x00007fee74087000):  JavaThread "pool-5-thread-1" [_thread_in_vm, id=3273, stack(0x00007feea1e83000,0x00007feea1f84000)]

Stack: [0x00007feea1e83000,0x00007feea1f84000],  sp=0x00007feea1f80eb0,  free space=1015k
Native frames: (J=compiled Java code, A=aot compiled Java code, j=interpreted, Vv=VM code, C=native code)
V  [libjvm.so+0x8cc36d]
J 436  java.lang.Class.isAssignableFrom(Ljava/lang/Class;)Z java.base@11.0.11 (0 bytes) @ 0x00007feeb8fade8c [0x00007feeb8faddc0+0x00000000000000cc]
j  org.eclipse.lsp4j.jsonrpc.json.adapters.TypeUtils.isTwoTuple(Ljava/lang/reflect/Type;)Z+33
[error occurred during error reporting (printing native stack), id 0x7, SIGBUS (0x7) at pc=0x00007feed8b34101]

Java frames: (J=compiled Java code, j=interpreted, Vv=VM code)
J 436  java.lang.Class.isAssignableFrom(Ljava/lang/Class;)Z java.base@11.0.11 (0 bytes) @ 0x00007feeb8fade1c [0x00007feeb8faddc0+0x000000000000005c]
j  org.eclipse.lsp4j.jsonrpc.json.adapters.TypeUtils.isTwoTuple(Ljava/lang/reflect/Type;)Z+33
[error occurred during error reporting (printing Java stack), id 0x7, SIGBUS (0x7) at pc=0x00007feed8b34101]


siginfo: si_signo: 11 (SIGSEGV), si_code: 1 (SEGV_MAPERR), si_addr: 0x00000008a82f6500

Register to memory mapping:

RAX=0x00007fee680000f0 points into unknown readable memory: 0x00007fee680000e0 | e0 00 00 68 ee 7f 00 00
RBX={method} {0x000000080035db70} 'isAssignableFrom' '(Ljava/lang/Class;)Z' in 'java/lang/Class'
RCX=0x00007fee680000b0 points into unknown readable memory: 0x00007fee680000a0 | a0 00 00 68 ee 7f 00 00
RDX=0x00000000680000f0 is an unknown value
RSP=0x00007feea1f80eb0 is pointing into the stack for thread: 0x00007fee74087000
RBP=0x00007feea1f80ed0 is pointing into the stack for thread: 0x00007fee74087000
RSI=0x00007fee680000f0 points into unknown readable memory: 0x00007fee680000e0 | e0 00 00 68 ee 7f 00 00
RDI=0x00007fee680000b0 points into unknown readable memory: 0x00007fee680000a0 | a0 00 00 68 ee 7f 00 00
R8 =0x00007feea1f80ee0 is pointing into the stack for thread: 0x00007fee74087000
R9 =0x00007fee68001170 points into unknown readable memory: 0x000000080010b060 | 60 b0 10 00 08 00 00 00
R10=0x00007feeb8fade1c is at entry_point+92 in (nmethod*)0x00007feeb8fadc10
R11=0x00007feeb8fadde8 is at entry_point+40 in (nmethod*)0x00007feeb8fadc10
R12=0x00007fee680000b0 points into unknown readable memory: 0x00007fee680000a0 | a0 00 00 68 ee 7f 00 00
R13=0x00000008402f6410 is a pointer to class: 
org.eclipse.lsp4j.UnregistrationParams {0x00000008402f6410}
R14=0x00007feea1f80fa8 is pointing into the stack for thread: 0x00007fee74087000
R15=0x00007fee74087000 is a thread


Registers:
RAX=0x00007fee680000f0, RBX=0x000000080035db70, RCX=0x00007fee680000b0, RDX=0x00000000680000f0
RSP=0x00007feea1f80eb0, RBP=0x00007feea1f80ed0, RSI=0x00007fee680000f0, RDI=0x00007fee680000b0
R8 =0x00007feea1f80ee0, R9 =0x00007fee68001170, R10=0x00007feeb8fade1c, R11=0x00007feeb8fadde8
R12=0x00007fee680000b0, R13=0x00000008402f6410, R14=0x00007feea1f80fa8, R15=0x00007fee74087000
RIP=0x00007feed808136d, EFLAGS=0x0000000000010246, CSGSFS=0x002b000000000033, ERR=0x0000000000000004
  TRAPNO=0x000000000000000e

Top of Stack: (sp=0x00007feea1f80eb0)
0x00007feea1f80eb0:   00007feeb8880810 00007fee74087000
0x00007feea1f80ec0:   0000000000000000 00007feea1f80f40
0x00007feea1f80ed0:   00007feea1f80f20 00007feeb8fade8c
0x00007feea1f80ee0:   00007fee680000b0 0000000087e49030 

Instructions: (pc=0x00007feed808136d)
0x00007feed808126d:   0f 1f 00 4c 89 ef ff 15 a7 f6 94 00 49 89 c5 e9
0x00007feed808127d:   31 ff ff ff 0f 1f 80 00 00 00 00 4c 89 e7 45 31
0x00007feed808128d:   e4 e8 3d bc 54 00 e9 da fe ff ff 0f 1f 84 00 00
0x00007feed808129d:   00 00 00 f3 0f 1e fa 55 48 81 ef 48 03 00 00 48
0x00007feed80812ad:   89 e5 41 55 49 89 f5 41 54 49 89 d4 48 83 ec 10
0x00007feed80812bd:   8b 87 d8 03 00 00 2d ab de 00 00 83 f8 01 0f 87
0x00007feed80812cd:   d7 00 00 00 48 89 7d e8 e8 d6 a7 ff ff 41 f6 c5
0x00007feed80812dd:   01 0f 84 ac 00 00 00 49 8d 7d ff ff 15 2a f6 94
0x00007feed80812ed:   00 49 89 c5 41 f6 c4 01 74 39 49 8d 7c 24 ff ff
0x00007feed80812fd:   15 16 f6 94 00 4c 89 ef 49 89 c4 e8 63 16 f9 ff
0x00007feed808130d:   84 c0 74 37 4d 39 ec 41 0f 94 c4 48 8d 7d e8 e8
0x00007feed808131d:   6f 7d 01 00 48 83 c4 10 44 89 e0 41 5c 41 5d 5d
0x00007feed808132d:   c3 66 90 4c 89 e7 ff 15 e7 f5 94 00 4c 89 ef 49
0x00007feed808133d:   89 c4 e8 2c 16 f9 ff 84 c0 75 c9 4c 89 e7 e8 20
0x00007feed808134d:   16 f9 ff 84 c0 75 bd 4c 89 ef e8 d4 12 f9 ff 4c
0x00007feed808135d:   89 e7 49 89 c5 e8 c9 12 f9 ff 8b 50 10 48 89 c6
0x00007feed808136d:   49 3b 44 15 00 74 44 45 31 e4 83 fa 20 75 9c 4c
0x00007feed808137d:   89 ef e8 0c 96 14 00 41 89 c4 eb 8f 0f 1f 80 00
0x00007feed808138d:   00 00 00 4c 89 ef ff 15 87 f5 94 00 49 89 c5 e9
0x00007feed808139d:   50 ff ff ff 0f 1f 80 00 00 00 00 e8 23 bb 54 00
0x00007feed80813ad:   31 ff e9 1d ff ff ff 0f 1f 40 00 41 bc 01 00 00
0x00007feed80813bd:   00 e9 55 ff ff ff 66 66 2e 0f 1f 84 00 00 00 00
0x00007feed80813cd:   00 66 90 f3 0f 1e fa 55 48 89 e5 41 56 41 55 49
0x00007feed80813dd:   89 f5 41 54 4c 8d a7 b8 fc ff ff 53 48 89 d3 48
0x00007feed80813ed:   83 ec 40 41 8b 84 24 d8 03 00 00 2d ab de 00 00
0x00007feed80813fd:   83 f8 01 0f 87 32 01 00 00 4c 89 e7 4c 89 65 a8
0x00007feed808140d:   e8 9e a6 ff ff 49 83 7c 24 08 00 4c 89 65 c0 48
0x00007feed808141d:   c7 45 c8 00 00 00 00 74 09 48 8d 7d c0 e8 e1 dc
0x00007feed808142d:   36 00 41 f6 c5 01 0f 84 e7 00 00 00 49 8d 7d ff
0x00007feed808143d:   ff 15 d5 f4 94 00 48 89 c7 e8 e5 11 f9 ff 48 89
0x00007feed808144d:   c7 49 89 c5 4c 8b 70 18 e8 46 9f 14 00 4c 89 e6
0x00007feed808145d:   48 8d 7d b0 48 89 c2 e8 17 7b b3 ff 49 8b 45 00 


Stack slot to memory mapping:
stack at sp + 0 slots: 0x00007feeb8880810 is at code_begin+-112 in 
[CodeBlob (0x00007feeb8880810)]
Framesize: 0
BufferBlob (0x00007feeb8880810) used for Interpreter
stack at sp + 1 slots: 0x00007fee74087000 is a thread
stack at sp + 2 slots: 0x0 is NULL
stack at sp + 3 slots: 0x00007feea1f80f40 is pointing into the stack for thread: 0x00007fee74087000
stack at sp + 4 slots: 0x00007feea1f80f20 is pointing into the stack for thread: 0x00007fee74087000
stack at sp + 5 slots: 0x00007feeb8fade8c is at entry_point+204 in (nmethod*)0x00007feeb8fadc10
stack at sp + 6 slots: 0x00007fee680000b0 points into unknown readable memory: 0x00007fee680000a0 | a0 00 00 68 ee 7f 00 00
stack at sp + 7 slots: 0x0000000087e49030 points into unknown readable memory: 0x0000005366ecad11 | 11 ad ec 66 53 00 00 00


---------------  P R O C E S S  ---------------

Threads class SMR info:
_java_thread_list=0x00007fee4c0297a0, length=16, elements={
0x00007feed010e800, 0x00007feed0110800, 0x00007feed0117800, 0x00007feed0119800,
0x00007feed011b800, 0x00007feed011d800, 0x00007feed0180800, 0x00007feed0afc800,
0x00007feed0018800, 0x00007fee74087000, 0x00007fee68057000, 0x00007fee68073000,
0x00007fee6807b000, 0x00007fee68009800, 0x00007fee68015800, 0x00007fee6801e800
}

Java Threads: ( => current thread )
  0x00007feed010e800 JavaThread "Reference Handler" daemon [_thread_blocked, id=3248, stack(0x00007feeb00a7000,0x00007feeb01a8000)]
  0x00007feed0110800 JavaThread "Finalizer" daemon [_thread_blocked, id=3249, stack(0x00007feea36ff000,0x00007feea3800000)]
  0x00007feed0117800 JavaThread "Signal Dispatcher" daemon [_thread_blocked, id=3250, stack(0x00007feea308d000,0x00007feea318e000)]
  0x00007feed0119800 JavaThread "Service Thread" daemon [_thread_blocked, id=3251, stack(0x00007feea2f8c000,0x00007feea308d000)]
  0x00007feed011b800 JavaThread "C1 CompilerThread0" daemon [_thread_blocked, id=3252, stack(0x00007feea2e8b000,0x00007feea2f8c000)]
  0x00007feed011d800 JavaThread "Sweeper thread" daemon [_thread_blocked, id=3253, stack(0x00007feea2d8a000,0x00007feea2e8b000)]
  0x00007feed0180800 JavaThread "Common-Cleaner" daemon [_thread_blocked, id=3255, stack(0x00007feea2b87000,0x00007feea2c88000)]
  0x00007feed0afc800 JavaThread "LanguageServerApp-lifecycle" [_thread_blocked, id=3272, stack(0x00007feea2784000,0x00007feea2885000)]
  0x00007feed0018800 JavaThread "DestroyJavaVM" [_thread_blocked, id=3241, stack(0x00007feed7368000,0x00007feed7469000)]
=>0x00007fee74087000 JavaThread "pool-5-thread-1" [_thread_in_vm, id=3273, stack(0x00007feea1e83000,0x00007feea1f84000)]
  0x00007fee68057000 JavaThread "Simple-Language-Server main thread" daemon [_thread_blocked, id=3276, stack(0x00007feea197e000,0x00007feea1a7f000)]
  0x00007fee68073000 JavaThread "pool-4-thread-1" [_thread_blocked, id=3277, stack(0x00007feea187d000,0x00007feea197e000)]
  0x00007fee6807b000 JavaThread "Reconciler-1" [_thread_blocked, id=3278, stack(0x00007feea177c000,0x00007feea187d000)]
  0x00007fee68009800 JavaThread "parallel-1" daemon [_thread_blocked, id=3279, stack(0x00007feea167b000,0x00007feea177c000)]
  0x00007fee68015800 JavaThread "ForkJoinPool.commonPool-worker-1" daemon [_thread_blocked, id=3878, stack(0x00007feea0877000,0x00007feea0978000)]
  0x00007fee6801e800 JavaThread "pool-7-thread-1" [_thread_blocked, id=4088, stack(0x00007feea1479000,0x00007feea157a000)]

Other Threads:
  0x00007feed010b800 VMThread "VM Thread" [stack: 0x00007feeb802a000,0x00007feeb812a000] [id=3247]
  0x00007feed017e000 WatcherThread [stack: 0x00007feea2c8a000,0x00007feea2d8a000] [id=3254]
  0x00007feed0030000 GCTaskThread "GC Thread#0" [stack: 0x00007feed701d000,0x00007feed711d000] [id=3242]
  0x00007fee98001000 GCTaskThread "GC Thread#1" [stack: 0x00007feea2a87000,0x00007feea2b87000] [id=3263]
  0x00007fee98006800 GCTaskThread "GC Thread#2" [stack: 0x00007feea1d83000,0x00007feea1e83000] [id=3274]
  0x00007fee98008000 GCTaskThread "GC Thread#3" [stack: 0x00007feea1c81000,0x00007feea1d81000] [id=3275]
  0x00007feed0060800 ConcurrentGCThread "G1 Main Marker" [stack: 0x00007feed411d000,0x00007feed421d000] [id=3243]
  0x00007feed0062800 ConcurrentGCThread "G1 Conc#0" [stack: 0x00007feed401b000,0x00007feed411b000] [id=3244]
  0x00007feed00d9000 ConcurrentGCThread "G1 Refine#0" [stack: 0x00007feeb8374000,0x00007feeb8474000] [id=3245]
  0x00007feed00da800 ConcurrentGCThread "G1 Young RemSet Sampling" [stack: 0x00007feeb8272000,0x00007feeb8372000] [id=3246]

Threads with active compile tasks:

VM state:not at safepoint (normal execution)

VM Mutex/Monitor currently owned by a thread: None

Heap address: 0x0000000086a00000, size: 1942 MB, Compressed Oops mode: 32-bit
Narrow klass base: 0x0000000800000000, Narrow klass shift: 3
Compressed class space size: 1073741824 Address: 0x0000000840000000

Heap:
 garbage-first heap   total 126976K, used 58964K [0x0000000086a00000, 0x0000000100000000)
  region size 1024K, 36 young (36864K), 3 survivors (3072K)
 Metaspace       used 32894K, capacity 34100K, committed 34176K, reserved 1079296K
  class space    used 4238K, capacity 4711K, committed 4736K, reserved 1048576K
Heap Regions: E=young(eden), S=young(survivor), O=old, HS=humongous(starts), HC=humongous(continues), CS=collection set, F=free, A=archive, TAMS=top-at-mark-start (previous, next)
|   0|0x0000000086a00000, 0x0000000086b00000, 0x0000000086b00000|100%| O|  |TAMS 0x0000000086b00000, 0x0000000086a00000| Untracked 
|   1|0x0000000086b00000, 0x0000000086c00000, 0x0000000086c00000|100%| O|  |TAMS 0x0000000086c00000, 0x0000000086b00000| Untracked 
|   2|0x0000000086c00000, 0x0000000086d00000, 0x0000000086d00000|100%| O|  |TAMS 0x0000000086d00000, 0x0000000086c00000| Untracked 
|   3|0x0000000086d00000, 0x0000000086e00000, 0x0000000086e00000|100%| O|  |TAMS 0x0000000086e00000, 0x0000000086d00000| Untracked 
|   4|0x0000000086e00000, 0x0000000086f00000, 0x0000000086f00000|100%| O|  |TAMS 0x0000000086f00000, 0x0000000086e00000| Untracked 
|   5|0x0000000086f00000, 0x0000000087000000, 0x0000000087000000|100%| O|  |TAMS 0x0000000087000000, 0x0000000086f00000| Untracked 
|   6|0x0000000087000000, 0x0000000087100000, 0x0000000087100000|100%| O|  |TAMS 0x0000000087100000, 0x0000000087000000| Untracked 
|   7|0x0000000087100000, 0x0000000087200000, 0x0000000087200000|100%| O|  |TAMS 0x0000000087200000, 0x0000000087100000| Untracked 
|   8|0x0000000087200000, 0x0000000087300000, 0x0000000087300000|100%| O|  |TAMS 0x00000000872c7200, 0x0000000087200000| Untracked 
|   9|0x0000000087300000, 0x0000000087400000, 0x0000000087400000|100%|HS|  |TAMS 0x0000000087300000, 0x0000000087300000| Complete 
|  10|0x0000000087400000, 0x0000000087500000, 0x0000000087500000|100%| O|  |TAMS 0x0000000087400000, 0x0000000087400000| Untracked 
|  11|0x0000000087500000, 0x0000000087600000, 0x0000000087600000|100%| O|  |TAMS 0x0000000087500000, 0x0000000087500000| Untracked 
|  12|0x0000000087600000, 0x0000000087700000, 0x0000000087700000|100%| O|  |TAMS 0x0000000087600000, 0x0000000087600000| Untracked 
|  13|0x0000000087700000, 0x0000000087800000, 0x0000000087800000|100%| O|  |TAMS 0x0000000087700000, 0x0000000087700000| Untracked 
|  14|0x0000000087800000, 0x0000000087900000, 0x0000000087900000|100%| O|  |TAMS 0x0000000087800000, 0x0000000087800000| Untracked 
|  15|0x0000000087900000, 0x0000000087a00000, 0x0000000087a00000|100%| O|  |TAMS 0x0000000087900000, 0x0000000087900000| Untracked 
|  16|0x0000000087a00000, 0x0000000087b00000, 0x0000000087b00000|100%| O|  |TAMS 0x0000000087a00000, 0x0000000087a00000| Untracked 
|  17|0x0000000087b00000, 0x0000000087c00000, 0x0000000087c00000|100%| O|  |TAMS 0x0000000087b00000, 0x0000000087b00000| Untracked 
|  18|0x0000000087c00000, 0x0000000087d00000, 0x0000000087d00000|100%| O|  |TAMS 0x0000000087c00000, 0x0000000087c00000| Untracked 
|  19|0x0000000087d00000, 0x0000000087e00000, 0x0000000087e00000|100%| O|  |TAMS 0x0000000087d00000, 0x0000000087d00000| Untracked 
|  20|0x0000000087e00000, 0x0000000087f00000, 0x0000000087f00000|100%| O|  |TAMS 0x0000000087e00000, 0x0000000087e00000| Untracked 
|  21|0x0000000087f00000, 0x0000000088000000, 0x0000000088000000|100%| O|  |TAMS 0x0000000087f00000, 0x0000000087f00000| Untracked 
|  22|0x0000000088000000, 0x0000000088051c00, 0x0000000088100000| 31%| O|  |TAMS 0x0000000088000000, 0x0000000088000000| Untracked 
|  23|0x0000000088100000, 0x0000000088100000, 0x0000000088200000|  0%| F|  |TAMS 0x0000000088100000, 0x0000000088100000| Untracked 
|  24|0x0000000088200000, 0x0000000088200000, 0x0000000088300000|  0%| F|  |TAMS 0x0000000088200000, 0x0000000088200000| Untracked 
|  25|0x0000000088300000, 0x0000000088300000, 0x0000000088400000|  0%| F|  |TAMS 0x0000000088300000, 0x0000000088300000| Untracked 
|  26|0x0000000088400000, 0x0000000088400000, 0x0000000088500000|  0%| F|  |TAMS 0x0000000088400000, 0x0000000088400000| Untracked 
|  27|0x0000000088500000, 0x0000000088500000, 0x0000000088600000|  0%| F|  |TAMS 0x0000000088500000, 0x0000000088500000| Untracked 
|  28|0x0000000088600000, 0x0000000088600000, 0x0000000088700000|  0%| F|  |TAMS 0x0000000088600000, 0x0000000088600000| Untracked 
|  29|0x0000000088700000, 0x0000000088700000, 0x0000000088800000|  0%| F|  |TAMS 0x0000000088700000, 0x0000000088700000| Untracked 
|  30|0x0000000088800000, 0x0000000088800000, 0x0000000088900000|  0%| F|  |TAMS 0x0000000088800000, 0x0000000088800000| Untracked 
|  31|0x0000000088900000, 0x0000000088900000, 0x0000000088a00000|  0%| F|  |TAMS 0x0000000088900000, 0x0000000088900000| Untracked 
|  32|0x0000000088a00000, 0x0000000088a00000, 0x0000000088b00000|  0%| F|  |TAMS 0x0000000088a00000, 0x0000000088a00000| Untracked 
|  33|0x0000000088b00000, 0x0000000088b00000, 0x0000000088c00000|  0%| F|  |TAMS 0x0000000088b00000, 0x0000000088b00000| Untracked 
|  34|0x0000000088c00000, 0x0000000088c00000, 0x0000000088d00000|  0%| F|  |TAMS 0x0000000088c00000, 0x0000000088c00000| Untracked 
|  35|0x0000000088d00000, 0x0000000088d00000, 0x0000000088e00000|  0%| F|  |TAMS 0x0000000088d00000, 0x0000000088d00000| Untracked 
|  36|0x0000000088e00000, 0x0000000088e00000, 0x0000000088f00000|  0%| F|  |TAMS 0x0000000088e00000, 0x0000000088e00000| Untracked 
|  37|0x0000000088f00000, 0x0000000088f00000, 0x0000000089000000|  0%| F|  |TAMS 0x0000000088f00000, 0x0000000088f00000| Untracked 
|  38|0x0000000089000000, 0x0000000089000000, 0x0000000089100000|  0%| F|  |TAMS 0x0000000089000000, 0x0000000089000000| Untracked 
|  39|0x0000000089100000, 0x0000000089100000, 0x0000000089200000|  0%| F|  |TAMS 0x0000000089100000, 0x0000000089100000| Untracked 
|  40|0x0000000089200000, 0x0000000089200000, 0x0000000089300000|  0%| F|  |TAMS 0x0000000089200000, 0x0000000089200000| Untracked 
|  41|0x0000000089300000, 0x0000000089300000, 0x0000000089400000|  0%| F|  |TAMS 0x0000000089300000, 0x0000000089300000| Untracked 
|  42|0x0000000089400000, 0x0000000089400000, 0x0000000089500000|  0%| F|  |TAMS 0x0000000089400000, 0x0000000089400000| Untracked 
|  43|0x0000000089500000, 0x0000000089500000, 0x0000000089600000|  0%| F|  |TAMS 0x0000000089500000, 0x0000000089500000| Untracked 
|  44|0x0000000089600000, 0x0000000089600000, 0x0000000089700000|  0%| F|  |TAMS 0x0000000089600000, 0x0000000089600000| Untracked 
|  45|0x0000000089700000, 0x0000000089700000, 0x0000000089800000|  0%| F|  |TAMS 0x0000000089700000, 0x0000000089700000| Untracked 
|  46|0x0000000089800000, 0x0000000089800000, 0x0000000089900000|  0%| F|  |TAMS 0x0000000089800000, 0x0000000089800000| Untracked 
|  47|0x0000000089900000, 0x0000000089900000, 0x0000000089a00000|  0%| F|  |TAMS 0x0000000089900000, 0x0000000089900000| Untracked 
|  48|0x0000000089a00000, 0x0000000089a00000, 0x0000000089b00000|  0%| F|  |TAMS 0x0000000089a00000, 0x0000000089a00000| Untracked 
|  49|0x0000000089b00000, 0x0000000089b00000, 0x0000000089c00000|  0%| F|  |TAMS 0x0000000089b00000, 0x0000000089b00000| Untracked 
|  50|0x0000000089c00000, 0x0000000089c00000, 0x0000000089d00000|  0%| F|  |TAMS 0x0000000089c00000, 0x0000000089c00000| Untracked 
|  51|0x0000000089d00000, 0x0000000089d00000, 0x0000000089e00000|  0%| F|  |TAMS 0x0000000089d00000, 0x0000000089d00000| Untracked 
|  52|0x0000000089e00000, 0x0000000089e00000, 0x0000000089f00000|  0%| F|  |TAMS 0x0000000089e00000, 0x0000000089e00000| Untracked 
|  53|0x0000000089f00000, 0x0000000089f00000, 0x000000008a000000|  0%| F|  |TAMS 0x0000000089f00000, 0x0000000089f00000| Untracked 
|  54|0x000000008a000000, 0x000000008a000000, 0x000000008a100000|  0%| F|  |TAMS 0x000000008a000000, 0x000000008a000000| Untracked 
|  55|0x000000008a100000, 0x000000008a100000, 0x000000008a200000|  0%| F|  |TAMS 0x000000008a100000, 0x000000008a100000| Untracked 
|  56|0x000000008a200000, 0x000000008a200000, 0x000000008a300000|  0%| F|  |TAMS 0x000000008a200000, 0x000000008a200000| Untracked 
|  57|0x000000008a300000, 0x000000008a300000, 0x000000008a400000|  0%| F|  |TAMS 0x000000008a300000, 0x000000008a300000| Untracked 
|  58|0x000000008a400000, 0x000000008a491580, 0x000000008a500000| 56%| S|CS|TAMS 0x000000008a400000, 0x000000008a400000| Complete 
|  59|0x000000008a500000, 0x000000008a600000, 0x000000008a600000|100%| S|CS|TAMS 0x000000008a500000, 0x000000008a500000| Complete 
|  60|0x000000008a600000, 0x000000008a700000, 0x000000008a700000|100%| S|CS|TAMS 0x000000008a600000, 0x000000008a600000| Complete 
|  61|0x000000008a700000, 0x000000008a700000, 0x000000008a800000|  0%| F|  |TAMS 0x000000008a700000, 0x000000008a700000| Untracked 
|  62|0x000000008a800000, 0x000000008a800000, 0x000000008a900000|  0%| F|  |TAMS 0x000000008a800000, 0x000000008a800000| Untracked 
|  63|0x000000008a900000, 0x000000008a900000, 0x000000008aa00000|  0%| F|  |TAMS 0x000000008a900000, 0x000000008a900000| Untracked 
|  64|0x000000008aa00000, 0x000000008aa00000, 0x000000008ab00000|  0%| F|  |TAMS 0x000000008aa00000, 0x000000008aa00000| Untracked 
|  65|0x000000008ab00000, 0x000000008ab00000, 0x000000008ac00000|  0%| F|  |TAMS 0x000000008ab00000, 0x000000008ab00000| Untracked 
|  66|0x000000008ac00000, 0x000000008ac00000, 0x000000008ad00000|  0%| F|  |TAMS 0x000000008ac00000, 0x000000008ac00000| Untracked 
|  67|0x000000008ad00000, 0x000000008ad00000, 0x000000008ae00000|  0%| F|  |TAMS 0x000000008ad00000, 0x000000008ad00000| Untracked 
|  68|0x000000008ae00000, 0x000000008ae00000, 0x000000008af00000|  0%| F|  |TAMS 0x000000008ae00000, 0x000000008ae00000| Untracked 
|  69|0x000000008af00000, 0x000000008af00000, 0x000000008b000000|  0%| F|  |TAMS 0x000000008af00000, 0x000000008af00000| Untracked 
|  70|0x000000008b000000, 0x000000008b000000, 0x000000008b100000|  0%| F|  |TAMS 0x000000008b000000, 0x000000008b000000| Untracked 
|  71|0x000000008b100000, 0x000000008b100000, 0x000000008b200000|  0%| F|  |TAMS 0x000000008b100000, 0x000000008b100000| Untracked 
|  72|0x000000008b200000, 0x000000008b200000, 0x000000008b300000|  0%| F|  |TAMS 0x000000008b200000, 0x000000008b200000| Untracked 
|  73|0x000000008b300000, 0x000000008b300000, 0x000000008b400000|  0%| F|  |TAMS 0x000000008b300000, 0x000000008b300000| Untracked 
|  74|0x000000008b400000, 0x000000008b400000, 0x000000008b500000|  0%| F|  |TAMS 0x000000008b400000, 0x000000008b400000| Untracked 
|  75|0x000000008b500000, 0x000000008b500000, 0x000000008b600000|  0%| F|  |TAMS 0x000000008b500000, 0x000000008b500000| Untracked 
|  76|0x000000008b600000, 0x000000008b600000, 0x000000008b700000|  0%| F|  |TAMS 0x000000008b600000, 0x000000008b600000| Untracked 
|  77|0x000000008b700000, 0x000000008b700000, 0x000000008b800000|  0%| F|  |TAMS 0x000000008b700000, 0x000000008b700000| Untracked 
|  78|0x000000008b800000, 0x000000008b800000, 0x000000008b900000|  0%| F|  |TAMS 0x000000008b800000, 0x000000008b800000| Untracked 
|  79|0x000000008b900000, 0x000000008b900000, 0x000000008ba00000|  0%| F|  |TAMS 0x000000008b900000, 0x000000008b900000| Untracked 
|  80|0x000000008ba00000, 0x000000008ba00000, 0x000000008bb00000|  0%| F|  |TAMS 0x000000008ba00000, 0x000000008ba00000| Untracked 
|  81|0x000000008bb00000, 0x000000008bb00000, 0x000000008bc00000|  0%| F|  |TAMS 0x000000008bb00000, 0x000000008bb00000| Untracked 
|  82|0x000000008bc00000, 0x000000008bc00000, 0x000000008bd00000|  0%| F|  |TAMS 0x000000008bc00000, 0x000000008bc00000| Untracked 
|  83|0x000000008bd00000, 0x000000008bd00000, 0x000000008be00000|  0%| F|  |TAMS 0x000000008bd00000, 0x000000008bd00000| Untracked 
|  84|0x000000008be00000, 0x000000008be00000, 0x000000008bf00000|  0%| F|  |TAMS 0x000000008be00000, 0x000000008be00000| Untracked 
|  85|0x000000008bf00000, 0x000000008bf00000, 0x000000008c000000|  0%| F|  |TAMS 0x000000008bf00000, 0x000000008bf00000| Untracked 
|  86|0x000000008c000000, 0x000000008c000000, 0x000000008c100000|  0%| F|  |TAMS 0x000000008c000000, 0x000000008c000000| Untracked 
|  87|0x000000008c100000, 0x000000008c100000, 0x000000008c200000|  0%| F|  |TAMS 0x000000008c100000, 0x000000008c100000| Untracked 
|  88|0x000000008c200000, 0x000000008c200000, 0x000000008c300000|  0%| F|  |TAMS 0x000000008c200000, 0x000000008c200000| Untracked 
|  89|0x000000008c300000, 0x000000008c300800, 0x000000008c400000|  0%| E|  |TAMS 0x000000008c300000, 0x000000008c300000| Complete 
|  90|0x000000008c400000, 0x000000008c500000, 0x000000008c500000|100%| E|CS|TAMS 0x000000008c400000, 0x000000008c400000| Complete 
|  91|0x000000008c500000, 0x000000008c600000, 0x000000008c600000|100%| E|CS|TAMS 0x000000008c500000, 0x000000008c500000| Complete 
|  92|0x000000008c600000, 0x000000008c700000, 0x000000008c700000|100%| E|CS|TAMS 0x000000008c600000, 0x000000008c600000| Complete 
|  93|0x000000008c700000, 0x000000008c800000, 0x000000008c800000|100%| E|CS|TAMS 0x000000008c700000, 0x000000008c700000| Complete 
|  94|0x000000008c800000, 0x000000008c900000, 0x000000008c900000|100%| E|CS|TAMS 0x000000008c800000, 0x000000008c800000| Complete 
|  95|0x000000008c900000, 0x000000008ca00000, 0x000000008ca00000|100%| E|CS|TAMS 0x000000008c900000, 0x000000008c900000| Complete 
|  96|0x000000008ca00000, 0x000000008cb00000, 0x000000008cb00000|100%| E|CS|TAMS 0x000000008ca00000, 0x000000008ca00000| Complete 
|  97|0x000000008cb00000, 0x000000008cc00000, 0x000000008cc00000|100%| E|CS|TAMS 0x000000008cb00000, 0x000000008cb00000| Complete 
|  98|0x000000008cc00000, 0x000000008cd00000, 0x000000008cd00000|100%| E|CS|TAMS 0x000000008cc00000, 0x000000008cc00000| Complete 
|  99|0x000000008cd00000, 0x000000008ce00000, 0x000000008ce00000|100%| E|CS|TAMS 0x000000008cd00000, 0x000000008cd00000| Complete 
| 100|0x000000008ce00000, 0x000000008cf00000, 0x000000008cf00000|100%| E|CS|TAMS 0x000000008ce00000, 0x000000008ce00000| Complete 
| 101|0x000000008cf00000, 0x000000008d000000, 0x000000008d000000|100%| E|CS|TAMS 0x000000008cf00000, 0x000000008cf00000| Complete 
| 102|0x000000008d000000, 0x000000008d100000, 0x000000008d100000|100%| E|CS|TAMS 0x000000008d000000, 0x000000008d000000| Complete 
| 103|0x000000008d100000, 0x000000008d200000, 0x000000008d200000|100%| E|CS|TAMS 0x000000008d100000, 0x000000008d100000| Complete 
| 104|0x000000008d200000, 0x000000008d300000, 0x000000008d300000|100%| E|CS|TAMS 0x000000008d200000, 0x000000008d200000| Complete 
| 105|0x000000008d300000, 0x000000008d400000, 0x000000008d400000|100%| E|CS|TAMS 0x000000008d300000, 0x000000008d300000| Complete 
| 106|0x000000008d400000, 0x000000008d500000, 0x000000008d500000|100%| E|CS|TAMS 0x000000008d400000, 0x000000008d400000| Complete 
| 107|0x000000008d500000, 0x000000008d600000, 0x000000008d600000|100%| E|CS|TAMS 0x000000008d500000, 0x000000008d500000| Complete 
| 108|0x000000008d600000, 0x000000008d700000, 0x000000008d700000|100%| E|CS|TAMS 0x000000008d600000, 0x000000008d600000| Complete 
| 109|0x000000008d700000, 0x000000008d800000, 0x000000008d800000|100%| E|CS|TAMS 0x000000008d700000, 0x000000008d700000| Complete 
| 110|0x000000008d800000, 0x000000008d900000, 0x000000008d900000|100%| E|CS|TAMS 0x000000008d800000, 0x000000008d800000| Complete 
| 111|0x000000008d900000, 0x000000008da00000, 0x000000008da00000|100%| E|CS|TAMS 0x000000008d900000, 0x000000008d900000| Complete 
| 112|0x000000008da00000, 0x000000008db00000, 0x000000008db00000|100%| E|CS|TAMS 0x000000008da00000, 0x000000008da00000| Complete 
| 113|0x000000008db00000, 0x000000008dc00000, 0x000000008dc00000|100%| E|CS|TAMS 0x000000008db00000, 0x000000008db00000| Complete 
| 114|0x000000008dc00000, 0x000000008dd00000, 0x000000008dd00000|100%| E|CS|TAMS 0x000000008dc00000, 0x000000008dc00000| Complete 
| 115|0x000000008dd00000, 0x000000008de00000, 0x000000008de00000|100%| E|CS|TAMS 0x000000008dd00000, 0x000000008dd00000| Complete 
| 116|0x000000008de00000, 0x000000008df00000, 0x000000008df00000|100%| E|CS|TAMS 0x000000008de00000, 0x000000008de00000| Complete 
| 117|0x000000008df00000, 0x000000008e000000, 0x000000008e000000|100%| E|CS|TAMS 0x000000008df00000, 0x000000008df00000| Complete 
| 118|0x000000008e000000, 0x000000008e100000, 0x000000008e100000|100%| E|CS|TAMS 0x000000008e000000, 0x000000008e000000| Complete 
| 119|0x000000008e100000, 0x000000008e200000, 0x000000008e200000|100%| E|CS|TAMS 0x000000008e100000, 0x000000008e100000| Complete 
| 120|0x000000008e200000, 0x000000008e300000, 0x000000008e300000|100%| E|CS|TAMS 0x000000008e200000, 0x000000008e200000| Complete 
| 121|0x000000008e300000, 0x000000008e400000, 0x000000008e400000|100%| E|CS|TAMS 0x000000008e300000, 0x000000008e300000| Complete 
|1940|0x00000000ffe00000, 0x00000000ffe47000, 0x00000000fff00000| 27%|OA|  |TAMS 0x00000000ffe47000, 0x00000000ffe00000| Untracked 
|1941|0x00000000fff00000, 0x00000000fff6b000, 0x0000000100000000| 41%|CA|  |TAMS 0x00000000fff6b000, 0x00000000fff00000| Untracked 

Card table byte_map: [0x00007feed6481000,0x00007feed684c000] _byte_map_base: 0x00007feed604c000

Marking Bits (Prev, Next): (CMBitMap*) 0x00007feed0057fa0, (CMBitMap*) 0x00007feed0057f68
 Prev Bits: [0x00007feeb21a8000, 0x00007feeb4000000)
 Next Bits: [0x00007feed425e000, 0x00007feed60b6000)

Polling page: 0x00007feed8c97000

Metaspace:

Usage:
  Non-class:     28,70 MB capacity,    27,98 MB ( 98%) used,   610,09 KB (  2%) free+waste,   123,62 KB ( <1%) overhead. 
      Class:      4,60 MB capacity,     4,14 MB ( 90%) used,   410,09 KB (  9%) free+waste,    62,19 KB (  1%) overhead. 
       Both:     33,30 MB capacity,    32,12 MB ( 96%) used,  1020,17 KB (  3%) free+waste,   185,81 KB ( <1%) overhead. 

Virtual space:
  Non-class space:       30,00 MB reserved,      28,75 MB ( 96%) committed 
      Class space:        1,00 GB reserved,       4,62 MB ( <1%) committed 
             Both:        1,03 GB reserved,      33,38 MB (  3%) committed 

Chunk freelists:
   Non-Class:  19,00 KB
       Class:  0 bytes
        Both:  19,00 KB

MaxMetaspaceSize: unlimited
CompressedClassSpaceSize: 1,00 GB

CodeHeap 'non-profiled nmethods': size=238948Kb used=7670Kb max_used=7670Kb free=231277Kb
 bounds [0x00007feeb8f1f000, 0x00007feeb969f000, 0x00007feec7878000]
CodeHeap 'non-nmethods': size=6812Kb used=1182Kb max_used=1182Kb free=5629Kb
 bounds [0x00007feeb8878000, 0x00007feeb8ae8000, 0x00007feeb8f1f000]
 total_blobs=5139 nmethods=4583 adapters=484
 compilation: enabled
              stopped_count=0, restarted_count=0
 full_count=0

Compilation events (20 events):
Event: 843,419 Thread 0x00007feed011b800 4577       1       org.eclipse.jdt.internal.compiler.parser.Scanner::setActiveParser (34 bytes)
Event: 843,420 Thread 0x00007feed011b800 nmethod 4577 0x00007feeb9696710 code [0x00007feeb96968c0, 0x00007feeb9696a60]
Event: 843,423 Thread 0x00007feed011b800 4578       1       org.eclipse.jdt.internal.compiler.ast.ASTNode::resolveAnnotations (23 bytes)
Event: 843,424 Thread 0x00007feed011b800 nmethod 4578 0x00007feeb9696b90 code [0x00007feeb9696d60, 0x00007feeb9696ed0]
Event: 843,424 Thread 0x00007feed011b800 4579       1       org.eclipse.jdt.internal.compiler.lookup.Scope::outerMostMethodScope (27 bytes)
Event: 843,424 Thread 0x00007feed011b800 nmethod 4579 0x00007feeb9697010 code [0x00007feeb96971c0, 0x00007feeb9697350]
Event: 843,424 Thread 0x00007feed011b800 4580       1       org.eclipse.jdt.internal.compiler.lookup.TypeBinding::capture (2 bytes)
Event: 843,424 Thread 0x00007feed011b800 nmethod 4580 0x00007feeb9697410 code [0x00007feeb96975c0, 0x00007feeb9697690]
Event: 843,424 Thread 0x00007feed011b800 4581       1       org.eclipse.jdt.internal.compiler.lookup.LookupEnvironment::usesNullTypeAnnotations (140 bytes)
Event: 843,425 Thread 0x00007feed011b800 nmethod 4581 0x00007feeb9697710 code [0x00007feeb9697940, 0x00007feeb9697ca0]
Event: 843,425 Thread 0x00007feed011b800 4582       1       org.eclipse.jdt.core.dom.ASTConverter::convert (627 bytes)
Event: 843,428 Thread 0x00007feed011b800 nmethod 4582 0x00007feeb9697f10 code [0x00007feeb96983c0, 0x00007feeb969a080]
Event: 843,428 Thread 0x00007feed011b800 4583       1       org.eclipse.jdt.core.dom.MethodDeclaration::getBody (5 bytes)
Event: 843,428 Thread 0x00007feed011b800 nmethod 4583 0x00007feeb969a910 code [0x00007feeb969aac0, 0x00007feeb969ab90]
Event: 843,845 Thread 0x00007feed011b800 4584       1       java.util.concurrent.locks.LockSupport::setBlocker (12 bytes)
Event: 843,845 Thread 0x00007feed011b800 nmethod 4584 0x00007feeb969ac10 code [0x00007feeb969adc0, 0x00007feeb969aeb0]
Event: 843,846 Thread 0x00007feed011b800 4585       1       sun.util.calendar.BaseCalendar::getFixedDate (324 bytes)
Event: 843,850 Thread 0x00007feed011b800 nmethod 4585 0x00007feeb969af10 code [0x00007feeb969b140, 0x00007feeb969bd10]
Event: 860,768 Thread 0x00007feed011b800 4587       1       java.util.concurrent.ThreadPoolExecutor::workerCountOf (5 bytes)
Event: 860,768 Thread 0x00007feed011b800 nmethod 4587 0x00007feeb969c610 code [0x00007feeb969c7c0, 0x00007feeb969c850]

GC Heap History (10 events):
Event: 17,195 GC heap before
{Heap before GC invocations=0 (full 0):
 garbage-first heap   total 126976K, used 14024K [0x0000000086a00000, 0x0000000100000000)
  region size 1024K, 14 young (14336K), 0 survivors (0K)
 Metaspace       used 2895K, capacity 6244K, committed 6400K, reserved 1056768K
  class space    used 370K, capacity 656K, committed 768K, reserved 1048576K
}
Event: 17,211 GC heap after
{Heap after GC invocations=1 (full 0):
 garbage-first heap   total 126976K, used 4662K [0x0000000086a00000, 0x0000000100000000)
  region size 1024K, 2 young (2048K), 2 survivors (2048K)
 Metaspace       used 2895K, capacity 6244K, committed 6400K, reserved 1056768K
  class space    used 370K, capacity 656K, committed 768K, reserved 1048576K
}
Event: 32,745 GC heap before
{Heap before GC invocations=1 (full 0):
 garbage-first heap   total 126976K, used 77366K [0x0000000086a00000, 0x0000000100000000)
  region size 1024K, 73 young (74752K), 2 survivors (2048K)
 Metaspace       used 16365K, capacity 16986K, committed 17152K, reserved 1064960K
  class space    used 2218K, capacity 2487K, committed 2560K, reserved 1048576K
}
Event: 32,767 GC heap after
{Heap after GC invocations=2 (full 0):
 garbage-first heap   total 126976K, used 10041K [0x0000000086a00000, 0x0000000100000000)
  region size 1024K, 8 young (8192K), 8 survivors (8192K)
 Metaspace       used 16365K, capacity 16986K, committed 17152K, reserved 1064960K
  class space    used 2218K, capacity 2487K, committed 2560K, reserved 1048576K
}
Event: 34,026 GC heap before
{Heap before GC invocations=2 (full 0):
 garbage-first heap   total 126976K, used 39737K [0x0000000086a00000, 0x0000000100000000)
  region size 1024K, 39 young (39936K), 8 survivors (8192K)
 Metaspace       used 20506K, capacity 21222K, committed 21296K, reserved 1067008K
  class space    used 2833K, capacity 3153K, committed 3200K, reserved 1048576K
}
Event: 34,049 GC heap after
{Heap after GC invocations=3 (full 0):
 garbage-first heap   total 126976K, used 13006K [0x0000000086a00000, 0x0000000100000000)
  region size 1024K, 4 young (4096K), 4 survivors (4096K)
 Metaspace       used 20506K, capacity 21222K, committed 21296K, reserved 1067008K
  class space    used 2833K, capacity 3153K, committed 3200K, reserved 1048576K
}
Event: 40,931 GC heap before
{Heap before GC invocations=4 (full 0):
 garbage-first heap   total 126976K, used 77518K [0x0000000086a00000, 0x0000000100000000)
  region size 1024K, 67 young (68608K), 4 survivors (4096K)
 Metaspace       used 28007K, capacity 29108K, committed 29312K, reserved 1075200K
  class space    used 3686K, capacity 4145K, committed 4224K, reserved 1048576K
}
Event: 40,948 GC heap after
{Heap after GC invocations=5 (full 0):
 garbage-first heap   total 126976K, used 23179K [0x0000000086a00000, 0x0000000100000000)
  region size 1024K, 9 young (9216K), 9 survivors (9216K)
 Metaspace       used 28007K, capacity 29108K, committed 29312K, reserved 1075200K
  class space    used 3686K, capacity 4145K, committed 4224K, reserved 1048576K
}
Event: 670,535 GC heap before
{Heap before GC invocations=5 (full 0):
 garbage-first heap   total 126976K, used 85643K [0x0000000086a00000, 0x0000000100000000)
  region size 1024K, 70 young (71680K), 9 survivors (9216K)
 Metaspace       used 32847K, capacity 34032K, committed 34176K, reserved 1079296K
  class space    used 4236K, capacity 4710K, committed 4736K, reserved 1048576K
}
Event: 670,570 GC heap after
{Heap after GC invocations=6 (full 0):
 garbage-first heap   total 126976K, used 26196K [0x0000000086a00000, 0x0000000100000000)
  region size 1024K, 3 young (3072K), 3 survivors (3072K)
 Metaspace       used 32847K, capacity 34032K, committed 34176K, reserved 1079296K
  class space    used 4236K, capacity 4710K, committed 4736K, reserved 1048576K
}

Deoptimization events (0 events):
No events

Classes redefined (0 events):
No events

Internal exceptions (20 events):
Event: 678,104 Thread 0x00007fee6807b000 Exception <a 'java/lang/ArrayIndexOutOfBoundsException'{0x000000008d967678}> (0x000000008d967678) thrown at [src/hotspot/share/runtime/sharedRuntime.cpp, line 606]
Event: 678,170 Thread 0x00007fee6807b000 Exception <a 'java/lang/ArrayIndexOutOfBoundsException'{0x000000008d8b4ed0}> (0x000000008d8b4ed0) thrown at [src/hotspot/share/runtime/sharedRuntime.cpp, line 606]
Event: 678,210 Thread 0x00007fee6807b000 Exception <a 'java/lang/ArrayIndexOutOfBoundsException'{0x000000008d7f63c8}> (0x000000008d7f63c8) thrown at [src/hotspot/share/runtime/sharedRuntime.cpp, line 606]
Event: 678,266 Thread 0x00007fee6807b000 Exception <a 'java/lang/ArrayIndexOutOfBoundsException'{0x000000008d537da8}> (0x000000008d537da8) thrown at [src/hotspot/share/runtime/sharedRuntime.cpp, line 606]
Event: 678,314 Thread 0x00007fee6807b000 Exception <a 'java/lang/ArrayIndexOutOfBoundsException'{0x000000008d477880}> (0x000000008d477880) thrown at [src/hotspot/share/runtime/sharedRuntime.cpp, line 606]
Event: 678,356 Thread 0x00007fee6807b000 Exception <a 'java/lang/ArrayIndexOutOfBoundsException'{0x000000008d3b7538}> (0x000000008d3b7538) thrown at [src/hotspot/share/runtime/sharedRuntime.cpp, line 606]
Event: 678,412 Thread 0x00007fee6807b000 Exception <a 'java/lang/ArrayIndexOutOfBoundsException'{0x000000008d2f6fd0}> (0x000000008d2f6fd0) thrown at [src/hotspot/share/runtime/sharedRuntime.cpp, line 606]
Event: 678,459 Thread 0x00007fee6807b000 Exception <a 'java/lang/ArrayIndexOutOfBoundsException'{0x000000008d037000}> (0x000000008d037000) thrown at [src/hotspot/share/runtime/sharedRuntime.cpp, line 606]
Event: 678,509 Thread 0x00007fee6807b000 Exception <a 'java/lang/ArrayIndexOutOfBoundsException'{0x000000008cf76a18}> (0x000000008cf76a18) thrown at [src/hotspot/share/runtime/sharedRuntime.cpp, line 606]
Event: 678,854 Thread 0x00007fee6807b000 Exception <a 'java/lang/ArrayIndexOutOfBoundsException'{0x000000008ceeb898}> (0x000000008ceeb898) thrown at [src/hotspot/share/runtime/sharedRuntime.cpp, line 606]
Event: 679,040 Thread 0x00007fee6807b000 Exception <a 'java/lang/ArrayIndexOutOfBoundsException'{0x000000008cc2b750}> (0x000000008cc2b750) thrown at [src/hotspot/share/runtime/sharedRuntime.cpp, line 606]
Event: 679,178 Thread 0x00007fee6807b000 Exception <a 'java/lang/ArrayIndexOutOfBoundsException'{0x000000008cb6cce0}> (0x000000008cb6cce0) thrown at [src/hotspot/share/runtime/sharedRuntime.cpp, line 606]
Event: 679,178 Thread 0x00007fee6807b000 Exception <a 'java/lang/ArrayIndexOutOfBoundsException'{0x000000008cb6d2a8}> (0x000000008cb6d2a8) thrown at [src/hotspot/share/runtime/sharedRuntime.cpp, line 606]
Event: 679,178 Thread 0x00007fee6807b000 Exception <a 'java/lang/ArrayIndexOutOfBoundsException'{0x000000008cb6d8a0}> (0x000000008cb6d8a0) thrown at [src/hotspot/share/runtime/sharedRuntime.cpp, line 606]
Event: 679,179 Thread 0x00007fee6807b000 Exception <a 'java/lang/ArrayIndexOutOfBoundsException'{0x000000008cb76a70}> (0x000000008cb76a70) thrown at [src/hotspot/share/runtime/sharedRuntime.cpp, line 606]
Event: 679,966 Thread 0x00007fee6807b000 Exception <a 'java/lang/ArrayIndexOutOfBoundsException'{0x000000008cab99a0}> (0x000000008cab99a0) thrown at [src/hotspot/share/runtime/sharedRuntime.cpp, line 606]
Event: 680,551 Thread 0x00007fee6807b000 Exception <a 'java/lang/ArrayIndexOutOfBoundsException'{0x000000008c9f87a0}> (0x000000008c9f87a0) thrown at [src/hotspot/share/runtime/sharedRuntime.cpp, line 606]
Event: 681,013 Thread 0x00007fee6807b000 Exception <a 'java/lang/ArrayIndexOutOfBoundsException'{0x000000008c7363f8}> (0x000000008c7363f8) thrown at [src/hotspot/share/runtime/sharedRuntime.cpp, line 606]
Event: 772,857 Thread 0x00007fee68015800 Exception <a 'java/lang/ArrayIndexOutOfBoundsException'{0x000000008c6a35a8}> (0x000000008c6a35a8) thrown at [src/hotspot/share/runtime/sharedRuntime.cpp, line 606]
Event: 843,416 Thread 0x00007fee68015800 Exception <a 'java/lang/ArrayIndexOutOfBoundsException'{0x000000008c40bd90}> (0x000000008c40bd90) thrown at [src/hotspot/share/runtime/sharedRuntime.cpp, line 606]

Events (20 events):
Event: 772,863 Executing VM operation: RevokeBias done
Event: 772,863 Executing VM operation: RevokeBias
Event: 772,863 Executing VM operation: RevokeBias done
Event: 772,863 Executing VM operation: RevokeBias
Event: 772,863 Executing VM operation: RevokeBias done
Event: 772,863 Executing VM operation: RevokeBias
Event: 772,863 Executing VM operation: RevokeBias done
Event: 772,863 Executing VM operation: RevokeBias
Event: 772,863 Executing VM operation: RevokeBias done
Event: 772,865 Executing VM operation: RevokeBias
Event: 772,865 Executing VM operation: RevokeBias done
Event: 772,865 Executing VM operation: RevokeBias
Event: 772,865 Executing VM operation: RevokeBias done
Event: 772,865 Executing VM operation: RevokeBias
Event: 772,865 Executing VM operation: RevokeBias done
Event: 860,767 Thread 0x00007fee6801e800 Thread added: 0x00007fee6801e800
Event: 860,767 Protecting memory [0x00007feea1479000,0x00007feea147d000] with protection modes 0
Event: 860,768 Executing VM operation: RevokeBias
Event: 860,768 Executing VM operation: RevokeBias done
Event: 860,768 Thread 0x00007fee64194000 Thread exited: 0x00007fee64194000


Dynamic libraries:
86a00000-8e400000 rw-p 00000000 00:00 0 
8e400000-ffe00000 ---p 00000000 00:00 0 
ffe00000-ffe47000 rw-p 01111000 08:05 1050780                            /usr/lib/jvm/java-11-openjdk-amd64/lib/server/classes.jsa
ffe47000-fff00000 rw-p 00000000 00:00 0 
fff00000-fff6b000 rw-p 010a6000 08:05 1050780                            /usr/lib/jvm/java-11-openjdk-amd64/lib/server/classes.jsa
fff6b000-100000000 rw-p 00000000 00:00 0 
800000000-800002000 rwxp 00001000 08:05 1050780                          /usr/lib/jvm/java-11-openjdk-amd64/lib/server/classes.jsa
800002000-8003b9000 rw-p 00003000 08:05 1050780                          /usr/lib/jvm/java-11-openjdk-amd64/lib/server/classes.jsa
8003b9000-800a96000 r--p 003ba000 08:05 1050780                          /usr/lib/jvm/java-11-openjdk-amd64/lib/server/classes.jsa
800a96000-800a97000 rw-p 00a97000 08:05 1050780                          /usr/lib/jvm/java-11-openjdk-amd64/lib/server/classes.jsa
800a97000-8010a5000 r--p 00a98000 08:05 1050780                          /usr/lib/jvm/java-11-openjdk-amd64/lib/server/classes.jsa
840000000-8404a0000 rw-p 00000000 00:00 0 
8404a0000-880000000 ---p 00000000 00:00 0 
55e757336000-55e757337000 r--p 00000000 08:05 19271344                   /usr/lib/jvm/java-11-openjdk-amd64/bin/java
55e757337000-55e757338000 r-xp 00001000 08:05 19271344                   /usr/lib/jvm/java-11-openjdk-amd64/bin/java
55e757338000-55e757339000 r--p 00002000 08:05 19271344                   /usr/lib/jvm/java-11-openjdk-amd64/bin/java
55e757339000-55e75733a000 r--p 00002000 08:05 19271344                   /usr/lib/jvm/java-11-openjdk-amd64/bin/java
55e75733a000-55e75733b000 rw-p 00003000 08:05 19271344                   /usr/lib/jvm/java-11-openjdk-amd64/bin/java
55e75908d000-55e7590cf000 rw-p 00000000 00:00 0                          [heap]
7fee38000000-7fee38021000 rw-p 00000000 00:00 0 
7fee38021000-7fee3c000000 ---p 00000000 00:00 0 
7fee3f878000-7fee48000000 r--s 00000000 08:05 1052514                    /usr/lib/jvm/java-11-openjdk-amd64/lib/modules
7fee48000000-7fee48021000 rw-p 00000000 00:00 0 
7fee48021000-7fee4c000000 ---p 00000000 00:00 0 
7fee4c000000-7fee4c059000 rw-p 00000000 00:00 0 
7fee4c059000-7fee50000000 ---p 00000000 00:00 0 
7fee50000000-7fee50021000 rw-p 00000000 00:00 0 
7fee50021000-7fee54000000 ---p 00000000 00:00 0 
7fee54000000-7fee54021000 rw-p 00000000 00:00 0 
7fee54021000-7fee58000000 ---p 00000000 00:00 0 
7fee58000000-7fee58021000 rw-p 00000000 00:00 0 
7fee58021000-7fee5c000000 ---p 00000000 00:00 0 
7fee5c000000-7fee5c234000 rw-p 00000000 00:00 0 
7fee5c234000-7fee60000000 ---p 00000000 00:00 0 
7fee60000000-7fee60021000 rw-p 00000000 00:00 0 
7fee60021000-7fee64000000 ---p 00000000 00:00 0 
7fee64000000-7fee6419e000 rw-p 00000000 00:00 0 
7fee6419e000-7fee68000000 ---p 00000000 00:00 0 
7fee68000000-7fee6808a000 rw-p 00000000 00:00 0 
7fee6808a000-7fee6c000000 ---p 00000000 00:00 0 
7fee6c000000-7fee6c021000 rw-p 00000000 00:00 0 
7fee6c021000-7fee70000000 ---p 00000000 00:00 0 
7fee70000000-7fee70021000 rw-p 00000000 00:00 0 
7fee70021000-7fee74000000 ---p 00000000 00:00 0 
7fee74000000-7fee74094000 rw-p 00000000 00:00 0 
7fee74094000-7fee78000000 ---p 00000000 00:00 0 
7fee78000000-7fee78021000 rw-p 00000000 00:00 0 
7fee78021000-7fee7c000000 ---p 00000000 00:00 0 
7fee7c000000-7fee7c021000 rw-p 00000000 00:00 0 
7fee7c021000-7fee80000000 ---p 00000000 00:00 0 
7fee80000000-7fee80742000 rw-p 00000000 00:00 0 
7fee80742000-7fee84000000 ---p 00000000 00:00 0 
7fee84000000-7fee84021000 rw-p 00000000 00:00 0 
7fee84021000-7fee88000000 ---p 00000000 00:00 0 
7fee88000000-7fee88021000 rw-p 00000000 00:00 0 
7fee88021000-7fee8c000000 ---p 00000000 00:00 0 
7fee8c000000-7fee8c021000 rw-p 00000000 00:00 0 
7fee8c021000-7fee90000000 ---p 00000000 00:00 0 
7fee90000000-7fee90021000 rw-p 00000000 00:00 0 
7fee90021000-7fee94000000 ---p 00000000 00:00 0 
7fee94000000-7fee94021000 rw-p 00000000 00:00 0 
7fee94021000-7fee98000000 ---p 00000000 00:00 0 
7fee98000000-7fee9812e000 rw-p 00000000 00:00 0 
7fee9812e000-7fee9c000000 ---p 00000000 00:00 0 
7fee9c000000-7fee9c021000 rw-p 00000000 00:00 0 
7fee9c021000-7feea0000000 ---p 00000000 00:00 0 
7feea0877000-7feea087b000 ---p 00000000 00:00 0 
7feea087b000-7feea0a38000 rw-p 00000000 00:00 0 
7feea0a38000-7feea0b78000 ---p 00000000 00:00 0 
7feea0b78000-7feea0d78000 rw-p 00000000 00:00 0 
7feea0d78000-7feea0f78000 rw-p 00000000 00:00 0 
7feea0f78000-7feea0f7c000 ---p 00000000 00:00 0 
7feea0f7c000-7feea1279000 rw-p 00000000 00:00 0 
7feea1279000-7feea1479000 rw-p 00000000 00:00 0 
7feea1479000-7feea147d000 ---p 00000000 00:00 0 
7feea147d000-7feea157a000 rw-p 00000000 00:00 0 
7feea157a000-7feea157e000 ---p 00000000 00:00 0 
7feea157e000-7feea167b000 rw-p 00000000 00:00 0 
7feea167b000-7feea167f000 ---p 00000000 00:00 0 
7feea167f000-7feea177c000 rw-p 00000000 00:00 0 
7feea177c000-7feea1780000 ---p 00000000 00:00 0 
7feea1780000-7feea187d000 rw-p 00000000 00:00 0 
7feea187d000-7feea1881000 ---p 00000000 00:00 0 
7feea1881000-7feea197e000 rw-p 00000000 00:00 0 
7feea197e000-7feea1982000 ---p 00000000 00:00 0 
7feea1982000-7feea1c7f000 rw-p 00000000 00:00 0 
7feea1c7f000-7feea1c80000 ---p 00000000 00:00 0 
7feea1c80000-7feea1d81000 rw-p 00000000 00:00 0 
7feea1d81000-7feea1d82000 ---p 00000000 00:00 0 
7feea1d82000-7feea1e83000 rw-p 00000000 00:00 0 
7feea1e83000-7feea1e87000 ---p 00000000 00:00 0 
7feea1e87000-7feea2184000 rw-p 00000000 00:00 0 
7feea2184000-7feea2384000 rw-p 00000000 00:00 0 
7feea2384000-7feea2584000 rw-p 00000000 00:00 0 
7feea2584000-7feea2784000 rw-p 00000000 00:00 0 
7feea2784000-7feea2788000 ---p 00000000 00:00 0 
7feea2788000-7feea2a85000 rw-p 00000000 00:00 0 
7feea2a85000-7feea2a86000 ---p 00000000 00:00 0 
7feea2a86000-7feea2b87000 rw-p 00000000 00:00 0 
7feea2b87000-7feea2b8b000 ---p 00000000 00:00 0 
7feea2b8b000-7feea2c88000 rw-p 00000000 00:00 0 
7feea2c88000-7feea2c89000 ---p 00000000 00:00 0 
7feea2c89000-7feea2d8a000 rw-p 00000000 00:00 0 
7feea2d8a000-7feea2d8e000 ---p 00000000 00:00 0 
7feea2d8e000-7feea2e8b000 rw-p 00000000 00:00 0 
7feea2e8b000-7feea2e8f000 ---p 00000000 00:00 0 
7feea2e8f000-7feea2f8c000 rw-p 00000000 00:00 0 
7feea2f8c000-7feea2f90000 ---p 00000000 00:00 0 
7feea2f90000-7feea308d000 rw-p 00000000 00:00 0 
7feea308d000-7feea3091000 ---p 00000000 00:00 0 
7feea3091000-7feea318e000 rw-p 00000000 00:00 0 
7feea318e000-7feea36ff000 r--p 00000000 08:05 19270287                   /usr/lib/locale/locale-archive
7feea36ff000-7feea3703000 ---p 00000000 00:00 0 
7feea3703000-7feea4000000 rw-p 00000000 00:00 0 
7feea4000000-7feea4021000 rw-p 00000000 00:00 0 
7feea4021000-7feea8000000 ---p 00000000 00:00 0 
7feea8000000-7feea8021000 rw-p 00000000 00:00 0 
7feea8021000-7feeac000000 ---p 00000000 00:00 0 
7feeac000000-7feeac021000 rw-p 00000000 00:00 0 
7feeac021000-7feeb0000000 ---p 00000000 00:00 0 
7feeb003b000-7feeb0043000 r--p 00000000 08:05 1052510                    /usr/lib/jvm/java-11-openjdk-amd64/lib/libsunec.so
7feeb0043000-7feeb005c000 r-xp 00008000 08:05 1052510                    /usr/lib/jvm/java-11-openjdk-amd64/lib/libsunec.so
7feeb005c000-7feeb0066000 r--p 00021000 08:05 1052510                    /usr/lib/jvm/java-11-openjdk-amd64/lib/libsunec.so
7feeb0066000-7feeb0067000 ---p 0002b000 08:05 1052510                    /usr/lib/jvm/java-11-openjdk-amd64/lib/libsunec.so
7feeb0067000-7feeb006b000 r--p 0002b000 08:05 1052510                    /usr/lib/jvm/java-11-openjdk-amd64/lib/libsunec.so
7feeb006b000-7feeb006d000 rw-p 0002f000 08:05 1052510                    /usr/lib/jvm/java-11-openjdk-amd64/lib/libsunec.so
7feeb006d000-7feeb006f000 r--p 00000000 08:05 1052502                    /usr/lib/jvm/java-11-openjdk-amd64/lib/libmanagement_ext.so
7feeb006f000-7feeb0072000 r-xp 00002000 08:05 1052502                    /usr/lib/jvm/java-11-openjdk-amd64/lib/libmanagement_ext.so
7feeb0072000-7feeb0073000 r--p 00005000 08:05 1052502                    /usr/lib/jvm/java-11-openjdk-amd64/lib/libmanagement_ext.so
7feeb0073000-7feeb0074000 ---p 00006000 08:05 1052502                    /usr/lib/jvm/java-11-openjdk-amd64/lib/libmanagement_ext.so
7feeb0074000-7feeb0075000 r--p 00006000 08:05 1052502                    /usr/lib/jvm/java-11-openjdk-amd64/lib/libmanagement_ext.so
7feeb0075000-7feeb0076000 rw-p 00007000 08:05 1052502                    /usr/lib/jvm/java-11-openjdk-amd64/lib/libmanagement_ext.so
7feeb0076000-7feeb00a7000 rw-p 00000000 00:00 0 
7feeb00a7000-7feeb00ab000 ---p 00000000 00:00 0 
7feeb00ab000-7feeb2390000 rw-p 00000000 00:00 0 
7feeb2390000-7feeb3ff8000 ---p 00000000 00:00 0 
7feeb3ff8000-7feeb4000000 rw-p 00000000 00:00 0 
7feeb4000000-7feeb4021000 rw-p 00000000 00:00 0 
7feeb4021000-7feeb8000000 ---p 00000000 00:00 0 
7feeb8008000-7feeb800b000 r--p 00000000 08:05 1052500                    /usr/lib/jvm/java-11-openjdk-amd64/lib/libmanagement.so
7feeb800b000-7feeb800c000 r-xp 00003000 08:05 1052500                    /usr/lib/jvm/java-11-openjdk-amd64/lib/libmanagement.so
7feeb800c000-7feeb800d000 r--p 00004000 08:05 1052500                    /usr/lib/jvm/java-11-openjdk-amd64/lib/libmanagement.so
7feeb800d000-7feeb800e000 r--p 00004000 08:05 1052500                    /usr/lib/jvm/java-11-openjdk-amd64/lib/libmanagement.so
7feeb800e000-7feeb800f000 rw-p 00005000 08:05 1052500                    /usr/lib/jvm/java-11-openjdk-amd64/lib/libmanagement.so
7feeb800f000-7feeb8013000 r--p 00000000 08:05 1052504                    /usr/lib/jvm/java-11-openjdk-amd64/lib/libnet.so
7feeb8013000-7feeb8022000 r-xp 00004000 08:05 1052504                    /usr/lib/jvm/java-11-openjdk-amd64/lib/libnet.so
7feeb8022000-7feeb8026000 r--p 00013000 08:05 1052504                    /usr/lib/jvm/java-11-openjdk-amd64/lib/libnet.so
7feeb8026000-7feeb8027000 r--p 00016000 08:05 1052504                    /usr/lib/jvm/java-11-openjdk-amd64/lib/libnet.so
7feeb8027000-7feeb8028000 rw-p 00017000 08:05 1052504                    /usr/lib/jvm/java-11-openjdk-amd64/lib/libnet.so
7feeb8028000-7feeb8029000 ---p 00000000 00:00 0 
7feeb8029000-7feeb8270000 rw-p 00000000 00:00 0 
7feeb8270000-7feeb8271000 ---p 00000000 00:00 0 
7feeb8271000-7feeb8372000 rw-p 00000000 00:00 0 
7feeb8372000-7feeb8373000 ---p 00000000 00:00 0 
7feeb8373000-7feeb8878000 rw-p 00000000 00:00 0 
7feeb8878000-7feeb8ae8000 rwxp 00000000 00:00 0 
7feeb8ae8000-7feeb8f1f000 ---p 00000000 00:00 0 
7feeb8f1f000-7feeb969f000 rwxp 00000000 00:00 0 
7feeb969f000-7feec7878000 ---p 00000000 00:00 0 
7feec7878000-7feed0000000 r--s 00000000 08:05 1052514                    /usr/lib/jvm/java-11-openjdk-amd64/lib/modules
7feed0000000-7feed0b00000 rw-p 00000000 00:00 0 
7feed0b00000-7feed4000000 ---p 00000000 00:00 0 
7feed4005000-7feed400c000 r--p 00000000 08:05 1052505                    /usr/lib/jvm/java-11-openjdk-amd64/lib/libnio.so
7feed400c000-7feed4014000 r-xp 00007000 08:05 1052505                    /usr/lib/jvm/java-11-openjdk-amd64/lib/libnio.so
7feed4014000-7feed4017000 r--p 0000f000 08:05 1052505                    /usr/lib/jvm/java-11-openjdk-amd64/lib/libnio.so
7feed4017000-7feed4018000 r--p 00011000 08:05 1052505                    /usr/lib/jvm/java-11-openjdk-amd64/lib/libnio.so
7feed4018000-7feed4019000 rw-p 00012000 08:05 1052505                    /usr/lib/jvm/java-11-openjdk-amd64/lib/libnio.so
7feed4019000-7feed401a000 ---p 00000000 00:00 0 
7feed401a000-7feed411b000 rw-p 00000000 00:00 0 
7feed411b000-7feed411c000 ---p 00000000 00:00 0 
7feed411c000-7feed4446000 rw-p 00000000 00:00 0 
7feed4446000-7feed60ae000 ---p 00000000 00:00 0 
7feed60ae000-7feed60f3000 rw-p 00000000 00:00 0 
7feed60f3000-7feed6480000 ---p 00000000 00:00 0 
7feed6480000-7feed64be000 rw-p 00000000 00:00 0 
7feed64be000-7feed684b000 ---p 00000000 00:00 0 
7feed684b000-7feed6889000 rw-p 00000000 00:00 0 
7feed6889000-7feed6c16000 ---p 00000000 00:00 0 
7feed6c16000-7feed701b000 rw-p 00000000 00:00 0 
7feed701b000-7feed701c000 ---p 00000000 00:00 0 
7feed701c000-7feed712c000 rw-p 00000000 00:00 0 
7feed712c000-7feed72f0000 ---p 00000000 00:00 0 
7feed72f0000-7feed72f5000 rw-p 00000000 00:00 0 
7feed72f5000-7feed72fe000 ---p 00000000 00:00 0 
7feed72fe000-7feed7301000 r--p 00000000 08:05 19270300                   /usr/lib/x86_64-linux-gnu/libnss_files-2.31.so
7feed7301000-7feed7308000 r-xp 00003000 08:05 19270300                   /usr/lib/x86_64-linux-gnu/libnss_files-2.31.so
7feed7308000-7feed730a000 r--p 0000a000 08:05 19270300                   /usr/lib/x86_64-linux-gnu/libnss_files-2.31.so
7feed730a000-7feed730b000 r--p 0000b000 08:05 19270300                   /usr/lib/x86_64-linux-gnu/libnss_files-2.31.so
7feed730b000-7feed730c000 rw-p 0000c000 08:05 19270300                   /usr/lib/x86_64-linux-gnu/libnss_files-2.31.so
7feed730c000-7feed7312000 rw-p 00000000 00:00 0 
7feed7312000-7feed7314000 r--s 0000c000 08:05 658138                     /usr/share/java/java-atk-wrapper.jar
7feed7314000-7feed7316000 r--p 00000000 08:05 1052513                    /usr/lib/jvm/java-11-openjdk-amd64/lib/libzip.so
7feed7316000-7feed731a000 r-xp 00002000 08:05 1052513                    /usr/lib/jvm/java-11-openjdk-amd64/lib/libzip.so
7feed731a000-7feed731c000 r--p 00006000 08:05 1052513                    /usr/lib/jvm/java-11-openjdk-amd64/lib/libzip.so
7feed731c000-7feed731d000 r--p 00007000 08:05 1052513                    /usr/lib/jvm/java-11-openjdk-amd64/lib/libzip.so
7feed731d000-7feed731e000 rw-p 00008000 08:05 1052513                    /usr/lib/jvm/java-11-openjdk-amd64/lib/libzip.so
7feed731e000-7feed7326000 rw-s 00000000 08:05 13771069                   /tmp/hsperfdata_junior/3240
7feed7326000-7feed7328000 r--p 00000000 08:05 1052496                    /usr/lib/jvm/java-11-openjdk-amd64/lib/libjimage.so
7feed7328000-7feed732b000 r-xp 00002000 08:05 1052496                    /usr/lib/jvm/java-11-openjdk-amd64/lib/libjimage.so
7feed732b000-7feed732c000 r--p 00005000 08:05 1052496                    /usr/lib/jvm/java-11-openjdk-amd64/lib/libjimage.so
7feed732c000-7feed732d000 ---p 00006000 08:05 1052496                    /usr/lib/jvm/java-11-openjdk-amd64/lib/libjimage.so
7feed732d000-7feed732e000 r--p 00006000 08:05 1052496                    /usr/lib/jvm/java-11-openjdk-amd64/lib/libjimage.so
7feed732e000-7feed732f000 rw-p 00007000 08:05 1052496                    /usr/lib/jvm/java-11-openjdk-amd64/lib/libjimage.so
7feed732f000-7feed733d000 r--p 00000000 08:05 1052430                    /usr/lib/jvm/java-11-openjdk-amd64/lib/libjava.so
7feed733d000-7feed7353000 r-xp 0000e000 08:05 1052430                    /usr/lib/jvm/java-11-openjdk-amd64/lib/libjava.so
7feed7353000-7feed735a000 r--p 00024000 08:05 1052430                    /usr/lib/jvm/java-11-openjdk-amd64/lib/libjava.so
7feed735a000-7feed735b000 r--p 0002a000 08:05 1052430                    /usr/lib/jvm/java-11-openjdk-amd64/lib/libjava.so
7feed735b000-7feed735c000 rw-p 0002b000 08:05 1052430                    /usr/lib/jvm/java-11-openjdk-amd64/lib/libjava.so
7feed735c000-7feed735d000 rw-p 00000000 00:00 0 
7feed735d000-7feed7360000 r--p 00000000 08:05 19270307                   /usr/lib/x86_64-linux-gnu/librt-2.31.so
7feed7360000-7feed7364000 r-xp 00003000 08:05 19270307                   /usr/lib/x86_64-linux-gnu/librt-2.31.so
7feed7364000-7feed7365000 r--p 00007000 08:05 19270307                   /usr/lib/x86_64-linux-gnu/librt-2.31.so
7feed7365000-7feed7366000 ---p 00008000 08:05 19270307                   /usr/lib/x86_64-linux-gnu/librt-2.31.so
7feed7366000-7feed7367000 r--p 00008000 08:05 19270307                   /usr/lib/x86_64-linux-gnu/librt-2.31.so
7feed7367000-7feed7368000 rw-p 00009000 08:05 19270307                   /usr/lib/x86_64-linux-gnu/librt-2.31.so
7feed7368000-7feed736c000 ---p 00000000 00:00 0 
7feed736c000-7feed7469000 rw-p 00000000 00:00 0 
7feed7469000-7feed746c000 r--p 00000000 08:05 19269798                   /usr/lib/x86_64-linux-gnu/libgcc_s.so.1
7feed746c000-7feed747e000 r-xp 00003000 08:05 19269798                   /usr/lib/x86_64-linux-gnu/libgcc_s.so.1
7feed747e000-7feed7482000 r--p 00015000 08:05 19269798                   /usr/lib/x86_64-linux-gnu/libgcc_s.so.1
7feed7482000-7feed7483000 r--p 00018000 08:05 19269798                   /usr/lib/x86_64-linux-gnu/libgcc_s.so.1
7feed7483000-7feed7484000 rw-p 00019000 08:05 19269798                   /usr/lib/x86_64-linux-gnu/libgcc_s.so.1
7feed7484000-7feed7493000 r--p 00000000 08:05 19270294                   /usr/lib/x86_64-linux-gnu/libm-2.31.so
7feed7493000-7feed753a000 r-xp 0000f000 08:05 19270294                   /usr/lib/x86_64-linux-gnu/libm-2.31.so
7feed753a000-7feed75d1000 r--p 000b6000 08:05 19270294                   /usr/lib/x86_64-linux-gnu/libm-2.31.so
7feed75d1000-7feed75d2000 r--p 0014c000 08:05 19270294                   /usr/lib/x86_64-linux-gnu/libm-2.31.so
7feed75d2000-7feed75d3000 rw-p 0014d000 08:05 19270294                   /usr/lib/x86_64-linux-gnu/libm-2.31.so
7feed75d3000-7feed7669000 r--p 00000000 08:05 19269784                   /usr/lib/x86_64-linux-gnu/libstdc++.so.6.0.28
7feed7669000-7feed775a000 r-xp 00096000 08:05 19269784                   /usr/lib/x86_64-linux-gnu/libstdc++.so.6.0.28
7feed775a000-7feed77a3000 r--p 00187000 08:05 19269784                   /usr/lib/x86_64-linux-gnu/libstdc++.so.6.0.28
7feed77a3000-7feed77a4000 ---p 001d0000 08:05 19269784                   /usr/lib/x86_64-linux-gnu/libstdc++.so.6.0.28
7feed77a4000-7feed77af000 r--p 001d0000 08:05 19269784                   /usr/lib/x86_64-linux-gnu/libstdc++.so.6.0.28
7feed77af000-7feed77b2000 rw-p 001db000 08:05 19269784                   /usr/lib/x86_64-linux-gnu/libstdc++.so.6.0.28
7feed77b2000-7feed77b5000 rw-p 00000000 00:00 0 
7feed77b5000-7feed7a2f000 r--p 00000000 08:05 1052517                    /usr/lib/jvm/java-11-openjdk-amd64/lib/server/libjvm.so
7feed7a2f000-7feed86b4000 r-xp 0027a000 08:05 1052517                    /usr/lib/jvm/java-11-openjdk-amd64/lib/server/libjvm.so
7feed86b4000-7feed890b000 r--p 00eff000 08:05 1052517                    /usr/lib/jvm/java-11-openjdk-amd64/lib/server/libjvm.so
7feed890b000-7feed89cc000 r--p 01155000 08:05 1052517                    /usr/lib/jvm/java-11-openjdk-amd64/lib/server/libjvm.so
7feed89cc000-7feed8a07000 rw-p 01216000 08:05 1052517                    /usr/lib/jvm/java-11-openjdk-amd64/lib/server/libjvm.so
7feed8a07000-7feed8a60000 rw-p 00000000 00:00 0 
7feed8a60000-7feed8a67000 r--p 00000000 08:05 19270305                   /usr/lib/x86_64-linux-gnu/libpthread-2.31.so
7feed8a67000-7feed8a78000 r-xp 00007000 08:05 19270305                   /usr/lib/x86_64-linux-gnu/libpthread-2.31.so
7feed8a78000-7feed8a7d000 r--p 00018000 08:05 19270305                   /usr/lib/x86_64-linux-gnu/libpthread-2.31.so
7feed8a7d000-7feed8a7e000 r--p 0001c000 08:05 19270305                   /usr/lib/x86_64-linux-gnu/libpthread-2.31.so
7feed8a7e000-7feed8a7f000 rw-p 0001d000 08:05 19270305                   /usr/lib/x86_64-linux-gnu/libpthread-2.31.so
7feed8a7f000-7feed8a83000 rw-p 00000000 00:00 0 
7feed8a83000-7feed8a84000 r--p 00000000 08:05 19270293                   /usr/lib/x86_64-linux-gnu/libdl-2.31.so
7feed8a84000-7feed8a86000 r-xp 00001000 08:05 19270293                   /usr/lib/x86_64-linux-gnu/libdl-2.31.so
7feed8a86000-7feed8a87000 r--p 00003000 08:05 19270293                   /usr/lib/x86_64-linux-gnu/libdl-2.31.so
7feed8a87000-7feed8a88000 r--p 00003000 08:05 19270293                   /usr/lib/x86_64-linux-gnu/libdl-2.31.so
7feed8a88000-7feed8a89000 rw-p 00004000 08:05 19270293                   /usr/lib/x86_64-linux-gnu/libdl-2.31.so
7feed8a89000-7feed8a8b000 r--p 00000000 08:05 19267785                   /usr/lib/x86_64-linux-gnu/libz.so.1.2.11
7feed8a8b000-7feed8a9c000 r-xp 00002000 08:05 19267785                   /usr/lib/x86_64-linux-gnu/libz.so.1.2.11
7feed8a9c000-7feed8aa2000 r--p 00013000 08:05 19267785                   /usr/lib/x86_64-linux-gnu/libz.so.1.2.11
7feed8aa2000-7feed8aa3000 ---p 00019000 08:05 19267785                   /usr/lib/x86_64-linux-gnu/libz.so.1.2.11
7feed8aa3000-7feed8aa4000 r--p 00019000 08:05 19267785                   /usr/lib/x86_64-linux-gnu/libz.so.1.2.11
7feed8aa4000-7feed8aa5000 rw-p 0001a000 08:05 19267785                   /usr/lib/x86_64-linux-gnu/libz.so.1.2.11
7feed8aa5000-7feed8aca000 r--p 00000000 08:05 19270292                   /usr/lib/x86_64-linux-gnu/libc-2.31.so
7feed8aca000-7feed8c42000 r-xp 00025000 08:05 19270292                   /usr/lib/x86_64-linux-gnu/libc-2.31.so
7feed8c42000-7feed8c8c000 r--p 0019d000 08:05 19270292                   /usr/lib/x86_64-linux-gnu/libc-2.31.so
7feed8c8c000-7feed8c8d000 ---p 001e7000 08:05 19270292                   /usr/lib/x86_64-linux-gnu/libc-2.31.so
7feed8c8d000-7feed8c90000 r--p 001e7000 08:05 19270292                   /usr/lib/x86_64-linux-gnu/libc-2.31.so
7feed8c90000-7feed8c93000 rw-p 001ea000 08:05 19270292                   /usr/lib/x86_64-linux-gnu/libc-2.31.so
7feed8c93000-7feed8c97000 rw-p 00000000 00:00 0 
7feed8c97000-7feed8c98000 ---p 00000000 00:00 0 
7feed8c98000-7feed8c99000 r--p 00000000 00:00 0 
7feed8c99000-7feed8c9e000 r--p 00000000 08:05 1052512                    /usr/lib/jvm/java-11-openjdk-amd64/lib/libverify.so
7feed8c9e000-7feed8ca5000 r-xp 00005000 08:05 1052512                    /usr/lib/jvm/java-11-openjdk-amd64/lib/libverify.so
7feed8ca5000-7feed8ca7000 r--p 0000c000 08:05 1052512                    /usr/lib/jvm/java-11-openjdk-amd64/lib/libverify.so
7feed8ca7000-7feed8ca8000 ---p 0000e000 08:05 1052512                    /usr/lib/jvm/java-11-openjdk-amd64/lib/libverify.so
7feed8ca8000-7feed8caa000 r--p 0000e000 08:05 1052512                    /usr/lib/jvm/java-11-openjdk-amd64/lib/libverify.so
7feed8caa000-7feed8cab000 rw-p 00010000 08:05 1052512                    /usr/lib/jvm/java-11-openjdk-amd64/lib/libverify.so
7feed8cab000-7feed8cae000 r--p 00000000 08:05 1052089                    /usr/lib/jvm/java-11-openjdk-amd64/lib/jli/libjli.so
7feed8cae000-7feed8cb8000 r-xp 00003000 08:05 1052089                    /usr/lib/jvm/java-11-openjdk-amd64/lib/jli/libjli.so
7feed8cb8000-7feed8cbb000 r--p 0000d000 08:05 1052089                    /usr/lib/jvm/java-11-openjdk-amd64/lib/jli/libjli.so
7feed8cbb000-7feed8cbc000 ---p 00010000 08:05 1052089                    /usr/lib/jvm/java-11-openjdk-amd64/lib/jli/libjli.so
7feed8cbc000-7feed8cbd000 r--p 00010000 08:05 1052089                    /usr/lib/jvm/java-11-openjdk-amd64/lib/jli/libjli.so
7feed8cbd000-7feed8cbe000 rw-p 00011000 08:05 1052089                    /usr/lib/jvm/java-11-openjdk-amd64/lib/jli/libjli.so
7feed8cbe000-7feed8cc0000 rw-p 00000000 00:00 0 
7feed8cc0000-7feed8cc1000 r--p 00000000 08:05 19269655                   /usr/lib/x86_64-linux-gnu/ld-2.31.so
7feed8cc1000-7feed8ce4000 r-xp 00001000 08:05 19269655                   /usr/lib/x86_64-linux-gnu/ld-2.31.so
7feed8ce4000-7feed8cec000 r--p 00024000 08:05 19269655                   /usr/lib/x86_64-linux-gnu/ld-2.31.so
7feed8ced000-7feed8cee000 r--p 0002c000 08:05 19269655                   /usr/lib/x86_64-linux-gnu/ld-2.31.so
7feed8cee000-7feed8cef000 rw-p 0002d000 08:05 19269655                   /usr/lib/x86_64-linux-gnu/ld-2.31.so
7feed8cef000-7feed8cf0000 rw-p 00000000 00:00 0 
7ffe5d6c5000-7ffe5d6e7000 rw-p 00000000 00:00 0                          [stack]
7ffe5d7cf000-7ffe5d7d2000 r--p 00000000 00:00 0                          [vvar]
7ffe5d7d2000-7ffe5d7d3000 r-xp 00000000 00:00 0                          [vdso]
ffffffffff600000-ffffffffff601000 --xp 00000000 00:00 0                  [vsyscall]


VM Arguments:
jvm_args: -Dsts.lsp.client=vscode -Dsts.log.file=/dev/null -XX:TieredStopAtLevel=1 -Dspring.config.location=file:/home/junior/.vscode/extensions/pivotal.vscode-spring-boot-1.27.0/language-server/BOOT-INF/classes/application.properties 
java_command: org.springframework.ide.vscode.boot.app.BootLanguageServerBootApp
java_class_path (initial): /home/junior/.vscode/extensions/pivotal.vscode-spring-boot-1.27.0/language-server/BOOT-INF/classes:/home/junior/.vscode/extensions/pivotal.vscode-spring-boot-1.27.0/language-server/BOOT-INF/lib/commons-io-2.4.jar:/home/junior/.vscode/extensions/pivotal.vscode-spring-boot-1.27.0/language-server/BOOT-INF/lib/spring-boot-autoconfigure-2.3.6.RELEASE.jar:/home/junior/.vscode/extensions/pivotal.vscode-spring-boot-1.27.0/language-server/BOOT-INF/lib/spring-context-indexer-5.2.11.RELEASE.jar:/home/junior/.vscode/extensions/pivotal.vscode-spring-boot-1.27.0/language-server/BOOT-INF/lib/guava-19.0.jar:/home/junior/.vscode/extensions/pivotal.vscode-spring-boot-1.27.0/language-server/BOOT-INF/lib/xercesImpl-2.12.0.jar:/home/junior/.vscode/extensions/pivotal.vscode-spring-boot-1.27.0/language-server/BOOT-INF/lib/spring-aop-5.2.11.RELEASE.jar:/home/junior/.vscode/extensions/pivotal.vscode-spring-boot-1.27.0/language-server/BOOT-INF/lib/org.eclipse.core.resources-3.15.0.jar:/home/junior/.vscode/extensions/pivotal.vscode-spring-boot-1.27.0/language-server/BOOT-INF/lib/xml-apis-1.4.01.jar:/home/junior/.vscode/extensions/pivotal.vscode-spring-boot-1.27.0/language-server/BOOT-INF/lib/jul-to-slf4j-1.7.30.jar:/home/junior/.vscode/extensions/pivotal.vscode-spring-boot-1.27.0/language-server/BOOT-INF/lib/org.eclipse.core.commands-3.10.0.jar:/home/junior/.vscode/extensions/pivotal.vscode-spring-boot-1.27.0/language-server/BOOT-INF/lib/org.json-1.0.0-SNAPSHOT.jar:/home/junior/.vscode/extensions/pivotal.vscode-spring-boot-1.27.0/language-server/BOOT-INF/lib/byte-buddy-1.10.18.jar:/home/junior/.vscode/extensions/pivotal.vscode-spring-boot-1.27.0/language-server/BOOT-INF/lib/jandex-2.0.5.Final.jar:/home/junior/.vscode/extensions/pivotal.vscode-spring-boot-1.27.0/language-server/BOOT-INF/lib/commons-util-1.27.0-SNAPSHOT.jar:/home/junior/.vscode/extensions/pivotal.vscode-spring-boot-1.27.0/language-server/BOOT-INF/lib/org.eclipse.core.runtime-3.22.0.jar:/home/junior/
Launcher Type: SUN_STANDARD

[Global flags]
     intx CICompilerCount                          = 3                                         {product} {ergonomic}
     uint ConcGCThreads                            = 1                                         {product} {ergonomic}
     uint G1ConcRefinementThreads                  = 4                                         {product} {ergonomic}
   size_t G1HeapRegionSize                         = 1048576                                   {product} {ergonomic}
    uintx GCDrainStackTargetSize                   = 64                                        {product} {ergonomic}
   size_t InitialHeapSize                          = 127926272                                 {product} {ergonomic}
   size_t MarkStackSize                            = 4194304                                   {product} {ergonomic}
   size_t MaxHeapSize                              = 2036334592                                {product} {ergonomic}
   size_t MaxNewSize                               = 1221591040                                {product} {ergonomic}
   size_t MinHeapDeltaBytes                        = 1048576                                   {product} {ergonomic}
    uintx NonNMethodCodeHeapSize                   = 6973028                                {pd product} {ergonomic}
    uintx NonProfiledCodeHeapSize                  = 244685212                              {pd product} {ergonomic}
    uintx ProfiledCodeHeapSize                     = 0                                      {pd product} {ergonomic}
    uintx ReservedCodeCacheSize                    = 251658240                              {pd product} {ergonomic}
     bool SegmentedCodeCache                       = true                                      {product} {ergonomic}
     intx TieredStopAtLevel                        = 1                                         {product} {command line}
     bool UseCompressedClassPointers               = true                                 {lp64_product} {ergonomic}
     bool UseCompressedOops                        = true                                 {lp64_product} {ergonomic}
     bool UseG1GC                                  = true                                      {product} {ergonomic}

Logging:
Log output configuration:
 #0: stdout all=warning uptime,level,tags
 #1: stderr all=off uptime,level,tags

Environment Variables:
PATH=/usr/local/sbin:/usr/local/bin:/usr/sbin:/usr/bin:/sbin:/bin:/usr/games:/usr/local/games:/snap/bin
SHELL=/bin/bash
DISPLAY=:0.0
LANG=en_US.UTF-8
LC_CTYPE=pt_BR.UTF-8

Signal Handlers:
SIGSEGV: [libjvm.so+0xe8ba00], sa_mask[0]=11111111011111111101111111111110, sa_flags=SA_RESTART|SA_SIGINFO
SIGBUS: [libjvm.so+0xe8ba00], sa_mask[0]=11111111011111111101111111111110, sa_flags=SA_RESTART|SA_SIGINFO
SIGFPE: [libjvm.so+0xe8ba00], sa_mask[0]=11111111011111111101111111111110, sa_flags=SA_RESTART|SA_SIGINFO
SIGPIPE: [libjvm.so+0xbd10f0], sa_mask[0]=11111111011111111101111111111110, sa_flags=SA_RESTART|SA_SIGINFO
SIGXFSZ: [libjvm.so+0xbd10f0], sa_mask[0]=11111111011111111101111111111110, sa_flags=SA_RESTART|SA_SIGINFO
SIGILL: [libjvm.so+0xe8ba00], sa_mask[0]=11111111011111111101111111111110, sa_flags=SA_RESTART|SA_SIGINFO
SIGUSR2: [libjvm.so+0xbd0f90], sa_mask[0]=00000000000000000000000000000000, sa_flags=SA_RESTART|SA_SIGINFO
SIGHUP: [libjvm.so+0xbd1430], sa_mask[0]=11111111011111111101111111111110, sa_flags=SA_RESTART|SA_SIGINFO
SIGINT: [libjvm.so+0xbd1430], sa_mask[0]=11111111011111111101111111111110, sa_flags=SA_RESTART|SA_SIGINFO
SIGTERM: [libjvm.so+0xbd1430], sa_mask[0]=11111111011111111101111111111110, sa_flags=SA_RESTART|SA_SIGINFO
SIGQUIT: [libjvm.so+0xbd1430], sa_mask[0]=11111111011111111101111111111110, sa_flags=SA_RESTART|SA_SIGINFO


---------------  S Y S T E M  ---------------

OS:DISTRIB_ID=Ubuntu
DISTRIB_RELEASE=20.04
DISTRIB_CODENAME=focal
DISTRIB_DESCRIPTION="Ubuntu 20.04.3 LTS"
uname:Linux 5.4.0-81-generic #91-Ubuntu SMP Thu Jul 15 19:09:17 UTC 2021 x86_64
OS uptime: 0 days 0:30 hours
libc:glibc 2.31 NPTL 2.31 
rlimit (soft/hard): STACK 8192k/infinity , CORE 0k/infinity , NPROC 30813/30813 , NOFILE 1048576/1048576 , AS infinity/infinity , CPU infinity/infinity , DATA infinity/infinity , FSIZE infinity/infinity , MEMLOCK 65536k/65536k
load average:7,79 3,11 2,24

/proc/meminfo:
MemTotal:        7947112 kB
MemFree:         5242460 kB
MemAvailable:    5542464 kB
Buffers:           39732 kB
Cached:           684048 kB
SwapCached:        21644 kB
Active:          1805936 kB
Inactive:         577480 kB
Active(anon):    1522284 kB
Inactive(anon):   372880 kB
Active(file):     283652 kB
Inactive(file):   204600 kB
Unevictable:       53428 kB
Mlocked:              64 kB
SwapTotal:       2097148 kB
SwapFree:        1822996 kB
Dirty:               844 kB
Writeback:             0 kB
AnonPages:       1699268 kB
Mapped:           362844 kB
Shmem:            236092 kB
KReclaimable:      65120 kB
Slab:             183204 kB
SReclaimable:      65120 kB
SUnreclaim:       118084 kB
KernelStack:       12064 kB
PageTables:        24052 kB
NFS_Unstable:          0 kB
Bounce:                0 kB
WritebackTmp:          0 kB
CommitLimit:     6070704 kB
Committed_AS:    8911452 kB
VmallocTotal:   34359738367 kB
VmallocUsed:       27544 kB
VmallocChunk:          0 kB
Percpu:             3344 kB
HardwareCorrupted:     0 kB
AnonHugePages:         0 kB
ShmemHugePages:        0 kB
ShmemPmdMapped:        0 kB
FileHugePages:         0 kB
FilePmdMapped:         0 kB
CmaTotal:              0 kB
CmaFree:               0 kB
HugePages_Total:       0
HugePages_Free:        0
HugePages_Rsvd:        0
HugePages_Surp:        0
Hugepagesize:       2048 kB
Hugetlb:               0 kB
DirectMap4k:      236616 kB
DirectMap2M:     7946240 kB

/sys/kernel/mm/transparent_hugepage/enabled:
always [madvise] never
/sys/kernel/mm/transparent_hugepage/defrag (defrag/compaction efforts parameter):
always defer defer+madvise [madvise] never

Process Memory:
Virtual Size: 5622568K (peak: 13418304K)
Resident Set Size: 193200K (peak: 193284K) (anon: 175848K, file: 17352K, shmem: 0K)
Swapped out: 0K
C-Heap outstanding allocations: 17794K

/proc/sys/kernel/threads-max (system-wide limit on the number of threads):
61627
/proc/sys/vm/max_map_count (maximum number of memory map areas a process may have):
65530
/proc/sys/kernel/pid_max (system-wide limit on number of process identifiers):
4194304

container (cgroup) information:
container_type: cgroupv1
cpu_cpuset_cpus: 0-3
cpu_memory_nodes: 0
active_processor_count: 4
cpu_quota: -1
cpu_period: 100000
cpu_shares: -1
memory_limit_in_bytes: -1
memory_and_swap_limit_in_bytes: -2
memory_soft_limit_in_bytes: -1
memory_usage_in_bytes: 1764483072
memory_max_usage_in_bytes: 2675503104

Steal ticks since vm start: 0
Steal ticks percentage since vm start:  0,000

CPU:total 4 (initial active 4) (2 cores per cpu, 2 threads per core) family 6 model 37 stepping 5 microcode 0x7, cmov, cx8, fxsr, mmx, sse, sse2, sse3, ssse3, sse4.1, sse4.2, popcnt, ht, tsc, tscinvbit
CPU Model and flags from /proc/cpuinfo:
model name	: Intel(R) Core(TM) i5 CPU       M 480  @ 2.67GHz
flags		: fpu vme de pse tsc msr pae mce cx8 apic sep mtrr pge mca cmov pat pse36 clflush dts acpi mmx fxsr sse sse2 ht tm pbe syscall nx rdtscp lm constant_tsc arch_perfmon pebs bts rep_good nopl xtopology nonstop_tsc cpuid aperfmperf pni dtes64 monitor ds_cpl vmx est tm2 ssse3 cx16 xtpr pdcm pcid sse4_1 sse4_2 popcnt lahf_lm pti ssbd ibrs ibpb stibp tpr_shadow vnmi flexpriority ept vpid dtherm ida arat flush_l1d
Online cpus:
0-3
Offline cpus:

BIOS frequency limitation:
2661000
Frequency switch latency (ns):
10000
Available cpu frequencies:
2661000 2660000 2527000 2394000 2261000 2128000 1995000 1862000 1729000 1197000 
Current governor:
ondemand
Core performance/turbo boost:
1

Memory: 4k page, physical 7947112k(5242460k free), swap 2097148k(1822996k free)

vm_info: OpenJDK 64-Bit Server VM (11.0.11+9-Ubuntu-0ubuntu2.20.04) for linux-amd64 JRE (11.0.11+9-Ubuntu-0ubuntu2.20.04), built on Apr 21 2021 09:15:32 by "unknown" with gcc 9.3.0

END.
