#
# A fatal error has been detected by the Java Runtime Environment:
#
#  SIGSEGV (0xb) at pc=0x00007f09479c086d, pid=3145, tid=3302
#
# JRE version: OpenJDK Runtime Environment (11.0.11+9) (build 11.0.11+9-Ubuntu-0ubuntu2.20.04)
# Java VM: OpenJDK 64-Bit Server VM (11.0.11+9-Ubuntu-0ubuntu2.20.04, mixed mode, sharing, tiered, compressed oops, parallel gc, linux-amd64)
# Problematic frame:
# V  [libjvm.so+0xba486d]
#
# Core dump will be written. Default location: Core dumps may be processed with "/usr/share/apport/apport %p %s %c %d %P %E" (or dumping to /home/junior/Desktop/Arquitetura_baseada_em_microsservi√ßos_usando_Spring/product-catalog/core.3145)
#
# If you would like to submit a bug report, please visit:
#   https://bugs.launchpad.net/ubuntu/+source/openjdk-lts
#

---------------  S U M M A R Y ------------

Command Line: --add-modules=ALL-SYSTEM --add-opens=java.base/java.util=ALL-UNNAMED --add-opens=java.base/java.lang=ALL-UNNAMED -Declipse.application=org.eclipse.jdt.ls.core.id1 -Dosgi.bundles.defaultStartLevel=4 -Declipse.product=org.eclipse.jdt.ls.core.product -Dfile.encoding=utf8 -XX:+UseParallelGC -XX:GCTimeRatio=4 -XX:AdaptiveSizePolicyWeight=90 -Dsun.zip.disableMemoryMapping=true -Xmx1G -Xms100m -javaagent:/home/junior/.vscode/extensions/gabrielbb.vscode-lombok-1.0.1/server/lombok.jar -Xverify:none /home/junior/.vscode/extensions/redhat.java-0.81.0/server/plugins/org.eclipse.equinox.launcher_1.6.200.v20210416-2027.jar -configuration /home/junior/.config/Code/User/globalStorage/redhat.java/0.81.0/config_linux -data /home/junior/.config/Code/User/workspaceStorage/2c1185c5ee7c04fc57a23c7e4dc6a99d/redhat.java/jdt_ws

Host: Intel(R) Core(TM) i5 CPU       M 480  @ 2.67GHz, 4 cores, 7G, Ubuntu 20.04.3 LTS
Time: Mon Sep  6 15:39:06 2021 -03 elapsed time: 896.747719 seconds (0d 0h 14m 56s)

---------------  T H R E A D  ---------------

Current thread (0x00007f08b00a5000):  JavaThread "RxNewThreadScheduler-1" daemon [_thread_in_vm, id=3302, stack(0x00007f08b98f5000,0x00007f08b99f6000)]

Stack: [0x00007f08b98f5000,0x00007f08b99f6000],  sp=0x00007f08b99f3e18,  free space=1019k
Native frames: (J=compiled Java code, A=aot compiled Java code, j=interpreted, Vv=VM code, C=native code)
V  [libjvm.so+0xba486d]
V  [libjvm.so+0xba8691]
V  [libjvm.so+0x903fcc]  JVM_ArrayCopy+0xcc
J 40  java.lang.System.arraycopy(Ljava/lang/Object;ILjava/lang/Object;II)V java.base@11.0.11 (0 bytes) @ 0x00007f09303421ba [0x00007f09303420c0+0x00000000000000fa]
j  java.util.stream.SpinedBuffer.copyInto([Ljava/lang/Object;I)V+51 java.base@11.0.11
j  java.util.stream.Nodes$SpinedNodeBuilder.copyInto([Ljava/lang/Object;I)V+26 java.base@11.0.11
j  java.util.stream.SpinedBuffer.asArray(Ljava/util/function/IntFunction;)[Ljava/lang/Object;+40 java.base@11.0.11
j  java.util.stream.Nodes$SpinedNodeBuilder.asArray(Ljava/util/function/IntFunction;)[Ljava/lang/Object;+25 java.base@11.0.11
J 5793 c1 java.util.stream.ReferencePipeline.toArray(Ljava/util/function/IntFunction;)[Ljava/lang/Object; java.base@11.0.11 (18 bytes) @ 0x00007f0929bbcedc [0x00007f0929bbcd60+0x000000000000017c]
j  com.microsoft.java.debug.core.protocol.Requests$Command.parse(Ljava/lang/String;)Lcom/microsoft/java/debug/core/protocol/Requests$Command;+22
j  com.microsoft.java.debug.core.adapter.DebugAdapter.dispatchRequest(Lcom/microsoft/java/debug/core/protocol/Messages$Request;)Ljava/util/concurrent/CompletableFuture;+33
j  com.microsoft.java.debug.core.adapter.ProtocolServer.dispatchRequest(Lcom/microsoft/java/debug/core/protocol/Messages$Request;)V+35
j  com.microsoft.java.debug.core.protocol.AbstractProtocolServer.lambda$new$0(Lcom/microsoft/java/debug/core/protocol/Messages$Request;)V+2
j  com.microsoft.java.debug.core.protocol.AbstractProtocolServer$$Lambda$412.accept(Ljava/lang/Object;)V+8
j  io.reactivex.internal.observers.LambdaObserver.onNext(Ljava/lang/Object;)V+12
j  io.reactivex.internal.operators.observable.ObservableObserveOn$ObserveOnObserver.drainNormal()V+122
j  io.reactivex.internal.operators.observable.ObservableObserveOn$ObserveOnObserver.run()V+15
j  io.reactivex.internal.schedulers.ScheduledRunnable.run()V+12
j  io.reactivex.internal.schedulers.ScheduledRunnable.call()Ljava/lang/Object;+1
j  java.util.concurrent.FutureTask.run()V+39 java.base@11.0.11
J 8067 c1 java.util.concurrent.ScheduledThreadPoolExecutor$ScheduledFutureTask.run()V java.base@11.0.11 (57 bytes) @ 0x00007f092a25780c [0x00007f092a257540+0x00000000000002cc]
j  java.util.concurrent.ThreadPoolExecutor.runWorker(Ljava/util/concurrent/ThreadPoolExecutor$Worker;)V+92 java.base@11.0.11
j  java.util.concurrent.ThreadPoolExecutor$Worker.run()V+5 java.base@11.0.11
j  java.lang.Thread.run()V+11 java.base@11.0.11
v  ~StubRoutines::call_stub
V  [libjvm.so+0x859b69]
V  [libjvm.so+0x8581be]
V  [libjvm.so+0x903dd1]
V  [libjvm.so+0xe2105f]
V  [libjvm.so+0xe1d690]
V  [libjvm.so+0xbdac76]

Java frames: (J=compiled Java code, j=interpreted, Vv=VM code)
J 40  java.lang.System.arraycopy(Ljava/lang/Object;ILjava/lang/Object;II)V java.base@11.0.11 (0 bytes) @ 0x00007f0930342140 [0x00007f09303420c0+0x0000000000000080]
j  java.util.stream.SpinedBuffer.copyInto([Ljava/lang/Object;I)V+51 java.base@11.0.11
j  java.util.stream.Nodes$SpinedNodeBuilder.copyInto([Ljava/lang/Object;I)V+26 java.base@11.0.11
j  java.util.stream.SpinedBuffer.asArray(Ljava/util/function/IntFunction;)[Ljava/lang/Object;+40 java.base@11.0.11
j  java.util.stream.Nodes$SpinedNodeBuilder.asArray(Ljava/util/function/IntFunction;)[Ljava/lang/Object;+25 java.base@11.0.11
J 5793 c1 java.util.stream.ReferencePipeline.toArray(Ljava/util/function/IntFunction;)[Ljava/lang/Object; java.base@11.0.11 (18 bytes) @ 0x00007f0929bbcedc [0x00007f0929bbcd60+0x000000000000017c]
j  com.microsoft.java.debug.core.protocol.Requests$Command.parse(Ljava/lang/String;)Lcom/microsoft/java/debug/core/protocol/Requests$Command;+22
j  com.microsoft.java.debug.core.adapter.DebugAdapter.dispatchRequest(Lcom/microsoft/java/debug/core/protocol/Messages$Request;)Ljava/util/concurrent/CompletableFuture;+33
j  com.microsoft.java.debug.core.adapter.ProtocolServer.dispatchRequest(Lcom/microsoft/java/debug/core/protocol/Messages$Request;)V+35
j  com.microsoft.java.debug.core.protocol.AbstractProtocolServer.lambda$new$0(Lcom/microsoft/java/debug/core/protocol/Messages$Request;)V+2
j  com.microsoft.java.debug.core.protocol.AbstractProtocolServer$$Lambda$412.accept(Ljava/lang/Object;)V+8
j  io.reactivex.internal.observers.LambdaObserver.onNext(Ljava/lang/Object;)V+12
j  io.reactivex.internal.operators.observable.ObservableObserveOn$ObserveOnObserver.drainNormal()V+122
j  io.reactivex.internal.operators.observable.ObservableObserveOn$ObserveOnObserver.run()V+15
j  io.reactivex.internal.schedulers.ScheduledRunnable.run()V+12
j  io.reactivex.internal.schedulers.ScheduledRunnable.call()Ljava/lang/Object;+1
j  java.util.concurrent.FutureTask.run()V+39 java.base@11.0.11
J 8067 c1 java.util.concurrent.ScheduledThreadPoolExecutor$ScheduledFutureTask.run()V java.base@11.0.11 (57 bytes) @ 0x00007f092a25780c [0x00007f092a257540+0x00000000000002cc]
j  java.util.concurrent.ThreadPoolExecutor.runWorker(Ljava/util/concurrent/ThreadPoolExecutor$Worker;)V+92 java.base@11.0.11
j  java.util.concurrent.ThreadPoolExecutor$Worker.run()V+5 java.base@11.0.11
j  java.lang.Thread.run()V+11 java.base@11.0.11
v  ~StubRoutines::call_stub

siginfo: si_signo: 11 (SIGSEGV), si_code: 1 (SEGV_MAPERR), si_addr: 0x0000000000000020

Register to memory mapping:

RAX=0x0 is NULL
RBX=0x0000000000000001 is an unknown value
RCX=0x00000000eafcb3f8 is an oop: [Lcom.microsoft.java.debug.core.protocol.Requests$Command; 
{0x00000000eafcb3f8} - klass: 'com/microsoft/java/debug/core/protocol/Requests$Command'[]
 - length: 1
RDX=0x0 is NULL
RSP=0x00007f08b99f3e18 is pointing into the stack for thread: 0x00007f08b00a5000
RBP=0x00007f08b99f3f10 is pointing into the stack for thread: 0x00007f08b00a5000
RSI=0x0 is NULL
RDI=0x00000000eafcb390 points into unknown readable memory: 0x0000000000000001 | 01 00 00 00 00 00 00 00
R8 =0x0000000000000010 is an unknown value
R9 =0x0 is NULL
R10=0x0000000840677198 is a pointer to class: 
com.microsoft.java.debug.core.protocol.Requests$Command {0x0000000840677198}
R11=0x00007f0948054690: <offset 0x0000000001238690> in /usr/lib/jvm/java-11-openjdk-amd64/lib/server/libjvm.so at 0x00007f0946e1c000
R12=0x00000000eafcb390 points into unknown readable memory: 0x0000000000000001 | 01 00 00 00 00 00 00 00
R13=0x0000000000000010 is an unknown value
R14=0x0000000000000010 is an unknown value
R15=0x0000000800002478 is pointing into metadata


Registers:
RAX=0x0000000000000000, RBX=0x0000000000000001, RCX=0x00000000eafcb3f8, RDX=0x0000000000000000
RSP=0x00007f08b99f3e18, RBP=0x00007f08b99f3f10, RSI=0x0000000000000000, RDI=0x00000000eafcb390
R8 =0x0000000000000010, R9 =0x0000000000000000, R10=0x0000000840677198, R11=0x00007f0948054690
R12=0x00000000eafcb390, R13=0x0000000000000010, R14=0x0000000000000010, R15=0x0000000800002478
RIP=0x00007f09479c086d, EFLAGS=0x0000000000010256, CSGSFS=0x002b000000000033, ERR=0x0000000000000004
  TRAPNO=0x000000000000000e

Top of Stack: (sp=0x00007f08b99f3e18)
0x00007f08b99f3e18:   0000000000000000 00000000c01d8b10
0x00007f08b99f3e28:   000000080031c828 0000000000000001
0x00007f08b99f3e38:   00000000eafcb390 00000000eafcb3f8
0x00007f08b99f3e48:   00007f09479c4373 0000000000000001 

Instructions: (pc=0x00007f09479c086d)
0x00007f09479c076d:   0f 1f 00 f3 0f 1e fa 48 8b 7f 38 48 8b 07 ff a0
0x00007f09479c077d:   d0 00 00 00 90 66 66 2e 0f 1f 84 00 00 00 00 00
0x00007f09479c078d:   0f 1f 00 f3 0f 1e fa 8b 47 2c 83 e0 07 83 f8 04
0x00007f09479c079d:   74 29 f6 47 30 10 74 33 55 48 8b 07 48 89 e5 ff
0x00007f09479c07ad:   50 28 83 78 10 04 75 0b 5d c3 66 0f 1f 84 00 00
0x00007f09479c07bd:   00 00 00 31 c0 5d c3 0f 1f 40 00 48 8b 47 38 83
0x00007f09479c07cd:   78 10 04 75 06 c3 0f 1f 44 00 00 31 c0 c3 90 0f
0x00007f09479c07dd:   1f 40 00 f3 0f 1e fa 55 48 8b 07 48 89 e5 ff 50
0x00007f09479c07ed:   28 8b 50 10 83 fa 06 74 1a 83 fa 07 74 15 83 ea
0x00007f09479c07fd:   0f 5d 83 fa 07 ba 00 00 00 00 48 0f 43 c2 c3 0f
0x00007f09479c080d:   1f 40 00 48 8b 40 18 5d c3 66 2e 0f 1f 84 00 00
0x00007f09479c081d:   00 00 00 f3 0f 1e fa 48 8b 47 38 f2 0f 10 40 18
0x00007f09479c082d:   c3 66 90 f3 0f 1e fa 48 8b 47 38 f3 0f 10 40 14
0x00007f09479c083d:   c3 66 90 f3 0f 1e fa 55 48 89 e5 41 57 49 89 cf
0x00007f09479c084d:   41 56 49 89 d6 41 55 4d 89 c5 41 54 49 89 fc 53
0x00007f09479c085d:   48 83 ec 18 48 89 75 c8 8b 77 28 89 f0 c1 e8 05
0x00007f09479c086d:   41 3b 40 10 72 7d 49 8b 00 4c 89 c7 ff 50 20 48
0x00007f09479c087d:   8b 45 c8 4c 89 fe 4c 89 e7 31 db ff d0 41 8b 44
0x00007f09479c088d:   24 1c 85 c0 74 2e 49 8b 4c 24 08 89 da 48 8b 3c
0x00007f09479c089d:   d1 48 85 ff 74 3d 48 8b 75 c8 4d 89 e8 4c 89 f9
0x00007f09479c08ad:   4c 89 f2 83 c3 01 e8 88 ff ff ff 41 8b 44 24 1c
0x00007f09479c08bd:   39 d8 77 d2 48 83 c4 18 4c 89 fe 4c 89 e7 4c 89
0x00007f09479c08cd:   f0 5b 41 5c 41 5d 41 5e 41 5f 5d ff e0 66 0f 1f
0x00007f09479c08dd:   44 00 00 83 c3 01 39 c3 72 b1 eb d8 0f 1f 80 00
0x00007f09479c08ed:   00 00 00 83 e6 1f ba 01 00 00 00 89 f1 48 d3 e2
0x00007f09479c08fd:   49 8b 48 18 48 8d 0c 81 8b 01 89 c6 09 d6 89 31
0x00007f09479c090d:   85 d0 0f 84 67 ff ff ff 48 83 c4 18 5b 41 5c 41
0x00007f09479c091d:   5d 41 5e 41 5f 5d c3 66 66 2e 0f 1f 84 00 00 00
0x00007f09479c092d:   00 00 90 f3 0f 1e fa 55 48 89 e5 41 57 41 56 49
0x00007f09479c093d:   89 f6 4c 8d 7d b0 41 55 49 89 cd 41 54 49 89 fc
0x00007f09479c094d:   53 48 89 d3 48 83 ec 38 66 48 8d 3d 63 26 67 00
0x00007f09479c095d:   66 66 48 e8 ab 5b 6d ff 4c 89 ff 48 8b 00 48 8b 


Stack slot to memory mapping:
stack at sp + 0 slots: 0x0 is NULL
stack at sp + 1 slots: 0x00000000c01d8b10 points into unknown readable memory: 0x0000000000000011 | 11 00 00 00 00 00 00 00
stack at sp + 2 slots: {method} {0x000000080031c828} 'writeBytes' '()V' in 'sun/nio/cs/StreamEncoder'
stack at sp + 3 slots: 0x0000000000000001 is an unknown value
stack at sp + 4 slots: 0x00000000eafcb390 points into unknown readable memory: 0x0000000000000001 | 01 00 00 00 00 00 00 00
stack at sp + 5 slots: 0x00000000eafcb3f8 is an oop: [Lcom.microsoft.java.debug.core.protocol.Requests$Command; 
{0x00000000eafcb3f8} - klass: 'com/microsoft/java/debug/core/protocol/Requests$Command'[]
 - length: 1
stack at sp + 6 slots: 0x00007f09479c4373: <offset 0x0000000000ba8373> in /usr/lib/jvm/java-11-openjdk-amd64/lib/server/libjvm.so at 0x00007f0946e1c000
stack at sp + 7 slots: 0x0000000000000001 is an unknown value


---------------  P R O C E S S  ---------------

Threads class SMR info:
_java_thread_list=0x00007f08f8003d30, length=36, elements={
0x00007f0940017000, 0x00007f094015d800, 0x00007f0940167800, 0x00007f0940173000,
0x00007f0940175000, 0x00007f0940177800, 0x00007f0940179800, 0x00007f094017b800,
0x00007f09401bd000, 0x00007f0940358800, 0x00007f0940475000, 0x00007f094047a000,
0x00007f08e002a000, 0x00007f08e01f4000, 0x00007f08e0437800, 0x00007f08e0803000,
0x00007f09403cc000, 0x00007f09404e5800, 0x00007f08c400b000, 0x00007f089803e000,
0x00007f08c401a000, 0x00005582a7012800, 0x00007f08a0102000, 0x00007f08b0030000,
0x00007f08b0038000, 0x00007f08b00a5000, 0x00007f08bc18c800, 0x00007f08bc18d800,
0x00007f08bc343800, 0x00007f08bc346000, 0x00007f08d0017000, 0x00007f08dc013000,
0x00007f08dc014000, 0x00007f08dc015000, 0x00007f08c0002000, 0x00007f08f8003000
}

Java Threads: ( => current thread )
  0x00007f0940017000 JavaThread "main" [_thread_blocked, id=3147, stack(0x00007f09469cf000,0x00007f0946ad0000)]
  0x00007f094015d800 JavaThread "Reference Handler" daemon [_thread_blocked, id=3152, stack(0x00007f0922eee000,0x00007f0922fef000)]
  0x00007f0940167800 JavaThread "Finalizer" daemon [_thread_blocked, id=3155, stack(0x00007f0922ded000,0x00007f0922eee000)]
  0x00007f0940173000 JavaThread "Signal Dispatcher" daemon [_thread_blocked, id=3156, stack(0x00007f092277b000,0x00007f092287c000)]
  0x00007f0940175000 JavaThread "Service Thread" daemon [_thread_blocked, id=3159, stack(0x00007f092267a000,0x00007f092277b000)]
  0x00007f0940177800 JavaThread "C2 CompilerThread0" daemon [_thread_blocked, id=3161, stack(0x00007f0922579000,0x00007f092267a000)]
  0x00007f0940179800 JavaThread "C1 CompilerThread0" daemon [_thread_blocked, id=3162, stack(0x00007f0922478000,0x00007f0922579000)]
  0x00007f094017b800 JavaThread "Sweeper thread" daemon [_thread_blocked, id=3165, stack(0x00007f0922377000,0x00007f0922478000)]
  0x00007f09401bd000 JavaThread "Common-Cleaner" daemon [_thread_blocked, id=3166, stack(0x00007f0922276000,0x00007f0922377000)]
  0x00007f0940358800 JavaThread "Active Thread: Equinox Container: 817b51b8-65d5-40ff-8d98-c330c8d83b80" [_thread_blocked, id=3178, stack(0x00007f0921f71000,0x00007f0922072000)]
  0x00007f0940475000 JavaThread "Framework Event Dispatcher: Equinox Container: 817b51b8-65d5-40ff-8d98-c330c8d83b80" daemon [_thread_blocked, id=3181, stack(0x00007f0921e70000,0x00007f0921f71000)]
  0x00007f094047a000 JavaThread "Start Level: Equinox Container: 817b51b8-65d5-40ff-8d98-c330c8d83b80" daemon [_thread_blocked, id=3184, stack(0x00007f0921b6b000,0x00007f0921c6c000)]
  0x00007f08e002a000 JavaThread "SCR Component Actor" daemon [_thread_blocked, id=3187, stack(0x00007f0921859000,0x00007f092195a000)]
  0x00007f08e01f4000 JavaThread "Worker-JM" [_thread_blocked, id=3192, stack(0x00007f0921257000,0x00007f0921358000)]
  0x00007f08e0437800 JavaThread "Java indexing" daemon [_thread_blocked, id=3198, stack(0x00007f0920954000,0x00007f0920a55000)]
  0x00007f08e0803000 JavaThread "logback configurator timer" daemon [_thread_blocked, id=3203, stack(0x00007f0921558000,0x00007f0921659000)]
  0x00007f09403cc000 JavaThread "pool-3-thread-1" [_thread_blocked, id=3204, stack(0x00007f0920352000,0x00007f0920453000)]
  0x00007f09404e5800 JavaThread "pool-2-thread-1" [_thread_in_native, id=3205, stack(0x00007f0920051000,0x00007f0920152000)]
  0x00007f08c400b000 JavaThread "Worker-3" [_thread_blocked, id=3206, stack(0x00007f08bbeff000,0x00007f08bc000000)]
  0x00007f089803e000 JavaThread "Bundle File Closer" daemon [_thread_blocked, id=3258, stack(0x00007f08baafb000,0x00007f08babfc000)]
  0x00007f08c401a000 JavaThread "Worker-4" [_thread_blocked, id=3282, stack(0x00007f08ba3fa000,0x00007f08ba4fb000)]
  0x00005582a7012800 JavaThread "Java Debug Server" daemon [_thread_in_native, id=3298, stack(0x00007f08b9ef9000,0x00007f08b9ffa000)]
  0x00007f08a0102000 JavaThread "pool-4-thread-1" [_thread_blocked, id=3299, stack(0x00007f08b9df8000,0x00007f08b9ef9000)]
  0x00007f08b0030000 JavaThread "RxSchedulerPurge-1" daemon [_thread_blocked, id=3300, stack(0x00007f08b9cf7000,0x00007f08b9df8000)]
  0x00007f08b0038000 JavaThread "RxCachedWorkerPoolEvictor-1" daemon [_thread_blocked, id=3301, stack(0x00007f08b9bf6000,0x00007f08b9cf7000)]
=>0x00007f08b00a5000 JavaThread "RxNewThreadScheduler-1" daemon [_thread_in_vm, id=3302, stack(0x00007f08b98f5000,0x00007f08b99f6000)]
  0x00007f08bc18c800 JavaThread "process reaper" daemon [_thread_in_native, id=3304, stack(0x00007f0928024000,0x00007f0928046000)]
  0x00007f08bc18d800 JavaThread "Thread-3" daemon [_thread_blocked, id=3305, stack(0x00007f08b97f4000,0x00007f08b98f5000)]
  0x00007f08bc343800 JavaThread "Debuggee Stdout Handler" daemon [_thread_in_native, id=3307, stack(0x00007f08b96f3000,0x00007f08b97f4000)]
  0x00007f08bc346000 JavaThread "Debuggee Stderr Handler" daemon [_thread_in_native, id=3308, stack(0x00007f08b95f2000,0x00007f08b96f3000)]
  0x00007f08d0017000 JavaThread "RxNewThreadScheduler-2" daemon [_thread_blocked, id=3330, stack(0x00007f08b94f1000,0x00007f08b95f2000)]
  0x00007f08dc013000 JavaThread "ForkJoinPool.commonPool-worker-5" daemon [_thread_blocked, id=3946, stack(0x00007f08bacfd000,0x00007f08badfe000)]
  0x00007f08dc014000 JavaThread "ForkJoinPool.commonPool-worker-7" daemon [_thread_blocked, id=3947, stack(0x00007f08badfe000,0x00007f08baeff000)]
  0x00007f08dc015000 JavaThread "ForkJoinPool.commonPool-worker-3" daemon [_thread_blocked, id=3948, stack(0x00007f0920e55000,0x00007f0920f56000)]
  0x00007f08c0002000 JavaThread "process reaper" daemon [_thread_blocked, id=4013, stack(0x00007f092002f000,0x00007f0920051000)]
  0x00007f08f8003000 JavaThread "ForkJoinPool.commonPool-worker-9" daemon [_thread_blocked, id=4060, stack(0x00007f08babfc000,0x00007f08bacfd000)]

Other Threads:
  0x00007f094015a800 VMThread "VM Thread" [stack: 0x00007f0922ff1000,0x00007f09230f1000] [id=3150]
  0x00007f0940295800 WatcherThread [stack: 0x00007f0922176000,0x00007f0922276000] [id=3169]
  0x00007f094002e800 GCTaskThread "ParGC Thread#0" [stack: 0x00007f094631f000,0x00007f094641f000] [id=3148]
  0x00007f091c001000 GCTaskThread "ParGC Thread#1" [stack: 0x00007f0922074000,0x00007f0922174000] [id=3175]
  0x00007f091c003000 GCTaskThread "ParGC Thread#2" [stack: 0x00007f0921d70000,0x00007f0921e70000] [id=3182]
  0x00007f091c005000 GCTaskThread "ParGC Thread#3" [stack: 0x00007f0921c6e000,0x00007f0921d6e000] [id=3183]

Threads with active compile tasks:

VM state:synchronizing (normal execution)

VM Mutex/Monitor currently owned by a thread:  ([mutex/lock_event])
[0x00007f0940013ec0] Threads_lock - owner thread: 0x00007f094015a800

Heap address: 0x00000000c0000000, size: 1024 MB, Compressed Oops mode: 32-bit
Narrow klass base: 0x0000000800000000, Narrow klass shift: 3
Compressed class space size: 1073741824 Address: 0x0000000840000000

Heap:
 PSYoungGen      total 7168K, used 6894K [0x00000000eab00000, 0x00000000eb500000, 0x0000000100000000)
  eden space 5120K, 96% used [0x00000000eab00000,0x00000000eafcfc20,0x00000000eb000000)
  from space 2048K, 96% used [0x00000000eb300000,0x00000000eb4ebc60,0x00000000eb500000)
  to   space 2560K, 0% used [0x00000000eb000000,0x00000000eb000000,0x00000000eb280000)
 ParOldGen       total 84480K, used 59670K [0x00000000c0000000, 0x00000000c5280000, 0x00000000eab00000)
  object space 84480K, 70% used [0x00000000c0000000,0x00000000c3a45b30,0x00000000c5280000)
 Metaspace       used 60500K, capacity 63756K, committed 64088K, reserved 1105920K
  class space    used 5941K, capacity 7186K, committed 7296K, reserved 1048576K

Card table byte_map: [0x00007f0946575000,0x00007f0946776000] _byte_map_base: 0x00007f0945f75000

Marking Bits: (ParMarkBitMap*) 0x00007f094809c7e0
 Begin Bits: [0x00007f094431d000, 0x00007f094531d000)
 End Bits:   [0x00007f094531d000, 0x00007f094631d000)

Polling page: 0x00007f09482fe000

Metaspace:

Usage:
  Non-class:     55,24 MB capacity,    53,28 MB ( 96%) used,     1,83 MB (  3%) free+waste,   138,69 KB ( <1%) overhead. 
      Class:      7,02 MB capacity,     5,80 MB ( 83%) used,     1,15 MB ( 16%) free+waste,    64,25 KB ( <1%) overhead. 
       Both:     62,26 MB capacity,    59,08 MB ( 95%) used,     2,98 MB (  5%) free+waste,   202,94 KB ( <1%) overhead. 

Virtual space:
  Non-class space:       56,00 MB reserved,      55,46 MB (>99%) committed 
      Class space:        1,00 GB reserved,       7,12 MB ( <1%) committed 
             Both:        1,05 GB reserved,      62,59 MB (  6%) committed 

Chunk freelists:
   Non-Class:  94,00 KB
       Class:  14,00 KB
        Both:  108,00 KB

MaxMetaspaceSize: unlimited
CompressedClassSpaceSize: 1,00 GB

CodeHeap 'non-profiled nmethods': size=120032Kb used=7116Kb max_used=7225Kb free=112916Kb
 bounds [0x00007f0930340000, 0x00007f0930a70000, 0x00007f0937878000]
CodeHeap 'profiled nmethods': size=120032Kb used=27429Kb max_used=29335Kb free=92602Kb
 bounds [0x00007f0928e08000, 0x00007f092aab8000, 0x00007f0930340000]
CodeHeap 'non-nmethods': size=5696Kb used=1290Kb max_used=1361Kb free=4405Kb
 bounds [0x00007f0928878000, 0x00007f0928ae8000, 0x00007f0928e08000]
 total_blobs=10505 nmethods=9795 adapters=621
 compilation: enabled
              stopped_count=0, restarted_count=0
 full_count=0

Compilation events (20 events):
Event: 884,224 Thread 0x00007f0940177800 nmethod 10750 0x00007f093040b610 code [0x00007f093040b880, 0x00007f093040c8a0]
Event: 884,224 Thread 0x00007f0940177800 10746       4       org.eclipse.jdt.internal.compiler.impl.CompilerOptions::getSeverityString (49 bytes)
Event: 884,226 Thread 0x00007f0940177800 nmethod 10746 0x00007f09303bd990 code [0x00007f09303bdb40, 0x00007f09303bdcd8]
Event: 884,996 Thread 0x00007f0940179800 10761       3       sun.security.provider.SHA::resetHashes (41 bytes)
Event: 884,996 Thread 0x00007f0940177800 10763       4       org.eclipse.core.internal.filesystem.local.LocalFile::getName (8 bytes)
Event: 884,996 Thread 0x00007f0940179800 nmethod 10761 0x00007f0928edec90 code [0x00007f0928edee40, 0x00007f0928edf030]
Event: 884,996 Thread 0x00007f0940179800 10762       3       sun.security.provider.SHA::implDigest (96 bytes)
Event: 884,997 Thread 0x00007f0940179800 nmethod 10762 0x00007f0928ee5310 code [0x00007f0928ee5540, 0x00007f0928ee5ae0]
Event: 885,009 Thread 0x00007f0940177800 nmethod 10763 0x00007f09303bed10 code [0x00007f09303beee0, 0x00007f09303bf4e8]
Event: 885,010 Thread 0x00007f0940177800 10764       4       org.eclipse.core.internal.filesystem.InternalFileSystemCore::getStore (47 bytes)
Event: 885,037 Thread 0x00007f0940177800 nmethod 10764 0x00007f093041b510 code [0x00007f093041b7a0, 0x00007f093041c7b0]
Event: 885,432 Thread 0x00007f0940179800 10765       3       org.eclipse.jdt.internal.core.SourceRefElement::getOpenableParent (33 bytes)
Event: 885,433 Thread 0x00007f0940179800 nmethod 10765 0x00007f0928ee6890 code [0x00007f0928ee6a80, 0x00007f0928ee7170]
Event: 885,438 Thread 0x00007f0940179800 10766       3       java.lang.NullPointerException::<init> (5 bytes)
Event: 885,438 Thread 0x00007f0940179800 nmethod 10766 0x00007f0928ede790 code [0x00007f0928ede960, 0x00007f0928edeb60]
Event: 891,314 Thread 0x00007f0940177800 10767   !   4       java.util.concurrent.ThreadPoolExecutor::tryTerminate (163 bytes)
Event: 891,315 Thread 0x00007f0940177800 nmethod 10767 0x00007f09303bea10 code [0x00007f09303beba0, 0x00007f09303bec38]
Event: 893,314 Thread 0x00007f0940177800 10768   !   4       java.util.concurrent.ThreadPoolExecutor::purge (131 bytes)
Event: 893,336 Thread 0x00007f0940177800 nmethod 10768 0x00007f09304a1990 code [0x00007f09304a1be0, 0x00007f09304a2990]
Event: 895,764 Thread 0x00007f0940179800 10769       3       java.util.concurrent.locks.LockSupport::unpark (12 bytes)

GC Heap History (20 events):
Event: 723,858 GC heap before
{Heap before GC invocations=181 (full 10):
 PSYoungGen      total 4608K, used 4192K [0x00000000eab00000, 0x00000000eb280000, 0x0000000100000000)
  eden space 4096K, 100% used [0x00000000eab00000,0x00000000eaf00000,0x00000000eaf00000)
  from space 512K, 18% used [0x00000000eb200000,0x00000000eb218000,0x00000000eb280000)
  to   space 512K, 0% used [0x00000000eb180000,0x00000000eb180000,0x00000000eb200000)
 ParOldGen       total 92160K, used 70089K [0x00000000c0000000, 0x00000000c5a00000, 0x00000000eab00000)
  object space 92160K, 76% used [0x00000000c0000000,0x00000000c4472440,0x00000000c5a00000)
 Metaspace       used 60403K, capacity 63690K, committed 64088K, reserved 1105920K
  class space    used 5941K, capacity 7186K, committed 7296K, reserved 1048576K
}
Event: 723,863 GC heap after
{Heap after GC invocations=181 (full 10):
 PSYoungGen      total 4608K, used 509K [0x00000000eab00000, 0x00000000eb800000, 0x0000000100000000)
  eden space 4096K, 0% used [0x00000000eab00000,0x00000000eab00000,0x00000000eaf00000)
  from space 512K, 99% used [0x00000000eb180000,0x00000000eb1ff778,0x00000000eb200000)
  to   space 4608K, 0% used [0x00000000eb380000,0x00000000eb380000,0x00000000eb800000)
 ParOldGen       total 92160K, used 73097K [0x00000000c0000000, 0x00000000c5a00000, 0x00000000eab00000)
  object space 92160K, 79% used [0x00000000c0000000,0x00000000c47624b8,0x00000000c5a00000)
 Metaspace       used 60403K, capacity 63690K, committed 64088K, reserved 1105920K
  class space    used 5941K, capacity 7186K, committed 7296K, reserved 1048576K
}
Event: 723,887 GC heap before
{Heap before GC invocations=182 (full 10):
 PSYoungGen      total 4608K, used 4605K [0x00000000eab00000, 0x00000000eb800000, 0x0000000100000000)
  eden space 4096K, 100% used [0x00000000eab00000,0x00000000eaf00000,0x00000000eaf00000)
  from space 512K, 99% used [0x00000000eb180000,0x00000000eb1ff778,0x00000000eb200000)
  to   space 4608K, 0% used [0x00000000eb380000,0x00000000eb380000,0x00000000eb800000)
 ParOldGen       total 92160K, used 73097K [0x00000000c0000000, 0x00000000c5a00000, 0x00000000eab00000)
  object space 92160K, 79% used [0x00000000c0000000,0x00000000c47624b8,0x00000000c5a00000)
 Metaspace       used 60403K, capacity 63690K, committed 64088K, reserved 1105920K
  class space    used 5941K, capacity 7186K, committed 7296K, reserved 1048576K
}
Event: 723,895 GC heap after
{Heap after GC invocations=182 (full 10):
 PSYoungGen      total 8704K, used 4160K [0x00000000eab00000, 0x00000000eb800000, 0x0000000100000000)
  eden space 4096K, 0% used [0x00000000eab00000,0x00000000eab00000,0x00000000eaf00000)
  from space 4608K, 90% used [0x00000000eb380000,0x00000000eb790000,0x00000000eb800000)
  to   space 4608K, 0% used [0x00000000eaf00000,0x00000000eaf00000,0x00000000eb380000)
 ParOldGen       total 92160K, used 73617K [0x00000000c0000000, 0x00000000c5a00000, 0x00000000eab00000)
  object space 92160K, 79% used [0x00000000c0000000,0x00000000c47e4530,0x00000000c5a00000)
 Metaspace       used 60403K, capacity 63690K, committed 64088K, reserved 1105920K
  class space    used 5941K, capacity 7186K, committed 7296K, reserved 1048576K
}
Event: 723,924 GC heap before
{Heap before GC invocations=183 (full 10):
 PSYoungGen      total 8704K, used 8256K [0x00000000eab00000, 0x00000000eb800000, 0x0000000100000000)
  eden space 4096K, 100% used [0x00000000eab00000,0x00000000eaf00000,0x00000000eaf00000)
  from space 4608K, 90% used [0x00000000eb380000,0x00000000eb790000,0x00000000eb800000)
  to   space 4608K, 0% used [0x00000000eaf00000,0x00000000eaf00000,0x00000000eb380000)
 ParOldGen       total 92160K, used 73617K [0x00000000c0000000, 0x00000000c5a00000, 0x00000000eab00000)
  object space 92160K, 79% used [0x00000000c0000000,0x00000000c47e4530,0x00000000c5a00000)
 Metaspace       used 60414K, capacity 63690K, committed 64088K, reserved 1105920K
  class space    used 5941K, capacity 7186K, committed 7296K, reserved 1048576K
}
Event: 723,932 GC heap after
{Heap after GC invocations=183 (full 10):
 PSYoungGen      total 8704K, used 2452K [0x00000000eab00000, 0x00000000eb700000, 0x0000000100000000)
  eden space 4096K, 0% used [0x00000000eab00000,0x00000000eab00000,0x00000000eaf00000)
  from space 4608K, 53% used [0x00000000eaf00000,0x00000000eb165200,0x00000000eb380000)
  to   space 3584K, 0% used [0x00000000eb380000,0x00000000eb380000,0x00000000eb700000)
 ParOldGen       total 92160K, used 77705K [0x00000000c0000000, 0x00000000c5a00000, 0x00000000eab00000)
  object space 92160K, 84% used [0x00000000c0000000,0x00000000c4be2530,0x00000000c5a00000)
 Metaspace       used 60414K, capacity 63690K, committed 64088K, reserved 1105920K
  class space    used 5941K, capacity 7186K, committed 7296K, reserved 1048576K
}
Event: 813,325 GC heap before
{Heap before GC invocations=184 (full 10):
 PSYoungGen      total 8704K, used 6548K [0x00000000eab00000, 0x00000000eb700000, 0x0000000100000000)
  eden space 4096K, 100% used [0x00000000eab00000,0x00000000eaf00000,0x00000000eaf00000)
  from space 4608K, 53% used [0x00000000eaf00000,0x00000000eb165200,0x00000000eb380000)
  to   space 3584K, 0% used [0x00000000eb380000,0x00000000eb380000,0x00000000eb700000)
 ParOldGen       total 92160K, used 77705K [0x00000000c0000000, 0x00000000c5a00000, 0x00000000eab00000)
  object space 92160K, 84% used [0x00000000c0000000,0x00000000c4be2530,0x00000000c5a00000)
 Metaspace       used 60438K, capacity 63754K, committed 64088K, reserved 1105920K
  class space    used 5941K, capacity 7186K, committed 7296K, reserved 1048576K
}
Event: 813,330 GC heap after
{Heap after GC invocations=184 (full 10):
 PSYoungGen      total 5632K, used 1232K [0x00000000eab00000, 0x00000000eb500000, 0x0000000100000000)
  eden space 4096K, 0% used [0x00000000eab00000,0x00000000eab00000,0x00000000eaf00000)
  from space 1536K, 80% used [0x00000000eb380000,0x00000000eb4b40f0,0x00000000eb500000)
  to   space 2048K, 0% used [0x00000000eb100000,0x00000000eb100000,0x00000000eb300000)
 ParOldGen       total 92160K, used 80090K [0x00000000c0000000, 0x00000000c5a00000, 0x00000000eab00000)
  object space 92160K, 86% used [0x00000000c0000000,0x00000000c4e36950,0x00000000c5a00000)
 Metaspace       used 60438K, capacity 63754K, committed 64088K, reserved 1105920K
  class space    used 5941K, capacity 7186K, committed 7296K, reserved 1048576K
}
Event: 813,353 GC heap before
{Heap before GC invocations=185 (full 10):
 PSYoungGen      total 5632K, used 5328K [0x00000000eab00000, 0x00000000eb500000, 0x0000000100000000)
  eden space 4096K, 99% used [0x00000000eab00000,0x00000000eaefff58,0x00000000eaf00000)
  from space 1536K, 80% used [0x00000000eb380000,0x00000000eb4b40f0,0x00000000eb500000)
  to   space 2048K, 0% used [0x00000000eb100000,0x00000000eb100000,0x00000000eb300000)
 ParOldGen       total 92160K, used 80090K [0x00000000c0000000, 0x00000000c5a00000, 0x00000000eab00000)
  object space 92160K, 86% used [0x00000000c0000000,0x00000000c4e36950,0x00000000c5a00000)
 Metaspace       used 60438K, capacity 63754K, committed 64088K, reserved 1105920K
  class space    used 5941K, capacity 7186K, committed 7296K, reserved 1048576K
}
Event: 813,360 GC heap after
{Heap after GC invocations=185 (full 10):
 PSYoungGen      total 6144K, used 2048K [0x00000000eab00000, 0x00000000ebb00000, 0x0000000100000000)
  eden space 4096K, 0% used [0x00000000eab00000,0x00000000eab00000,0x00000000eaf00000)
  from space 2048K, 100% used [0x00000000eb100000,0x00000000eb300000,0x00000000eb300000)
  to   space 6144K, 0% used [0x00000000eb500000,0x00000000eb500000,0x00000000ebb00000)
 ParOldGen       total 92160K, used 83250K [0x00000000c0000000, 0x00000000c5a00000, 0x00000000eab00000)
  object space 92160K, 90% used [0x00000000c0000000,0x00000000c514ca40,0x00000000c5a00000)
 Metaspace       used 60438K, capacity 63754K, committed 64088K, reserved 1105920K
  class space    used 5941K, capacity 7186K, committed 7296K, reserved 1048576K
}
Event: 813,379 GC heap before
{Heap before GC invocations=186 (full 10):
 PSYoungGen      total 6144K, used 6144K [0x00000000eab00000, 0x00000000ebb00000, 0x0000000100000000)
  eden space 4096K, 100% used [0x00000000eab00000,0x00000000eaf00000,0x00000000eaf00000)
  from space 2048K, 100% used [0x00000000eb100000,0x00000000eb300000,0x00000000eb300000)
  to   space 6144K, 0% used [0x00000000eb500000,0x00000000eb500000,0x00000000ebb00000)
 ParOldGen       total 92160K, used 83250K [0x00000000c0000000, 0x00000000c5a00000, 0x00000000eab00000)
  object space 92160K, 90% used [0x00000000c0000000,0x00000000c514ca40,0x00000000c5a00000)
 Metaspace       used 60438K, capacity 63754K, committed 64088K, reserved 1105920K
  class space    used 5941K, capacity 7186K, committed 7296K, reserved 1048576K
}
Event: 813,390 GC heap after
{Heap after GC invocations=186 (full 10):
 PSYoungGen      total 9216K, used 4096K [0x00000000eab00000, 0x00000000eb900000, 0x0000000100000000)
  eden space 5120K, 0% used [0x00000000eab00000,0x00000000eab00000,0x00000000eb000000)
  from space 4096K, 100% used [0x00000000eb500000,0x00000000eb900000,0x00000000eb900000)
  to   space 4608K, 0% used [0x00000000eb000000,0x00000000eb000000,0x00000000eb480000)
 ParOldGen       total 92160K, used 85322K [0x00000000c0000000, 0x00000000c5a00000, 0x00000000eab00000)
  object space 92160K, 92% used [0x00000000c0000000,0x00000000c5352a40,0x00000000c5a00000)
 Metaspace       used 60438K, capacity 63754K, committed 64088K, reserved 1105920K
  class space    used 5941K, capacity 7186K, committed 7296K, reserved 1048576K
}
Event: 883,831 GC heap before
{Heap before GC invocations=187 (full 10):
 PSYoungGen      total 9216K, used 9216K [0x00000000eab00000, 0x00000000eb900000, 0x0000000100000000)
  eden space 5120K, 100% used [0x00000000eab00000,0x00000000eb000000,0x00000000eb000000)
  from space 4096K, 100% used [0x00000000eb500000,0x00000000eb900000,0x00000000eb900000)
  to   space 4608K, 0% used [0x00000000eb000000,0x00000000eb000000,0x00000000eb480000)
 ParOldGen       total 92160K, used 85322K [0x00000000c0000000, 0x00000000c5a00000, 0x00000000eab00000)
  object space 92160K, 92% used [0x00000000c0000000,0x00000000c5352a40,0x00000000c5a00000)
 Metaspace       used 60447K, capacity 63754K, committed 64088K, reserved 1105920K
  class space    used 5941K, capacity 7186K, committed 7296K, reserved 1048576K
}
Event: 883,844 GC heap after
{Heap after GC invocations=187 (full 10):
 PSYoungGen      total 6656K, used 1405K [0x00000000eab00000, 0x00000000eb580000, 0x0000000100000000)
  eden space 5120K, 0% used [0x00000000eab00000,0x00000000eab00000,0x00000000eb000000)
  from space 1536K, 91% used [0x00000000eb000000,0x00000000eb15f620,0x00000000eb180000)
  to   space 2560K, 0% used [0x00000000eb300000,0x00000000eb300000,0x00000000eb580000)
 ParOldGen       total 92160K, used 89418K [0x00000000c0000000, 0x00000000c5a00000, 0x00000000eab00000)
  object space 92160K, 97% used [0x00000000c0000000,0x00000000c5752a40,0x00000000c5a00000)
 Metaspace       used 60447K, capacity 63754K, committed 64088K, reserved 1105920K
  class space    used 5941K, capacity 7186K, committed 7296K, reserved 1048576K
}
Event: 883,844 GC heap before
{Heap before GC invocations=188 (full 11):
 PSYoungGen      total 6656K, used 1405K [0x00000000eab00000, 0x00000000eb580000, 0x0000000100000000)
  eden space 5120K, 0% used [0x00000000eab00000,0x00000000eab00000,0x00000000eb000000)
  from space 1536K, 91% used [0x00000000eb000000,0x00000000eb15f620,0x00000000eb180000)
  to   space 2560K, 0% used [0x00000000eb300000,0x00000000eb300000,0x00000000eb580000)
 ParOldGen       total 92160K, used 89418K [0x00000000c0000000, 0x00000000c5a00000, 0x00000000eab00000)
  object space 92160K, 97% used [0x00000000c0000000,0x00000000c5752a40,0x00000000c5a00000)
 Metaspace       used 60447K, capacity 63754K, committed 64088K, reserved 1105920K
  class space    used 5941K, capacity 7186K, committed 7296K, reserved 1048576K
}
Event: 884,079 GC heap after
{Heap after GC invocations=188 (full 11):
 PSYoungGen      total 7168K, used 0K [0x00000000eab00000, 0x00000000eb500000, 0x0000000100000000)
  eden space 5120K, 0% used [0x00000000eab00000,0x00000000eab00000,0x00000000eb000000)
  from space 2048K, 0% used [0x00000000eb300000,0x00000000eb300000,0x00000000eb500000)
  to   space 2560K, 0% used [0x00000000eb000000,0x00000000eb000000,0x00000000eb280000)
 ParOldGen       total 84480K, used 58593K [0x00000000c0000000, 0x00000000c5280000, 0x00000000eab00000)
  object space 84480K, 69% used [0x00000000c0000000,0x00000000c3938540,0x00000000c5280000)
 Metaspace       used 60447K, capacity 63754K, committed 64088K, reserved 1105920K
  class space    used 5941K, capacity 7186K, committed 7296K, reserved 1048576K
}
Event: 884,124 GC heap before
{Heap before GC invocations=189 (full 11):
 PSYoungGen      total 7168K, used 5120K [0x00000000eab00000, 0x00000000eb500000, 0x0000000100000000)
  eden space 5120K, 100% used [0x00000000eab00000,0x00000000eb000000,0x00000000eb000000)
  from space 2048K, 0% used [0x00000000eb300000,0x00000000eb300000,0x00000000eb500000)
  to   space 2560K, 0% used [0x00000000eb000000,0x00000000eb000000,0x00000000eb280000)
 ParOldGen       total 84480K, used 58593K [0x00000000c0000000, 0x00000000c5280000, 0x00000000eab00000)
  object space 84480K, 69% used [0x00000000c0000000,0x00000000c3938540,0x00000000c5280000)
 Metaspace       used 60455K, capacity 63755K, committed 64088K, reserved 1105920K
  class space    used 5941K, capacity 7186K, committed 7296K, reserved 1048576K
}
Event: 884,130 GC heap after
{Heap after GC invocations=189 (full 11):
 PSYoungGen      total 7680K, used 2424K [0x00000000eab00000, 0x00000000eb600000, 0x0000000100000000)
  eden space 5120K, 0% used [0x00000000eab00000,0x00000000eab00000,0x00000000eb000000)
  from space 2560K, 94% used [0x00000000eb000000,0x00000000eb25e050,0x00000000eb280000)
  to   space 3072K, 0% used [0x00000000eb300000,0x00000000eb300000,0x00000000eb600000)
 ParOldGen       total 84480K, used 58593K [0x00000000c0000000, 0x00000000c5280000, 0x00000000eab00000)
  object space 84480K, 69% used [0x00000000c0000000,0x00000000c3938540,0x00000000c5280000)
 Metaspace       used 60455K, capacity 63755K, committed 64088K, reserved 1105920K
  class space    used 5941K, capacity 7186K, committed 7296K, reserved 1048576K
}
Event: 884,160 GC heap before
{Heap before GC invocations=190 (full 11):
 PSYoungGen      total 7680K, used 7544K [0x00000000eab00000, 0x00000000eb600000, 0x0000000100000000)
  eden space 5120K, 100% used [0x00000000eab00000,0x00000000eb000000,0x00000000eb000000)
  from space 2560K, 94% used [0x00000000eb000000,0x00000000eb25e050,0x00000000eb280000)
  to   space 3072K, 0% used [0x00000000eb300000,0x00000000eb300000,0x00000000eb600000)
 ParOldGen       total 84480K, used 58593K [0x00000000c0000000, 0x00000000c5280000, 0x00000000eab00000)
  object space 84480K, 69% used [0x00000000c0000000,0x00000000c3938540,0x00000000c5280000)
 Metaspace       used 60455K, capacity 63755K, committed 64088K, reserved 1105920K
  class space    used 5941K, capacity 7186K, committed 7296K, reserved 1048576K
}
Event: 884,167 GC heap after
{Heap after GC invocations=190 (full 11):
 PSYoungGen      total 7168K, used 1967K [0x00000000eab00000, 0x00000000eb500000, 0x0000000100000000)
  eden space 5120K, 0% used [0x00000000eab00000,0x00000000eab00000,0x00000000eb000000)
  from space 2048K, 96% used [0x00000000eb300000,0x00000000eb4ebc60,0x00000000eb500000)
  to   space 2560K, 0% used [0x00000000eb000000,0x00000000eb000000,0x00000000eb280000)
 ParOldGen       total 84480K, used 59670K [0x00000000c0000000, 0x00000000c5280000, 0x00000000eab00000)
  object space 84480K, 70% used [0x00000000c0000000,0x00000000c3a45b30,0x00000000c5280000)
 Metaspace       used 60455K, capacity 63755K, committed 64088K, reserved 1105920K
  class space    used 5941K, capacity 7186K, committed 7296K, reserved 1048576K
}

Deoptimization events (20 events):
Event: 884,107 Thread 0x00007f08dc015000 Uncommon trap: trap_request=0xffffffbe fr.pc=0x00007f09303af488 relative=0x00000000000000e8
Event: 884,107 Thread 0x00007f08dc015000 Uncommon trap: reason=profile_predicate action=maybe_recompile pc=0x00007f09303af488 method=org.eclipse.jdt.core.compiler.CharOperation.splitAndTrimOn(C[C)[[C @ 175 c2
Event: 884,107 Thread 0x00007f08dc015000 DEOPT PACKING pc=0x00007f09303af488 sp=0x00007f0920f53b50
Event: 884,107 Thread 0x00007f08dc015000 DEOPT UNPACKING pc=0x00007f092889cd1f sp=0x00007f0920f53ac8 mode 2
Event: 884,107 Thread 0x00007f08dc015000 Uncommon trap: trap_request=0xffffffbe fr.pc=0x00007f09303af488 relative=0x00000000000000e8
Event: 884,107 Thread 0x00007f08dc015000 Uncommon trap: reason=profile_predicate action=maybe_recompile pc=0x00007f09303af488 method=org.eclipse.jdt.core.compiler.CharOperation.splitAndTrimOn(C[C)[[C @ 175 c2
Event: 884,107 Thread 0x00007f08dc015000 DEOPT PACKING pc=0x00007f09303af488 sp=0x00007f0920f53b50
Event: 884,107 Thread 0x00007f08dc015000 DEOPT UNPACKING pc=0x00007f092889cd1f sp=0x00007f0920f53ac8 mode 2
Event: 884,107 Thread 0x00007f08dc015000 Uncommon trap: trap_request=0xffffffbe fr.pc=0x00007f09303af488 relative=0x00000000000000e8
Event: 884,107 Thread 0x00007f08dc015000 Uncommon trap: reason=profile_predicate action=maybe_recompile pc=0x00007f09303af488 method=org.eclipse.jdt.core.compiler.CharOperation.splitAndTrimOn(C[C)[[C @ 175 c2
Event: 884,107 Thread 0x00007f08dc015000 DEOPT PACKING pc=0x00007f09303af488 sp=0x00007f0920f53b70
Event: 884,107 Thread 0x00007f08dc015000 DEOPT UNPACKING pc=0x00007f092889cd1f sp=0x00007f0920f53af8 mode 2
Event: 884,107 Thread 0x00007f08dc015000 Uncommon trap: trap_request=0xffffffbe fr.pc=0x00007f09303af488 relative=0x00000000000000e8
Event: 884,107 Thread 0x00007f08dc015000 Uncommon trap: reason=profile_predicate action=maybe_recompile pc=0x00007f09303af488 method=org.eclipse.jdt.core.compiler.CharOperation.splitAndTrimOn(C[C)[[C @ 175 c2
Event: 884,107 Thread 0x00007f08dc015000 DEOPT PACKING pc=0x00007f09303af488 sp=0x00007f0920f53b70
Event: 884,107 Thread 0x00007f08dc015000 DEOPT UNPACKING pc=0x00007f092889cd1f sp=0x00007f0920f53af8 mode 2
Event: 884,130 Thread 0x00007f08dc015000 Uncommon trap: trap_request=0xffffff4d fr.pc=0x00007f0930a0af60 relative=0x0000000000000300
Event: 884,130 Thread 0x00007f08dc015000 Uncommon trap: reason=unstable_if action=reinterpret pc=0x00007f0930a0af60 method=org.eclipse.jdt.internal.core.search.BasicSearchEngine$5.acceptIndexMatch(Ljava/lang/String;Lorg/eclipse/jdt/core/search/SearchPattern;Lorg/eclipse/jdt/core/search/SearchPar
Event: 884,130 Thread 0x00007f08dc015000 DEOPT PACKING pc=0x00007f0930a0af60 sp=0x00007f0920f536e0
Event: 884,130 Thread 0x00007f08dc015000 DEOPT UNPACKING pc=0x00007f092889cd1f sp=0x00007f0920f53590 mode 2

Classes redefined (0 events):
No events

Internal exceptions (20 events):
Event: 885,432 Thread 0x00007f08dc015000 Implicit null exception at 0x00007f0929e8a22e to 0x00007f0929e8a2f6
Event: 885,432 Thread 0x00007f08dc015000 Exception <a 'java/lang/NullPointerException'{0x00000000eaf5c0d8}> (0x00000000eaf5c0d8) thrown at [src/hotspot/share/runtime/sharedRuntime.cpp, line 606]
Event: 885,438 Thread 0x00007f08dc015000 Implicit null exception at 0x00007f0929e8a22e to 0x00007f0929e8a2f6
Event: 885,438 Thread 0x00007f08dc015000 Exception <a 'java/lang/NullPointerException'{0x00000000eafb0c58}> (0x00000000eafb0c58) thrown at [src/hotspot/share/runtime/sharedRuntime.cpp, line 606]
Event: 885,438 Thread 0x00007f08dc015000 Implicit null exception at 0x00007f0929e8a22e to 0x00007f0929e8a2f6
Event: 885,438 Thread 0x00007f08dc015000 Exception <a 'java/lang/NullPointerException'{0x00000000eafb13a8}> (0x00000000eafb13a8) thrown at [src/hotspot/share/runtime/sharedRuntime.cpp, line 606]
Event: 885,438 Thread 0x00007f08dc015000 Implicit null exception at 0x00007f0929e8a22e to 0x00007f0929e8a2f6
Event: 885,438 Thread 0x00007f08dc015000 Exception <a 'java/lang/NullPointerException'{0x00000000eafb1a58}> (0x00000000eafb1a58) thrown at [src/hotspot/share/runtime/sharedRuntime.cpp, line 606]
Event: 885,438 Thread 0x00007f08dc015000 Implicit null exception at 0x00007f0929e8a22e to 0x00007f0929e8a2f6
Event: 885,438 Thread 0x00007f08dc015000 Exception <a 'java/lang/NullPointerException'{0x00000000eafb22e0}> (0x00000000eafb22e0) thrown at [src/hotspot/share/runtime/sharedRuntime.cpp, line 606]
Event: 885,438 Thread 0x00007f08dc015000 Implicit null exception at 0x00007f0929e8a22e to 0x00007f0929e8a2f6
Event: 885,438 Thread 0x00007f08dc015000 Exception <a 'java/lang/NullPointerException'{0x00000000eafb29c8}> (0x00000000eafb29c8) thrown at [src/hotspot/share/runtime/sharedRuntime.cpp, line 606]
Event: 885,438 Thread 0x00007f08dc015000 Implicit null exception at 0x00007f0929e8a22e to 0x00007f0929e8a2f6
Event: 885,438 Thread 0x00007f08dc015000 Exception <a 'java/lang/NullPointerException'{0x00000000eafb3078}> (0x00000000eafb3078) thrown at [src/hotspot/share/runtime/sharedRuntime.cpp, line 606]
Event: 885,438 Thread 0x00007f08dc015000 Implicit null exception at 0x00007f0929e8a22e to 0x00007f0929e8a2f6
Event: 885,438 Thread 0x00007f08dc015000 Exception <a 'java/lang/NullPointerException'{0x00000000eafb3f38}> (0x00000000eafb3f38) thrown at [src/hotspot/share/runtime/sharedRuntime.cpp, line 606]
Event: 885,438 Thread 0x00007f08dc015000 Implicit null exception at 0x00007f0929e8a22e to 0x00007f0929e8a2f6
Event: 885,438 Thread 0x00007f08dc015000 Exception <a 'java/lang/NullPointerException'{0x00000000eafb4740}> (0x00000000eafb4740) thrown at [src/hotspot/share/runtime/sharedRuntime.cpp, line 606]
Event: 885,438 Thread 0x00007f08dc015000 Implicit null exception at 0x00007f0929e8a22e to 0x00007f0929e8a2f6
Event: 885,438 Thread 0x00007f08dc015000 Exception <a 'java/lang/NullPointerException'{0x00000000eafb5158}> (0x00000000eafb5158) thrown at [src/hotspot/share/runtime/sharedRuntime.cpp, line 606]

Events (20 events):
Event: 872,386 Executing VM operation: RevokeBias done
Event: 872,386 Executing VM operation: RevokeBias
Event: 872,386 Executing VM operation: RevokeBias done
Event: 874,436 Executing VM operation: RevokeBias
Event: 874,436 Executing VM operation: RevokeBias done
Event: 874,436 Thread 0x00007f08f0002800 Thread exited: 0x00007f08f0002800
Event: 882,390 Executing VM operation: RevokeBias
Event: 882,390 Executing VM operation: RevokeBias done
Event: 882,390 Executing VM operation: RevokeBias
Event: 882,390 Executing VM operation: RevokeBias done
Event: 882,390 Executing VM operation: RevokeBias
Event: 882,391 Executing VM operation: RevokeBias done
Event: 883,831 Executing VM operation: ParallelGCFailedAllocation
Event: 884,079 Executing VM operation: ParallelGCFailedAllocation done
Event: 884,124 Executing VM operation: ParallelGCFailedAllocation
Event: 884,130 Executing VM operation: ParallelGCFailedAllocation done
Event: 884,136 Thread 0x00007f08f8003000 Thread added: 0x00007f08f8003000
Event: 884,136 Protecting memory [0x00007f08babfc000,0x00007f08bac00000] with protection modes 0
Event: 884,160 Executing VM operation: ParallelGCFailedAllocation
Event: 884,167 Executing VM operation: ParallelGCFailedAllocation done


Dynamic libraries:
c0000000-c5280000 rw-p 00000000 00:00 0 
c5280000-eab00000 ---p 00000000 00:00 0 
eab00000-eb500000 rw-p 00000000 00:00 0 
eb500000-100000000 ---p 00000000 00:00 0 
800000000-800002000 rwxp 00001000 08:05 1050780                          /usr/lib/jvm/java-11-openjdk-amd64/lib/server/classes.jsa
800002000-8010a5000 rw-p 00003000 08:05 1050780                          /usr/lib/jvm/java-11-openjdk-amd64/lib/server/classes.jsa
840000000-840720000 rw-p 00000000 00:00 0 
840720000-880000000 ---p 00000000 00:00 0 
5582a5ee2000-5582a5ee3000 r--p 00000000 08:05 19271344                   /usr/lib/jvm/java-11-openjdk-amd64/bin/java
5582a5ee3000-5582a5ee4000 r-xp 00001000 08:05 19271344                   /usr/lib/jvm/java-11-openjdk-amd64/bin/java
5582a5ee4000-5582a5ee5000 r--p 00002000 08:05 19271344                   /usr/lib/jvm/java-11-openjdk-amd64/bin/java
5582a5ee5000-5582a5ee6000 r--p 00002000 08:05 19271344                   /usr/lib/jvm/java-11-openjdk-amd64/bin/java
5582a5ee6000-5582a5ee7000 rw-p 00003000 08:05 19271344                   /usr/lib/jvm/java-11-openjdk-amd64/bin/java
5582a6bda000-5582a709e000 rw-p 00000000 00:00 0                          [heap]
7f0898000000-7f08980f3000 rw-p 00000000 00:00 0 
7f08980f3000-7f089c000000 ---p 00000000 00:00 0 
7f08a0000000-7f08a2817000 rw-p 00000000 00:00 0 
7f08a2817000-7f08a4000000 ---p 00000000 00:00 0 
7f08a7878000-7f08b0000000 r--s 00000000 08:05 1052514                    /usr/lib/jvm/java-11-openjdk-amd64/lib/modules
7f08b0000000-7f08b00d5000 rw-p 00000000 00:00 0 
7f08b00d5000-7f08b4000000 ---p 00000000 00:00 0 
7f08b4000000-7f08b4376000 rw-p 00000000 00:00 0 
7f08b4376000-7f08b8000000 ---p 00000000 00:00 0 
7f08b8bec000-7f08b8bf0000 ---p 00000000 00:00 0 
7f08b8bf0000-7f08b8ced000 rw-p 00000000 00:00 0 
7f08b8ced000-7f08b8cf1000 ---p 00000000 00:00 0 
7f08b8cf1000-7f08b8dee000 rw-p 00000000 00:00 0 
7f08b8dee000-7f08b8df2000 ---p 00000000 00:00 0 
7f08b8df2000-7f08b8eef000 rw-p 00000000 00:00 0 
7f08b8eef000-7f08b8ef3000 ---p 00000000 00:00 0 
7f08b8ef3000-7f08b9170000 rw-p 00000000 00:00 0 
7f08b9170000-7f08b91f4000 ---p 00000000 00:00 0 
7f08b91f4000-7f08b94f1000 rw-p 00000000 00:00 0 
7f08b94f1000-7f08b94f5000 ---p 00000000 00:00 0 
7f08b94f5000-7f08b95f2000 rw-p 00000000 00:00 0 
7f08b95f2000-7f08b95f6000 ---p 00000000 00:00 0 
7f08b95f6000-7f08b96f3000 rw-p 00000000 00:00 0 
7f08b96f3000-7f08b96f7000 ---p 00000000 00:00 0 
7f08b96f7000-7f08b97f4000 rw-p 00000000 00:00 0 
7f08b97f4000-7f08b97f8000 ---p 00000000 00:00 0 
7f08b97f8000-7f08b98f5000 rw-p 00000000 00:00 0 
7f08b98f5000-7f08b98f9000 ---p 00000000 00:00 0 
7f08b98f9000-7f08b9bf6000 rw-p 00000000 00:00 0 
7f08b9bf6000-7f08b9bfa000 ---p 00000000 00:00 0 
7f08b9bfa000-7f08b9cf7000 rw-p 00000000 00:00 0 
7f08b9cf7000-7f08b9cfb000 ---p 00000000 00:00 0 
7f08b9cfb000-7f08b9df8000 rw-p 00000000 00:00 0 
7f08b9df8000-7f08b9dfc000 ---p 00000000 00:00 0 
7f08b9dfc000-7f08b9ef9000 rw-p 00000000 00:00 0 
7f08b9ef9000-7f08b9efd000 ---p 00000000 00:00 0 
7f08b9efd000-7f08ba1fa000 rw-p 00000000 00:00 0 
7f08ba1fa000-7f08ba3fa000 rw-p 00000000 00:00 0 
7f08ba3fa000-7f08ba3fe000 ---p 00000000 00:00 0 
7f08ba3fe000-7f08ba6fb000 rw-p 00000000 00:00 0 
7f08ba6fb000-7f08ba8fb000 rw-p 00000000 00:00 0 
7f08ba8fb000-7f08baafb000 rw-p 00000000 00:00 0 
7f08baafb000-7f08baaff000 ---p 00000000 00:00 0 
7f08baaff000-7f08babfc000 rw-p 00000000 00:00 0 
7f08babfc000-7f08bac00000 ---p 00000000 00:00 0 
7f08bac00000-7f08bacfd000 rw-p 00000000 00:00 0 
7f08bacfd000-7f08bad01000 ---p 00000000 00:00 0 
7f08bad01000-7f08badfe000 rw-p 00000000 00:00 0 
7f08badfe000-7f08bae02000 ---p 00000000 00:00 0 
7f08bae02000-7f08bb0ff000 rw-p 00000000 00:00 0 
7f08bb0ff000-7f08bb2ff000 rw-p 00000000 00:00 0 
7f08bb2ff000-7f08bb4ff000 rw-p 00000000 00:00 0 
7f08bb4ff000-7f08bb6ff000 rw-p 00000000 00:00 0 
7f08bb6ff000-7f08bb8f5000 rw-p 00000000 00:00 0 
7f08bb8f5000-7f08bb8ff000 ---p 00000000 00:00 0 
7f08bb8ff000-7f08bbaff000 rw-p 00000000 00:00 0 
7f08bbaff000-7f08bbcff000 rw-p 00000000 00:00 0 
7f08bbcff000-7f08bbeff000 rw-p 00000000 00:00 0 
7f08bbeff000-7f08bbf03000 ---p 00000000 00:00 0 
7f08bbf03000-7f08bc000000 rw-p 00000000 00:00 0 
7f08bc000000-7f08bc587000 rw-p 00000000 00:00 0 
7f08bc587000-7f08c0000000 ---p 00000000 00:00 0 
7f08c0000000-7f08c08cf000 rw-p 00000000 00:00 0 
7f08c08cf000-7f08c4000000 ---p 00000000 00:00 0 
7f08c4000000-7f08c429c000 rw-p 00000000 00:00 0 
7f08c429c000-7f08c8000000 ---p 00000000 00:00 0 
7f08c8000000-7f08c808f000 rw-p 00000000 00:00 0 
7f08c808f000-7f08cc000000 ---p 00000000 00:00 0 
7f08cc000000-7f08cc33e000 rw-p 00000000 00:00 0 
7f08cc33e000-7f08d0000000 ---p 00000000 00:00 0 
7f08d0000000-7f08d0424000 rw-p 00000000 00:00 0 
7f08d0424000-7f08d4000000 ---p 00000000 00:00 0 
7f08d4000000-7f08d4021000 rw-p 00000000 00:00 0 
7f08d4021000-7f08d8000000 ---p 00000000 00:00 0 
7f08d8000000-7f08d8026000 rw-p 00000000 00:00 0 
7f08d8026000-7f08dc000000 ---p 00000000 00:00 0 
7f08dc000000-7f08dc04f000 rw-p 00000000 00:00 0 
7f08dc04f000-7f08e0000000 ---p 00000000 00:00 0 
7f08e0000000-7f08e0897000 rw-p 00000000 00:00 0 
7f08e0897000-7f08e4000000 ---p 00000000 00:00 0 
7f08e4000000-7f08e412b000 rw-p 00000000 00:00 0 
7f08e412b000-7f08e8000000 ---p 00000000 00:00 0 
7f08e8000000-7f08e802d000 rw-p 00000000 00:00 0 
7f08e802d000-7f08ec000000 ---p 00000000 00:00 0 
7f08ec000000-7f08ec021000 rw-p 00000000 00:00 0 
7f08ec021000-7f08f0000000 ---p 00000000 00:00 0 
7f08f0000000-7f08f006a000 rw-p 00000000 00:00 0 
7f08f006a000-7f08f4000000 ---p 00000000 00:00 0 
7f08f4000000-7f08f405f000 rw-p 00000000 00:00 0 
7f08f405f000-7f08f8000000 ---p 00000000 00:00 0 
7f08f8000000-7f08f806a000 rw-p 00000000 00:00 0 
7f08f806a000-7f08fc000000 ---p 00000000 00:00 0 
7f08fc000000-7f08fd7c7000 rw-p 00000000 00:00 0 
7f08fd7c7000-7f0900000000 ---p 00000000 00:00 0 
7f0900000000-7f09006a0000 rw-p 00000000 00:00 0 
7f09006a0000-7f0904000000 ---p 00000000 00:00 0 
7f0904000000-7f0907431000 rw-p 00000000 00:00 0 
7f0907431000-7f0908000000 ---p 00000000 00:00 0 
7f0908000000-7f090988d000 rw-p 00000000 00:00 0 
7f090988d000-7f090c000000 ---p 00000000 00:00 0 
7f090c000000-7f090c8cd000 rw-p 00000000 00:00 0 
7f090c8cd000-7f0910000000 ---p 00000000 00:00 0 
7f0910000000-7f091016d000 rw-p 00000000 00:00 0 
7f091016d000-7f0914000000 ---p 00000000 00:00 0 
7f0914000000-7f0914044000 rw-p 00000000 00:00 0 
7f0914044000-7f0918000000 ---p 00000000 00:00 0 
7f0918000000-7f0918494000 rw-p 00000000 00:00 0 
7f0918494000-7f091c000000 ---p 00000000 00:00 0 
7f091c000000-7f091c1a8000 rw-p 00000000 00:00 0 
7f091c1a8000-7f0920000000 ---p 00000000 00:00 0 
7f092002f000-7f0920033000 ---p 00000000 00:00 0 
7f0920033000-7f0920051000 rw-p 00000000 00:00 0 
7f0920051000-7f0920055000 ---p 00000000 00:00 0 
7f0920055000-7f0920352000 rw-p 00000000 00:00 0 
7f0920352000-7f0920356000 ---p 00000000 00:00 0 
7f0920356000-7f0920653000 rw-p 00000000 00:00 0 
7f0920653000-7f0920853000 rw-p 00000000 00:00 0 
7f0920853000-7f0920857000 ---p 00000000 00:00 0 
7f0920857000-7f0920954000 rw-p 00000000 00:00 0 
7f0920954000-7f0920958000 ---p 00000000 00:00 0 
7f0920958000-7f0920c55000 rw-p 00000000 00:00 0 
7f0920c55000-7f0920e55000 rw-p 00000000 00:00 0 
7f0920e55000-7f0920e59000 ---p 00000000 00:00 0 
7f0920e59000-7f0920f56000 rw-p 00000000 00:00 0 
7f0920f56000-7f0920f5a000 ---p 00000000 00:00 0 
7f0920f5a000-7f0921257000 rw-p 00000000 00:00 0 
7f0921257000-7f092125b000 ---p 00000000 00:00 0 
7f092125b000-7f0921558000 rw-p 00000000 00:00 0 
7f0921558000-7f092155c000 ---p 00000000 00:00 0 
7f092155c000-7f0921859000 rw-p 00000000 00:00 0 
7f0921859000-7f092185d000 ---p 00000000 00:00 0 
7f092185d000-7f092195a000 rw-p 00000000 00:00 0 
7f092195a000-7f092196a000 r-xp 00000000 08:05 3411921                    /home/junior/.config/Code/User/globalStorage/redhat.java/0.81.0/config_linux/org.eclipse.equinox.launcher/org.eclipse.equinox.launcher.gtk.linux.x86_64_1.2.300.v20210622-1446/eclipse_11501.so
7f092196a000-7f0921b69000 ---p 00010000 08:05 3411921                    /home/junior/.config/Code/User/globalStorage/redhat.java/0.81.0/config_linux/org.eclipse.equinox.launcher/org.eclipse.equinox.launcher.gtk.linux.x86_64_1.2.300.v20210622-1446/eclipse_11501.so
7f0921b69000-7f0921b6a000 r--p 0000f000 08:05 3411921                    /home/junior/.config/Code/User/globalStorage/redhat.java/0.81.0/config_linux/org.eclipse.equinox.launcher/org.eclipse.equinox.launcher.gtk.linux.x86_64_1.2.300.v20210622-1446/eclipse_11501.so
7f0921b6a000-7f0921b6b000 rw-p 00010000 08:05 3411921                    /home/junior/.config/Code/User/globalStorage/redhat.java/0.81.0/config_linux/org.eclipse.equinox.launcher/org.eclipse.equinox.launcher.gtk.linux.x86_64_1.2.300.v20210622-1446/eclipse_11501.so
7f0921b6b000-7f0921b6f000 ---p 00000000 00:00 0 
7f0921b6f000-7f0921c6c000 rw-p 00000000 00:00 0 
7f0921c6c000-7f0921c6d000 ---p 00000000 00:00 0 
7f0921c6d000-7f0921d6e000 rw-p 00000000 00:00 0 
7f0921d6e000-7f0921d6f000 ---p 00000000 00:00 0 
7f0921d6f000-7f0921e70000 rw-p 00000000 00:00 0 
7f0921e70000-7f0921e74000 ---p 00000000 00:00 0 
7f0921e74000-7f0921f71000 rw-p 00000000 00:00 0 
7f0921f71000-7f0921f75000 ---p 00000000 00:00 0 
7f0921f75000-7f0922072000 rw-p 00000000 00:00 0 
7f0922072000-7f0922073000 ---p 00000000 00:00 0 
7f0922073000-7f0922174000 rw-p 00000000 00:00 0 
7f0922174000-7f0922175000 ---p 00000000 00:00 0 
7f0922175000-7f0922276000 rw-p 00000000 00:00 0 
7f0922276000-7f092227a000 ---p 00000000 00:00 0 
7f092227a000-7f0922377000 rw-p 00000000 00:00 0 
7f0922377000-7f092237b000 ---p 00000000 00:00 0 
7f092237b000-7f0922478000 rw-p 00000000 00:00 0 
7f0922478000-7f092247c000 ---p 00000000 00:00 0 
7f092247c000-7f0922579000 rw-p 00000000 00:00 0 
7f0922579000-7f092257d000 ---p 00000000 00:00 0 
7f092257d000-7f092267a000 rw-p 00000000 00:00 0 
7f092267a000-7f092267e000 ---p 00000000 00:00 0 
7f092267e000-7f092277b000 rw-p 00000000 00:00 0 
7f092277b000-7f092277f000 ---p 00000000 00:00 0 
7f092277f000-7f092287c000 rw-p 00000000 00:00 0 
7f092287c000-7f0922ded000 r--p 00000000 08:05 19270287                   /usr/lib/locale/locale-archive
7f0922ded000-7f0922df1000 ---p 00000000 00:00 0 
7f0922df1000-7f0922eee000 rw-p 00000000 00:00 0 
7f0922eee000-7f0922ef2000 ---p 00000000 00:00 0 
7f0922ef2000-7f0922fef000 rw-p 00000000 00:00 0 
7f0922fef000-7f0922ff0000 ---p 00000000 00:00 0 
7f0922ff0000-7f0924000000 rw-p 00000000 00:00 0 
7f0924000000-7f09244f9000 rw-p 00000000 00:00 0 
7f09244f9000-7f0928000000 ---p 00000000 00:00 0 
7f092801f000-7f0928020000 r--p 00000000 08:05 1052423                    /usr/lib/jvm/java-11-openjdk-amd64/lib/libextnet.so
7f0928020000-7f0928021000 r-xp 00001000 08:05 1052423                    /usr/lib/jvm/java-11-openjdk-amd64/lib/libextnet.so
7f0928021000-7f0928022000 r--p 00002000 08:05 1052423                    /usr/lib/jvm/java-11-openjdk-amd64/lib/libextnet.so
7f0928022000-7f0928023000 r--p 00002000 08:05 1052423                    /usr/lib/jvm/java-11-openjdk-amd64/lib/libextnet.so
7f0928023000-7f0928024000 rw-p 00003000 08:05 1052423                    /usr/lib/jvm/java-11-openjdk-amd64/lib/libextnet.so
7f0928024000-7f0928028000 ---p 00000000 00:00 0 
7f0928028000-7f0928046000 rw-p 00000000 00:00 0 
7f0928046000-7f092804e000 r--p 00000000 08:05 1052510                    /usr/lib/jvm/java-11-openjdk-amd64/lib/libsunec.so
7f092804e000-7f0928067000 r-xp 00008000 08:05 1052510                    /usr/lib/jvm/java-11-openjdk-amd64/lib/libsunec.so
7f0928067000-7f0928071000 r--p 00021000 08:05 1052510                    /usr/lib/jvm/java-11-openjdk-amd64/lib/libsunec.so
7f0928071000-7f0928072000 ---p 0002b000 08:05 1052510                    /usr/lib/jvm/java-11-openjdk-amd64/lib/libsunec.so
7f0928072000-7f0928076000 r--p 0002b000 08:05 1052510                    /usr/lib/jvm/java-11-openjdk-amd64/lib/libsunec.so
7f0928076000-7f0928078000 rw-p 0002f000 08:05 1052510                    /usr/lib/jvm/java-11-openjdk-amd64/lib/libsunec.so
7f0928078000-7f0928878000 rw-p 00000000 00:00 0 
7f0928878000-7f0928ae8000 rwxp 00000000 00:00 0 
7f0928ae8000-7f0928e08000 ---p 00000000 00:00 0 
7f0928e08000-7f092aab8000 rwxp 00000000 00:00 0 
7f092aab8000-7f0930340000 ---p 00000000 00:00 0 
7f0930340000-7f0930a70000 rwxp 00000000 00:00 0 
7f0930a70000-7f0937878000 ---p 00000000 00:00 0 
7f0937878000-7f0940000000 r--s 00000000 08:05 1052514                    /usr/lib/jvm/java-11-openjdk-amd64/lib/modules
7f0940000000-7f09404f0000 rw-p 00000000 00:00 0 
7f09404f0000-7f0944000000 ---p 00000000 00:00 0 
7f0944000000-7f0944004000 r--p 00000000 08:05 1052504                    /usr/lib/jvm/java-11-openjdk-amd64/lib/libnet.so
7f0944004000-7f0944013000 r-xp 00004000 08:05 1052504                    /usr/lib/jvm/java-11-openjdk-amd64/lib/libnet.so
7f0944013000-7f0944017000 r--p 00013000 08:05 1052504                    /usr/lib/jvm/java-11-openjdk-amd64/lib/libnet.so
7f0944017000-7f0944018000 r--p 00016000 08:05 1052504                    /usr/lib/jvm/java-11-openjdk-amd64/lib/libnet.so
7f0944018000-7f0944019000 rw-p 00017000 08:05 1052504                    /usr/lib/jvm/java-11-openjdk-amd64/lib/libnet.so
7f0944019000-7f0944020000 r--p 00000000 08:05 1052505                    /usr/lib/jvm/java-11-openjdk-amd64/lib/libnio.so
7f0944020000-7f0944028000 r-xp 00007000 08:05 1052505                    /usr/lib/jvm/java-11-openjdk-amd64/lib/libnio.so
7f0944028000-7f094402b000 r--p 0000f000 08:05 1052505                    /usr/lib/jvm/java-11-openjdk-amd64/lib/libnio.so
7f094402b000-7f094402c000 r--p 00011000 08:05 1052505                    /usr/lib/jvm/java-11-openjdk-amd64/lib/libnio.so
7f094402c000-7f094402d000 rw-p 00012000 08:05 1052505                    /usr/lib/jvm/java-11-openjdk-amd64/lib/libnio.so
7f094402d000-7f094631d000 rw-p 00000000 00:00 0 
7f094631d000-7f094631e000 ---p 00000000 00:00 0 
7f094631e000-7f0946449000 rw-p 00000000 00:00 0 
7f0946449000-7f0946575000 ---p 00000000 00:00 0 
7f0946575000-7f094659f000 rw-p 00000000 00:00 0 
7f094659f000-7f09466ca000 ---p 00000000 00:00 0 
7f09466ca000-7f09466d0000 rw-p 00000000 00:00 0 
7f09466d0000-7f0946775000 ---p 00000000 00:00 0 
7f0946775000-7f0946785000 rw-p 00000000 00:00 0 
7f0946785000-7f0946861000 ---p 00000000 00:00 0 
7f0946861000-7f094689b000 rw-p 00000000 00:00 0 
7f094689b000-7f094694c000 ---p 00000000 00:00 0 
7f094694c000-7f0946951000 rw-p 00000000 00:00 0 
7f0946951000-7f0946958000 ---p 00000000 00:00 0 
7f0946958000-7f094695b000 r--p 00000000 08:05 19270300                   /usr/lib/x86_64-linux-gnu/libnss_files-2.31.so
7f094695b000-7f0946962000 r-xp 00003000 08:05 19270300                   /usr/lib/x86_64-linux-gnu/libnss_files-2.31.so
7f0946962000-7f0946964000 r--p 0000a000 08:05 19270300                   /usr/lib/x86_64-linux-gnu/libnss_files-2.31.so
7f0946964000-7f0946965000 r--p 0000b000 08:05 19270300                   /usr/lib/x86_64-linux-gnu/libnss_files-2.31.so
7f0946965000-7f0946966000 rw-p 0000c000 08:05 19270300                   /usr/lib/x86_64-linux-gnu/libnss_files-2.31.so
7f0946966000-7f094696c000 rw-p 00000000 00:00 0 
7f094696c000-7f094696e000 r--s 0000c000 08:05 658138                     /usr/share/java/java-atk-wrapper.jar
7f094696e000-7f0946970000 r--p 00000000 08:05 1052513                    /usr/lib/jvm/java-11-openjdk-amd64/lib/libzip.so
7f0946970000-7f0946974000 r-xp 00002000 08:05 1052513                    /usr/lib/jvm/java-11-openjdk-amd64/lib/libzip.so
7f0946974000-7f0946976000 r--p 00006000 08:05 1052513                    /usr/lib/jvm/java-11-openjdk-amd64/lib/libzip.so
7f0946976000-7f0946977000 r--p 00007000 08:05 1052513                    /usr/lib/jvm/java-11-openjdk-amd64/lib/libzip.so
7f0946977000-7f0946978000 rw-p 00008000 08:05 1052513                    /usr/lib/jvm/java-11-openjdk-amd64/lib/libzip.so
7f0946978000-7f0946980000 rw-s 00000000 08:05 13771068                   /tmp/hsperfdata_junior/3145
7f0946980000-7f0946982000 r--p 00000000 08:05 1052425                    /usr/lib/jvm/java-11-openjdk-amd64/lib/libinstrument.so
7f0946982000-7f0946988000 r-xp 00002000 08:05 1052425                    /usr/lib/jvm/java-11-openjdk-amd64/lib/libinstrument.so
7f0946988000-7f094698b000 r--p 00008000 08:05 1052425                    /usr/lib/jvm/java-11-openjdk-amd64/lib/libinstrument.so
7f094698b000-7f094698c000 r--p 0000a000 08:05 1052425                    /usr/lib/jvm/java-11-openjdk-amd64/lib/libinstrument.so
7f094698c000-7f094698d000 rw-p 0000b000 08:05 1052425                    /usr/lib/jvm/java-11-openjdk-amd64/lib/libinstrument.so
7f094698d000-7f094698f000 r--p 00000000 08:05 1052496                    /usr/lib/jvm/java-11-openjdk-amd64/lib/libjimage.so
7f094698f000-7f0946992000 r-xp 00002000 08:05 1052496                    /usr/lib/jvm/java-11-openjdk-amd64/lib/libjimage.so
7f0946992000-7f0946993000 r--p 00005000 08:05 1052496                    /usr/lib/jvm/java-11-openjdk-amd64/lib/libjimage.so
7f0946993000-7f0946994000 ---p 00006000 08:05 1052496                    /usr/lib/jvm/java-11-openjdk-amd64/lib/libjimage.so
7f0946994000-7f0946995000 r--p 00006000 08:05 1052496                    /usr/lib/jvm/java-11-openjdk-amd64/lib/libjimage.so
7f0946995000-7f0946996000 rw-p 00007000 08:05 1052496                    /usr/lib/jvm/java-11-openjdk-amd64/lib/libjimage.so
7f0946996000-7f09469a4000 r--p 00000000 08:05 1052430                    /usr/lib/jvm/java-11-openjdk-amd64/lib/libjava.so
7f09469a4000-7f09469ba000 r-xp 0000e000 08:05 1052430                    /usr/lib/jvm/java-11-openjdk-amd64/lib/libjava.so
7f09469ba000-7f09469c1000 r--p 00024000 08:05 1052430                    /usr/lib/jvm/java-11-openjdk-amd64/lib/libjava.so
7f09469c1000-7f09469c2000 r--p 0002a000 08:05 1052430                    /usr/lib/jvm/java-11-openjdk-amd64/lib/libjava.so
7f09469c2000-7f09469c3000 rw-p 0002b000 08:05 1052430                    /usr/lib/jvm/java-11-openjdk-amd64/lib/libjava.so
7f09469c3000-7f09469c4000 rw-p 00000000 00:00 0 
7f09469c4000-7f09469c7000 r--p 00000000 08:05 19270307                   /usr/lib/x86_64-linux-gnu/librt-2.31.so
7f09469c7000-7f09469cb000 r-xp 00003000 08:05 19270307                   /usr/lib/x86_64-linux-gnu/librt-2.31.so
7f09469cb000-7f09469cc000 r--p 00007000 08:05 19270307                   /usr/lib/x86_64-linux-gnu/librt-2.31.so
7f09469cc000-7f09469cd000 ---p 00008000 08:05 19270307                   /usr/lib/x86_64-linux-gnu/librt-2.31.so
7f09469cd000-7f09469ce000 r--p 00008000 08:05 19270307                   /usr/lib/x86_64-linux-gnu/librt-2.31.so
7f09469ce000-7f09469cf000 rw-p 00009000 08:05 19270307                   /usr/lib/x86_64-linux-gnu/librt-2.31.so
7f09469cf000-7f09469d3000 ---p 00000000 00:00 0 
7f09469d3000-7f0946ad0000 rw-p 00000000 00:00 0 
7f0946ad0000-7f0946ad3000 r--p 00000000 08:05 19269798                   /usr/lib/x86_64-linux-gnu/libgcc_s.so.1
7f0946ad3000-7f0946ae5000 r-xp 00003000 08:05 19269798                   /usr/lib/x86_64-linux-gnu/libgcc_s.so.1
7f0946ae5000-7f0946ae9000 r--p 00015000 08:05 19269798                   /usr/lib/x86_64-linux-gnu/libgcc_s.so.1
7f0946ae9000-7f0946aea000 r--p 00018000 08:05 19269798                   /usr/lib/x86_64-linux-gnu/libgcc_s.so.1
7f0946aea000-7f0946aeb000 rw-p 00019000 08:05 19269798                   /usr/lib/x86_64-linux-gnu/libgcc_s.so.1
7f0946aeb000-7f0946afa000 r--p 00000000 08:05 19270294                   /usr/lib/x86_64-linux-gnu/libm-2.31.so
7f0946afa000-7f0946ba1000 r-xp 0000f000 08:05 19270294                   /usr/lib/x86_64-linux-gnu/libm-2.31.so
7f0946ba1000-7f0946c38000 r--p 000b6000 08:05 19270294                   /usr/lib/x86_64-linux-gnu/libm-2.31.so
7f0946c38000-7f0946c39000 r--p 0014c000 08:05 19270294                   /usr/lib/x86_64-linux-gnu/libm-2.31.so
7f0946c39000-7f0946c3a000 rw-p 0014d000 08:05 19270294                   /usr/lib/x86_64-linux-gnu/libm-2.31.so
7f0946c3a000-7f0946cd0000 r--p 00000000 08:05 19269784                   /usr/lib/x86_64-linux-gnu/libstdc++.so.6.0.28
7f0946cd0000-7f0946dc1000 r-xp 00096000 08:05 19269784                   /usr/lib/x86_64-linux-gnu/libstdc++.so.6.0.28
7f0946dc1000-7f0946e0a000 r--p 00187000 08:05 19269784                   /usr/lib/x86_64-linux-gnu/libstdc++.so.6.0.28
7f0946e0a000-7f0946e0b000 ---p 001d0000 08:05 19269784                   /usr/lib/x86_64-linux-gnu/libstdc++.so.6.0.28
7f0946e0b000-7f0946e16000 r--p 001d0000 08:05 19269784                   /usr/lib/x86_64-linux-gnu/libstdc++.so.6.0.28
7f0946e16000-7f0946e19000 rw-p 001db000 08:05 19269784                   /usr/lib/x86_64-linux-gnu/libstdc++.so.6.0.28
7f0946e19000-7f0946e1c000 rw-p 00000000 00:00 0 
7f0946e1c000-7f0947096000 r--p 00000000 08:05 1052517                    /usr/lib/jvm/java-11-openjdk-amd64/lib/server/libjvm.so
7f0947096000-7f0947d1b000 r-xp 0027a000 08:05 1052517                    /usr/lib/jvm/java-11-openjdk-amd64/lib/server/libjvm.so
7f0947d1b000-7f0947f72000 r--p 00eff000 08:05 1052517                    /usr/lib/jvm/java-11-openjdk-amd64/lib/server/libjvm.so
7f0947f72000-7f0948033000 r--p 01155000 08:05 1052517                    /usr/lib/jvm/java-11-openjdk-amd64/lib/server/libjvm.so
7f0948033000-7f094806e000 rw-p 01216000 08:05 1052517                    /usr/lib/jvm/java-11-openjdk-amd64/lib/server/libjvm.so
7f094806e000-7f09480c7000 rw-p 00000000 00:00 0 
7f09480c7000-7f09480ce000 r--p 00000000 08:05 19270305                   /usr/lib/x86_64-linux-gnu/libpthread-2.31.so
7f09480ce000-7f09480df000 r-xp 00007000 08:05 19270305                   /usr/lib/x86_64-linux-gnu/libpthread-2.31.so
7f09480df000-7f09480e4000 r--p 00018000 08:05 19270305                   /usr/lib/x86_64-linux-gnu/libpthread-2.31.so
7f09480e4000-7f09480e5000 r--p 0001c000 08:05 19270305                   /usr/lib/x86_64-linux-gnu/libpthread-2.31.so
7f09480e5000-7f09480e6000 rw-p 0001d000 08:05 19270305                   /usr/lib/x86_64-linux-gnu/libpthread-2.31.so
7f09480e6000-7f09480ea000 rw-p 00000000 00:00 0 
7f09480ea000-7f09480eb000 r--p 00000000 08:05 19270293                   /usr/lib/x86_64-linux-gnu/libdl-2.31.so
7f09480eb000-7f09480ed000 r-xp 00001000 08:05 19270293                   /usr/lib/x86_64-linux-gnu/libdl-2.31.so
7f09480ed000-7f09480ee000 r--p 00003000 08:05 19270293                   /usr/lib/x86_64-linux-gnu/libdl-2.31.so
7f09480ee000-7f09480ef000 r--p 00003000 08:05 19270293                   /usr/lib/x86_64-linux-gnu/libdl-2.31.so
7f09480ef000-7f09480f0000 rw-p 00004000 08:05 19270293                   /usr/lib/x86_64-linux-gnu/libdl-2.31.so
7f09480f0000-7f09480f2000 r--p 00000000 08:05 19267785                   /usr/lib/x86_64-linux-gnu/libz.so.1.2.11
7f09480f2000-7f0948103000 r-xp 00002000 08:05 19267785                   /usr/lib/x86_64-linux-gnu/libz.so.1.2.11
7f0948103000-7f0948109000 r--p 00013000 08:05 19267785                   /usr/lib/x86_64-linux-gnu/libz.so.1.2.11
7f0948109000-7f094810a000 ---p 00019000 08:05 19267785                   /usr/lib/x86_64-linux-gnu/libz.so.1.2.11
7f094810a000-7f094810b000 r--p 00019000 08:05 19267785                   /usr/lib/x86_64-linux-gnu/libz.so.1.2.11
7f094810b000-7f094810c000 rw-p 0001a000 08:05 19267785                   /usr/lib/x86_64-linux-gnu/libz.so.1.2.11
7f094810c000-7f0948131000 r--p 00000000 08:05 19270292                   /usr/lib/x86_64-linux-gnu/libc-2.31.so
7f0948131000-7f09482a9000 r-xp 00025000 08:05 19270292                   /usr/lib/x86_64-linux-gnu/libc-2.31.so
7f09482a9000-7f09482f3000 r--p 0019d000 08:05 19270292                   /usr/lib/x86_64-linux-gnu/libc-2.31.so
7f09482f3000-7f09482f4000 ---p 001e7000 08:05 19270292                   /usr/lib/x86_64-linux-gnu/libc-2.31.so
7f09482f4000-7f09482f7000 r--p 001e7000 08:05 19270292                   /usr/lib/x86_64-linux-gnu/libc-2.31.so
7f09482f7000-7f09482fa000 rw-p 001ea000 08:05 19270292                   /usr/lib/x86_64-linux-gnu/libc-2.31.so
7f09482fa000-7f09482fe000 rw-p 00000000 00:00 0 
7f09482fe000-7f09482ff000 ---p 00000000 00:00 0 
7f09482ff000-7f0948300000 r--p 00000000 00:00 0 
7f0948300000-7f0948305000 r--p 00000000 08:05 1052512                    /usr/lib/jvm/java-11-openjdk-amd64/lib/libverify.so
7f0948305000-7f094830c000 r-xp 00005000 08:05 1052512                    /usr/lib/jvm/java-11-openjdk-amd64/lib/libverify.so
7f094830c000-7f094830e000 r--p 0000c000 08:05 1052512                    /usr/lib/jvm/java-11-openjdk-amd64/lib/libverify.so
7f094830e000-7f094830f000 ---p 0000e000 08:05 1052512                    /usr/lib/jvm/java-11-openjdk-amd64/lib/libverify.so
7f094830f000-7f0948311000 r--p 0000e000 08:05 1052512                    /usr/lib/jvm/java-11-openjdk-amd64/lib/libverify.so
7f0948311000-7f0948312000 rw-p 00010000 08:05 1052512                    /usr/lib/jvm/java-11-openjdk-amd64/lib/libverify.so
7f0948312000-7f0948315000 r--p 00000000 08:05 1052089                    /usr/lib/jvm/java-11-openjdk-amd64/lib/jli/libjli.so
7f0948315000-7f094831f000 r-xp 00003000 08:05 1052089                    /usr/lib/jvm/java-11-openjdk-amd64/lib/jli/libjli.so
7f094831f000-7f0948322000 r--p 0000d000 08:05 1052089                    /usr/lib/jvm/java-11-openjdk-amd64/lib/jli/libjli.so
7f0948322000-7f0948323000 ---p 00010000 08:05 1052089                    /usr/lib/jvm/java-11-openjdk-amd64/lib/jli/libjli.so
7f0948323000-7f0948324000 r--p 00010000 08:05 1052089                    /usr/lib/jvm/java-11-openjdk-amd64/lib/jli/libjli.so
7f0948324000-7f0948325000 rw-p 00011000 08:05 1052089                    /usr/lib/jvm/java-11-openjdk-amd64/lib/jli/libjli.so
7f0948325000-7f0948327000 rw-p 00000000 00:00 0 
7f0948327000-7f0948328000 r--p 00000000 08:05 19269655                   /usr/lib/x86_64-linux-gnu/ld-2.31.so
7f0948328000-7f094834b000 r-xp 00001000 08:05 19269655                   /usr/lib/x86_64-linux-gnu/ld-2.31.so
7f094834b000-7f0948353000 r--p 00024000 08:05 19269655                   /usr/lib/x86_64-linux-gnu/ld-2.31.so
7f0948354000-7f0948355000 r--p 0002c000 08:05 19269655                   /usr/lib/x86_64-linux-gnu/ld-2.31.so
7f0948355000-7f0948356000 rw-p 0002d000 08:05 19269655                   /usr/lib/x86_64-linux-gnu/ld-2.31.so
7f0948356000-7f0948357000 rw-p 00000000 00:00 0 
7ffe834db000-7ffe834fd000 rw-p 00000000 00:00 0                          [stack]
7ffe83545000-7ffe83548000 r--p 00000000 00:00 0                          [vvar]
7ffe83548000-7ffe83549000 r-xp 00000000 00:00 0                          [vdso]
ffffffffff600000-ffffffffff601000 --xp 00000000 00:00 0                  [vsyscall]


VM Arguments:
jvm_args: --add-modules=ALL-SYSTEM --add-opens=java.base/java.util=ALL-UNNAMED --add-opens=java.base/java.lang=ALL-UNNAMED -Declipse.application=org.eclipse.jdt.ls.core.id1 -Dosgi.bundles.defaultStartLevel=4 -Declipse.product=org.eclipse.jdt.ls.core.product -Dfile.encoding=utf8 -XX:+UseParallelGC -XX:GCTimeRatio=4 -XX:AdaptiveSizePolicyWeight=90 -Dsun.zip.disableMemoryMapping=true -Xmx1G -Xms100m -javaagent:/home/junior/.vscode/extensions/gabrielbb.vscode-lombok-1.0.1/server/lombok.jar -Xverify:none 
java_command: /home/junior/.vscode/extensions/redhat.java-0.81.0/server/plugins/org.eclipse.equinox.launcher_1.6.200.v20210416-2027.jar -configuration /home/junior/.config/Code/User/globalStorage/redhat.java/0.81.0/config_linux -data /home/junior/.config/Code/User/workspaceStorage/2c1185c5ee7c04fc57a23c7e4dc6a99d/redhat.java/jdt_ws
java_class_path (initial): /home/junior/.vscode/extensions/redhat.java-0.81.0/server/plugins/org.eclipse.equinox.launcher_1.6.200.v20210416-2027.jar
Launcher Type: SUN_STANDARD

[Global flags]
    uintx AdaptiveSizePolicyWeight                 = 90                                        {product} {command line}
     bool BytecodeVerificationLocal                = false                                     {product} {command line}
     bool BytecodeVerificationRemote               = false                                     {product} {command line}
     intx CICompilerCount                          = 3                                         {product} {ergonomic}
    uintx GCTimeRatio                              = 4                                         {product} {command line}
   size_t InitialHeapSize                          = 104857600                                 {product} {command line}
   size_t MaxHeapSize                              = 1073741824                                {product} {command line}
   size_t MaxNewSize                               = 357564416                                 {product} {ergonomic}
   size_t MinHeapDeltaBytes                        = 524288                                    {product} {ergonomic}
   size_t NewSize                                  = 34603008                                  {product} {ergonomic}
    uintx NonNMethodCodeHeapSize                   = 5830732                                {pd product} {ergonomic}
    uintx NonProfiledCodeHeapSize                  = 122913754                              {pd product} {ergonomic}
   size_t OldSize                                  = 70254592                                  {product} {ergonomic}
    uintx ProfiledCodeHeapSize                     = 122913754                              {pd product} {ergonomic}
    uintx ReservedCodeCacheSize                    = 251658240                              {pd product} {ergonomic}
     bool SegmentedCodeCache                       = true                                      {product} {ergonomic}
     bool UseCompressedClassPointers               = true                                 {lp64_product} {ergonomic}
     bool UseCompressedOops                        = true                                 {lp64_product} {ergonomic}
     bool UseParallelGC                            = true                                      {product} {command line}

Logging:
Log output configuration:
 #0: stdout all=warning ass loaders and classes loaded.,level,9CÏˇ AÏˇ AÏˇ AÏˇ AÏˇ AÏˇ AÏˇ AÏˇ AÏˇ AÏˇ AÏˇ AÏˇ AÏˇ AÏˇ AÏˇ AÏˇ AÏˇ AÏˇ2CÏˇ+CÏˇ AÏˇ AÏˇCÏˇCÏˇ AÏˇ AÏˇ AÏˇ AÏˇCÏˇCÏˇCÏˇCÏˇ AÏˇ AÏˇ AÏˇ AÏˇ AÏˇ AÏˇ AÏˇ AÏˇ AÏˇDÏˇ$CÏˇ$AÏˇ
DÏˇ AÏˇ AÏˇ AÏˇ AÏˇYCÏˇRCÏˇCÏˇCÏˇ‹<Ïˇ’<Ïˇù=Ïˇù=Ïˇ‹<Ïˇ’<Ïˇñ=ÏˇÎ<Ïˇs=ÏˇG>ÏˇG>Ïˇ‰<Ïˇ@>Ïˇ9>Ïˇ|<ÏˇÔ=Ïˇˆ=Ïˇˆ=ÏˇÛ<ÏˇÔ=ÏˇË=Ïˇ=Ïˇ˚<Ïˇ•=Ïˇ•=Ïˇ=Ïˇ˚<Ïˇû=Ïˇ=Ïˇ=Ïˇ[=Ïˇ[=Ïˇ=Ïˇ=ÏˇT=Ïˇ0AÏˇ0AÏˇ0AÏˇ0AÏˇAÏˇAÏˇAÏˇ0AÏˇ0AÏˇAÏˇAÏˇAÏˇAÏˇAÏˇAÏˇAÏˇAÏˇAÏˇAÏˇAÏˇAÏˇAÏˇAÏˇAÏˇAÏˇAÏˇAÏˇAÏˇAÏˇAÏˇAÏˇAÏˇAÏˇAÏˇAÏˇ∞AÏˇAÏˇ∞AÏˇAÏˇ∞AÏˇ∞AÏˇAÏˇAÏˇAÏˇAÏˇAÏˇAÏˇAÏˇAÏˇAÏˇAÏˇAÏˇAÏˇAÏˇAÏˇAÏˇAÏˇAÏˇAÏˇAÏˇAÏˇAÏˇAÏˇAÏˇAÏˇAÏˇAÏˇAÏˇAÏˇAÏˇAÏˇAÏˇAÏˇAÏˇAÏˇAÏˇAÏˇAÏˇAÏˇAÏˇAÏˇAÏˇAÏˇAÏˇAÏˇAÏˇAÏˇAÏˇAÏˇAÏˇAÏˇAÏˇAÏˇAÏˇAÏˇAÏˇAÏˇAÏˇAÏˇAÏˇAÏˇAÏˇAÏˇAÏˇAÏˇAÏˇAÏˇAÏˇAÏˇAÏˇAÏˇAÏˇAÏˇAÏˇAÏˇ0AÏˇ0AÏˇAÏˇAÏˇAÏˇAÏˇAÏˇAÏˇAÏˇAÏˇAÏˇAÏˇ…AÏˇ…AÏˇAÏˇAÏˇAÏˇAÏˇAÏˇAÏˇAÏˇAÏˇAÏˇAÏˇAÏˇêAÏˇêAÏˇPAÏˇPAÏˇPAÏˇPAÏˇAÏˇPAÏˇPAÏˇAÏˇAÏˇPAÏˇAÏˇAÏˇPAÏˇPAÏˇAÏˇPAÏˇAÏˇPAÏˇPAÏˇAÏˇAÏˇAÏˇAÏˇAÏˇAÏˇAÏˇAÏˇAÏˇAÏˇAÏˇAÏˇAÏˇAÏˇAÏˇAÏˇAÏˇAÏˇAÏˇAÏˇAÏˇAÏˇAÏˇAÏˇAÏˇAÏˇAÏˇAÏˇAÏˇAÏˇ0AÏˇ0AÏˇAÏˇ0AÏˇ0AÏˇAÏˇAÏˇAÏˇAÏˇAÏˇAÏˇAÏˇAÏˇAÏˇAÏˇAÏˇAÏˇ0AÏˇ0AÏˇAÏˇAÏˇAÏˇAÏˇAÏˇAÏˇAÏˇAÏˇAÏˇAÏˇAÏˇAÏˇAÏˇAÏˇAÏˇêAÏˇêAÏˇAÏˇAÏˇAÏˇAÏˇAÏˇAÏˇAÏˇAÏˇAÏˇAÏˇAÏˇAÏˇAÏˇAÏˇAÏˇAÏˇAÏˇAÏˇAÏˇAÏˇAÏˇpAÏˇpAÏˇAÏˇAÏˇAÏˇAÏˇpAÏˇpAÏˇpAÏˇpAÏˇpAÏˇpAÏˇAÏˇAÏˇAÏˇAÏˇAÏˇAÏˇAÏˇ0AÏˇ0AÏˇ0AÏˇ0AÏˇAÏˇAÏˇAÏˇAÏˇêAÏˇêAÏˇ0AÏˇ0AÏˇkeÏˇsgÏˇçWÏˇ™bÏˇ^Ïˇg]Ïˇÿ>ÏˇÃ_ÏˇÍ=ÏˇÍ=ÏˇÍ=Ïˇ∆RÏˇ∆RÏˇÍ=ÏˇÍ=ÏˇÍ=ÏˇÍ=ÏˇÍ=ÏˇÍ=ÏˇÍ=ÏˇÍ=ÏˇÍ=ÏˇÍ=ÏˇÍ=ÏˇÍ=ÏˇÍ=ÏˇÍ=ÏˇÍ=ÏˇÍ=ÏˇÍ=ÏˇÍ=ÏˇÍ=ÏˇÍ=ÏˇÍ=ÏˇÍ=ÏˇÍ=ÏˇÍ=ÏˇÍ=ÏˇÍ=ÏˇUÏˇÍ=Ïˇ4jÏˇÍ=ÏˇÍ=ÏˇÍ=ÏˇÍ=ÏˇÍ=ÏˇÍ=ÏˇÍ=ÏˇÍ=ÏˇÍ=ÏˇÍ=ÏˇÍ=ÏˇÍ=ÏˇÍ=ÏˇÍ=ÏˇÍ=ÏˇÍ=ÏˇÍ=ÏˇÍ=ÏˇÍ=ÏˇÍ=ÏˇÍ=ÏˇÍ=ÏˇÍ=ÏˇÍ=ÏˇÍ=ÏˇÍ=ÏˇÍ=ÏˇÍ=ÏˇÍ=ÏˇÍ=ÏˇÍ=ÏˇÍ=ÏˇÍ=ÏˇÍ=ÏˇÍ=ÏˇÍ=ÏˇÍ=ÏˇÍ=ÏˇÍ=ÏˇÍ=ÏˇÍ=ÏˇÍ=ÏˇÍ=ÏˇÍ=ÏˇÍ=ÏˇÍ=ÏˇÍ=ÏˇÍ=ÏˇÍ=ÏˇÍ=ÏˇÍ=ÏˇÍ=ÏˇÍ=ÏˇÍ=ÏˇÍ=ÏˇÍ=ÏˇÍ=ÏˇÍ=ÏˇÍ=ÏˇÍ=ÏˇÍ=ÏˇÍ=ÏˇÍ=ÏˇÍ=ÏˇÍ=ÏˇÍ=ÏˇÍ=ÏˇÍ=ÏˇÍ=ÏˇÍ=ÏˇÍ=ÏˇÍ=ÏˇÍ=ÏˇÍ=ÏˇÍ=ÏˇÍ=ÏˇÍ=ÏˇçaÏˇØ^ÏˇÍ=ÏˇÍ=ÏˇÍ=ÏˇÍ=ÏˇÍ=ÏˇÍ=ÏˇÍ=ÏˇÍ=ÏˇÍ=ÏˇÍ=Ïˇ
 #1: stderr all=off ass loaders and classes loaded.,level,9CÏˇ AÏˇ AÏˇ AÏˇ AÏˇ AÏˇ AÏˇ AÏˇ AÏˇ AÏˇ AÏˇ AÏˇ AÏˇ AÏˇ AÏˇ AÏˇ AÏˇ AÏˇ2CÏˇ+CÏˇ AÏˇ AÏˇCÏˇCÏˇ AÏˇ AÏˇ AÏˇ AÏˇCÏˇCÏˇCÏˇCÏˇ AÏˇ AÏˇ AÏˇ AÏˇ AÏˇ AÏˇ AÏˇ AÏˇ AÏˇDÏˇ$CÏˇ$AÏˇ
DÏˇ AÏˇ AÏˇ AÏˇ AÏˇYCÏˇRCÏˇCÏˇCÏˇ‹<Ïˇ’<Ïˇù=Ïˇù=Ïˇ‹<Ïˇ’<Ïˇñ=ÏˇÎ<Ïˇs=ÏˇG>ÏˇG>Ïˇ‰<Ïˇ@>Ïˇ9>Ïˇ|<ÏˇÔ=Ïˇˆ=Ïˇˆ=ÏˇÛ<ÏˇÔ=ÏˇË=Ïˇ=Ïˇ˚<Ïˇ•=Ïˇ•=Ïˇ=Ïˇ˚<Ïˇû=Ïˇ=Ïˇ=Ïˇ[=Ïˇ[=Ïˇ=Ïˇ=ÏˇT=Ïˇ0AÏˇ0AÏˇ0AÏˇ0AÏˇAÏˇAÏˇAÏˇ0AÏˇ0AÏˇAÏˇAÏˇAÏˇAÏˇAÏˇAÏˇAÏˇAÏˇAÏˇAÏˇAÏˇAÏˇAÏˇAÏˇAÏˇAÏˇAÏˇAÏˇAÏˇAÏˇAÏˇAÏˇAÏˇAÏˇAÏˇAÏˇ∞AÏˇAÏˇ∞AÏˇAÏˇ∞AÏˇ∞AÏˇAÏˇAÏˇAÏˇAÏˇAÏˇAÏˇAÏˇAÏˇAÏˇAÏˇAÏˇAÏˇAÏˇAÏˇAÏˇAÏˇAÏˇAÏˇAÏˇAÏˇAÏˇAÏˇAÏˇAÏˇAÏˇAÏˇAÏˇAÏˇAÏˇAÏˇAÏˇAÏˇAÏˇAÏˇAÏˇAÏˇAÏˇAÏˇAÏˇAÏˇAÏˇAÏˇAÏˇAÏˇAÏˇAÏˇAÏˇAÏˇAÏˇAÏˇAÏˇAÏˇAÏˇAÏˇAÏˇAÏˇAÏˇAÏˇAÏˇAÏˇAÏˇAÏˇAÏˇAÏˇAÏˇAÏˇAÏˇAÏˇAÏˇAÏˇAÏˇAÏˇAÏˇAÏˇ0AÏˇ0AÏˇAÏˇAÏˇAÏˇAÏˇAÏˇAÏˇAÏˇAÏˇAÏˇAÏˇ…AÏˇ…AÏˇAÏˇAÏˇAÏˇAÏˇAÏˇAÏˇAÏˇAÏˇAÏˇAÏˇAÏˇêAÏˇêAÏˇPAÏˇPAÏˇPAÏˇPAÏˇAÏˇPAÏˇPAÏˇAÏˇAÏˇPAÏˇAÏˇAÏˇPAÏˇPAÏˇAÏˇPAÏˇAÏˇPAÏˇPAÏˇAÏˇAÏˇAÏˇAÏˇAÏˇAÏˇAÏˇAÏˇAÏˇAÏˇAÏˇAÏˇAÏˇAÏˇAÏˇAÏˇAÏˇAÏˇAÏˇAÏˇAÏˇAÏˇAÏˇAÏˇAÏˇAÏˇAÏˇAÏˇAÏˇAÏˇ0AÏˇ0AÏˇAÏˇ0AÏˇ0AÏˇAÏˇAÏˇAÏˇAÏˇAÏˇAÏˇAÏˇAÏˇAÏˇAÏˇAÏˇAÏˇ0AÏˇ0AÏˇAÏˇAÏˇAÏˇAÏˇAÏˇAÏˇAÏˇAÏˇAÏˇAÏˇAÏˇAÏˇAÏˇAÏˇAÏˇêAÏˇêAÏˇAÏˇAÏˇAÏˇAÏˇAÏˇAÏˇAÏˇAÏˇAÏˇAÏˇAÏˇAÏˇAÏˇAÏˇAÏˇAÏˇAÏˇAÏˇAÏˇAÏˇAÏˇpAÏˇpAÏˇAÏˇAÏˇAÏˇAÏˇpAÏˇpAÏˇpAÏˇpAÏˇpAÏˇpAÏˇAÏˇAÏˇAÏˇAÏˇAÏˇAÏˇAÏˇ0AÏˇ0AÏˇ0AÏˇ0AÏˇAÏˇAÏˇAÏˇAÏˇêAÏˇêAÏˇ0AÏˇ0AÏˇkeÏˇsgÏˇçWÏˇ™bÏˇ^Ïˇg]Ïˇÿ>ÏˇÃ_ÏˇÍ=ÏˇÍ=ÏˇÍ=Ïˇ∆RÏˇ∆RÏˇÍ=ÏˇÍ=ÏˇÍ=ÏˇÍ=ÏˇÍ=ÏˇÍ=ÏˇÍ=ÏˇÍ=ÏˇÍ=ÏˇÍ=ÏˇÍ=ÏˇÍ=ÏˇÍ=ÏˇÍ=ÏˇÍ=ÏˇÍ=ÏˇÍ=ÏˇÍ=ÏˇÍ=ÏˇÍ=ÏˇÍ=ÏˇÍ=ÏˇÍ=ÏˇÍ=ÏˇÍ=ÏˇÍ=ÏˇUÏˇÍ=Ïˇ4jÏˇÍ=ÏˇÍ=ÏˇÍ=ÏˇÍ=ÏˇÍ=ÏˇÍ=ÏˇÍ=ÏˇÍ=ÏˇÍ=ÏˇÍ=ÏˇÍ=ÏˇÍ=ÏˇÍ=ÏˇÍ=ÏˇÍ=ÏˇÍ=ÏˇÍ=ÏˇÍ=ÏˇÍ=ÏˇÍ=ÏˇÍ=ÏˇÍ=ÏˇÍ=ÏˇÍ=ÏˇÍ=ÏˇÍ=ÏˇÍ=ÏˇÍ=ÏˇÍ=ÏˇÍ=ÏˇÍ=ÏˇÍ=ÏˇÍ=ÏˇÍ=ÏˇÍ=ÏˇÍ=ÏˇÍ=ÏˇÍ=ÏˇÍ=ÏˇÍ=ÏˇÍ=ÏˇÍ=ÏˇÍ=ÏˇÍ=ÏˇÍ=ÏˇÍ=ÏˇÍ=ÏˇÍ=ÏˇÍ=ÏˇÍ=ÏˇÍ=ÏˇÍ=ÏˇÍ=ÏˇÍ=ÏˇÍ=ÏˇÍ=ÏˇÍ=ÏˇÍ=ÏˇÍ=ÏˇÍ=ÏˇÍ=ÏˇÍ=ÏˇÍ=ÏˇÍ=ÏˇÍ=ÏˇÍ=ÏˇÍ=ÏˇÍ=ÏˇÍ=ÏˇÍ=ÏˇÍ=ÏˇÍ=ÏˇÍ=ÏˇÍ=ÏˇÍ=ÏˇÍ=ÏˇÍ=ÏˇçaÏˇØ^ÏˇÍ=ÏˇÍ=ÏˇÍ=ÏˇÍ=ÏˇÍ=ÏˇÍ=ÏˇÍ=ÏˇÍ=ÏˇÍ=ÏˇÍ=Ïˇ

Environment Variables:
PATH=/usr/local/sbin:/usr/local/bin:/usr/sbin:/usr/bin:/sbin:/bin:/usr/games:/usr/local/games:/snap/bin
SHELL=/bin/bash
DISPLAY=:0.0
LANG=en_US.UTF-8
LC_CTYPE=pt_BR.UTF-8

Signal Handlers:
SIGSEGV: [libjvm.so+0xe8ba00], sa_mask[0]=11111111011111111101111111111110, sa_flags=SA_RESTART|SA_SIGINFO
SIGBUS: [libjvm.so+0xe8ba00], sa_mask[0]=11111111011111111101111111111110, sa_flags=SA_RESTART|SA_SIGINFO
SIGFPE: [libjvm.so+0xe8ba00], sa_mask[0]=11111111011111111101111111111110, sa_flags=SA_RESTART|SA_SIGINFO
SIGPIPE: [libjvm.so+0xbd10f0], sa_mask[0]=11111111011111111101111111111110, sa_flags=SA_RESTART|SA_SIGINFO
SIGXFSZ: [libjvm.so+0xbd10f0], sa_mask[0]=11111111011111111101111111111110, sa_flags=SA_RESTART|SA_SIGINFO
SIGILL: [libjvm.so+0xe8ba00], sa_mask[0]=11111111011111111101111111111110, sa_flags=SA_RESTART|SA_SIGINFO
SIGUSR2: [libjvm.so+0xbd0f90], sa_mask[0]=00000000000000000000000000000000, sa_flags=SA_RESTART|SA_SIGINFO
SIGHUP: [libjvm.so+0xbd1430], sa_mask[0]=11111111011111111101111111111110, sa_flags=SA_RESTART|SA_SIGINFO
SIGINT: [libjvm.so+0xbd1430], sa_mask[0]=11111111011111111101111111111110, sa_flags=SA_RESTART|SA_SIGINFO
SIGTERM: [libjvm.so+0xbd1430], sa_mask[0]=11111111011111111101111111111110, sa_flags=SA_RESTART|SA_SIGINFO
SIGQUIT: [libjvm.so+0xbd1430], sa_mask[0]=11111111011111111101111111111110, sa_flags=SA_RESTART|SA_SIGINFO


---------------  S Y S T E M  ---------------

OS:DISTRIB_ID=Ubuntu
DISTRIB_RELEASE=20.04
DISTRIB_CODENAME=focal
DISTRIB_DESCRIPTION="Ubuntu 20.04.3 LTS"
uname:Linux 5.4.0-81-generic #91-Ubuntu SMP Thu Jul 15 19:09:17 UTC 2021 x86_64
OS uptime: 0 days 0:30 hours
libc:glibc 2.31 NPTL 2.31 
rlimit (soft/hard): STACK 8192k/infinity , CORE 0k/infinity , NPROC 30813/30813 , NOFILE 1048576/1048576 , AS infinity/infinity , CPU infinity/infinity , DATA infinity/infinity , FSIZE infinity/infinity , MEMLOCK 65536k/65536k
load average:5,42 2,57 2,06

/proc/meminfo:
MemTotal:        7947112 kB
MemFree:          547284 kB
MemAvailable:     834992 kB
Buffers:           38908 kB
Cached:           685832 kB
SwapCached:        71780 kB
Active:          5878744 kB
Inactive:        1185540 kB
Active(anon):    5600988 kB
Inactive(anon):   987304 kB
Active(file):     277756 kB
Inactive(file):   198236 kB
Unevictable:       53428 kB
Mlocked:              64 kB
SwapTotal:       2097148 kB
SwapFree:        1553172 kB
Dirty:               756 kB
Writeback:             0 kB
AnonPages:       6367472 kB
Mapped:           379452 kB
Shmem:            249592 kB
KReclaimable:      65044 kB
Slab:             183920 kB
SReclaimable:      65044 kB
SUnreclaim:       118876 kB
KernelStack:       13808 kB
PageTables:        35428 kB
NFS_Unstable:          0 kB
Bounce:                0 kB
WritebackTmp:          0 kB
CommitLimit:     6070704 kB
Committed_AS:   13770844 kB
VmallocTotal:   34359738367 kB
VmallocUsed:       29376 kB
VmallocChunk:          0 kB
Percpu:             3344 kB
HardwareCorrupted:     0 kB
AnonHugePages:         0 kB
ShmemHugePages:        0 kB
ShmemPmdMapped:        0 kB
FileHugePages:         0 kB
FilePmdMapped:         0 kB
CmaTotal:              0 kB
CmaFree:               0 kB
HugePages_Total:       0
HugePages_Free:        0
HugePages_Rsvd:        0
HugePages_Surp:        0
Hugepagesize:       2048 kB
Hugetlb:               0 kB
DirectMap4k:      236616 kB
DirectMap2M:     7946240 kB

/sys/kernel/mm/transparent_hugepage/enabled:
always [madvise] never
/sys/kernel/mm/transparent_hugepage/defrag (defrag/compaction efforts parameter):
always defer defer+madvise [madvise] never

Process Memory:
Virtual Size: 4870368K (peak: 12135192K)
Resident Set Size: 407216K (peak: 423648K) (anon: 388396K, file: 18820K, shmem: 0K)
Swapped out: 0K
C-Heap outstanding allocations: 27759K

/proc/sys/kernel/threads-max (system-wide limit on the number of threads):
61627
/proc/sys/vm/max_map_count (maximum number of memory map areas a process may have):
65530
/proc/sys/kernel/pid_max (system-wide limit on number of process identifiers):
4194304

container (cgroup) information:
container_type: cgroupv1
cpu_cpuset_cpus: 0-3
cpu_memory_nodes: 0
active_processor_count: 4
cpu_quota: -1
cpu_period: 100000
cpu_shares: -1
memory_limit_in_bytes: -1
memory_and_swap_limit_in_bytes: -2
memory_soft_limit_in_bytes: -1
memory_usage_in_bytes: 2193272832
memory_max_usage_in_bytes: 2675503104

Steal ticks since vm start: 0
Steal ticks percentage since vm start:  0,000

CPU:total 4 (initial active 4) (2 cores per cpu, 2 threads per core) family 6 model 37 stepping 5 microcode 0x7, cmov, cx8, fxsr, mmx, sse, sse2, sse3, ssse3, sse4.1, sse4.2, popcnt, ht, tsc, tscinvbit
CPU Model and flags from /proc/cpuinfo:
model name	: Intel(R) Core(TM) i5 CPU       M 480  @ 2.67GHz
flags		: fpu vme de pse tsc msr pae mce cx8 apic sep mtrr pge mca cmov pat pse36 clflush dts acpi mmx fxsr sse sse2 ht tm pbe syscall nx rdtscp lm constant_tsc arch_perfmon pebs bts rep_good nopl xtopology nonstop_tsc cpuid aperfmperf pni dtes64 monitor ds_cpl vmx est tm2 ssse3 cx16 xtpr pdcm pcid sse4_1 sse4_2 popcnt lahf_lm pti ssbd ibrs ibpb stibp tpr_shadow vnmi flexpriority ept vpid dtherm ida arat flush_l1d
Online cpus:
0-3
Offline cpus:

BIOS frequency limitation:
2661000
Frequency switch latency (ns):
10000
Available cpu frequencies:
2661000 2660000 2527000 2394000 2261000 2128000 1995000 1862000 1729000 1197000 
Current governor:
ondemand
Core performance/turbo boost:
1

Memory: 4k page, physical 7947112k(547284k free), swap 2097148k(1553172k free)

vm_info: OpenJDK 64-Bit Server VM (11.0.11+9-Ubuntu-0ubuntu2.20.04) for linux-amd64 JRE (11.0.11+9-Ubuntu-0ubuntu2.20.04), built on Apr 21 2021 09:15:32 by "unknown" with gcc 9.3.0

END.
